2018-08-31 18:32:14,033  INFO (main:dweb.aut.pages.templates.TestTemplateMethodLevelInit:beforeSuite:68) - Suite To Be Executed Next -  SuiteRegression
2018-08-31 18:32:14,269  INFO (TestNG-tests-1:dweb.aut.pages.templates.TestTemplateMethodLevelInit:beforeTest:94) - Thread - 12, Executes Next Test - test 
2018-08-31 18:32:14,269  INFO (TestNG-tests-1:dweb.test.templates.TestTemplate:getTestParameter:51) - Test Execution Input Parameter = automationKit, Value = selenium
2018-08-31 18:32:14,278  INFO (TestNG-tests-1:dweb.aut.pages.templates.TestTemplateMethodLevelInit:beforeMethod:162) - Thread - 12 , Executes Next Test Method - QA048_UpdatingOrRemovingOrder_LibrariesViaFacilityAppForDetailsType
2018-08-31 18:32:14,281  INFO (TestNG-tests-1:com.testreport.ExtentReporter:initTestCase:99) - ExtentTest Created - com.aventstack.extentreports.ExtentTest@327bab4 Created, With Name - test-QA048_UpdatingOrRemovingOrder_LibrariesViaFacilityAppForDetailsType
2018-08-31 18:32:14,281  INFO (TestNG-tests-1:dweb.test.templates.TestTemplate:getTestParameter:51) - Test Execution Input Parameter = appURL, Value = https://devclient.bluestrataemr.com/qa2
2018-08-31 18:32:14,281  INFO (TestNG-tests-1:dweb.test.templates.TestTemplate:getTestParameter:51) - Test Execution Input Parameter = automationKit, Value = selenium
2018-08-31 18:32:24,778  INFO (TestNG-tests-1:com.factories.WebDriverFactory:getLocalWebDriver:95) - Driver Initialized For Browser - IE
2018-08-31 18:32:29,856  INFO (TestNG-tests-1:com.testreport.ExtentReporter:logSuccess:134) - StepName - Application URL , StepDescription - Application URL :- <mark>https://devclient.bluestrataemr.com/qa2</mark> Passed
2018-08-31 18:32:29,857  INFO (TestNG-tests-1:dweb.aut.pages.templates.TestTemplateMethodLevelInit:beforeMethod:205) - <mark>Test Case Starts </mark>
2018-08-31 18:32:29,858  INFO (TestNG-tests-1:dweb.test.templates.TestTemplate:getTestParameter:51) - Test Execution Input Parameter = userName, Value = tester2
2018-08-31 18:32:29,860  INFO (TestNG-tests-1:dweb.test.templates.TestTemplate:getTestParameter:51) - Test Execution Input Parameter = password, Value = testerPASS2
2018-08-31 18:32:35,057  INFO (TestNG-tests-1:dweb.aut.pages.templates.PageTemplate:isElementPresent:405) - Element Present - (By - By.xpath: //input[@placeholder='Username'] )
2018-08-31 18:32:35,058  INFO (TestNG-tests-1:com.testreport.ExtentReporter:logSuccess:134) - StepName - isElementPresent, StepDescription - Element Present - (By - By.xpath: //input[@placeholder='Username'] ) Passed
2018-08-31 18:32:37,183  INFO (TestNG-tests-1:dweb.aut.pages.templates.PageTemplate:isElementPresent:405) - Element Present - (By - By.xpath: //input[@placeholder='Username'] )
2018-08-31 18:32:37,183  INFO (TestNG-tests-1:com.testreport.ExtentReporter:logSuccess:134) - StepName - isElementPresent, StepDescription - Element Present - (By - By.xpath: //input[@placeholder='Username'] ) Passed
2018-08-31 18:32:37,185  INFO (TestNG-tests-1:com.testreport.ExtentReporter:logSuccess:134) - StepName - Element Present, StepDescription - Element is present - <mark>User Name</mark> Passed
2018-08-31 18:32:37,189  INFO (TestNG-tests-1:dweb.aut.pages.templates.PageTemplate:waitUntilElementIsClickable:337) - Element clickable - (By - By.xpath: //input[@placeholder='Username'] )
2018-08-31 18:32:37,190  INFO (TestNG-tests-1:com.testreport.ExtentReporter:logSuccess:134) - StepName - waitUntilElementIsClickable, StepDescription - Element clickable - (By - By.xpath: //input[@placeholder='Username'] ) Passed
2018-08-31 18:32:40,325  INFO (TestNG-tests-1:dweb.aut.pages.templates.PageTemplate:sendKeys:58) - SendKeys Successful - (By - By.xpath: //input[@placeholder='Username'] , text - tester2)
2018-08-31 18:32:40,325  INFO (TestNG-tests-1:com.testreport.ExtentReporter:logSuccess:134) - StepName - SendKeys, StepDescription - Entered Text - <mark>tester2</mark> To Locator - <mark>By.xpath: //input[@placeholder='Username'] </mark> Passed
2018-08-31 18:32:42,458  INFO (TestNG-tests-1:dweb.aut.pages.templates.PageTemplate:isElementPresent:405) - Element Present - (By - By.xpath: //input[@placeholder='Password'] )
2018-08-31 18:32:42,459  INFO (TestNG-tests-1:com.testreport.ExtentReporter:logSuccess:134) - StepName - isElementPresent, StepDescription - Element Present - (By - By.xpath: //input[@placeholder='Password'] ) Passed
2018-08-31 18:32:44,581  INFO (TestNG-tests-1:dweb.aut.pages.templates.PageTemplate:isElementPresent:405) - Element Present - (By - By.xpath: //input[@placeholder='Password'] )
2018-08-31 18:32:44,582  INFO (TestNG-tests-1:com.testreport.ExtentReporter:logSuccess:134) - StepName - isElementPresent, StepDescription - Element Present - (By - By.xpath: //input[@placeholder='Password'] ) Passed
2018-08-31 18:32:44,582  INFO (TestNG-tests-1:com.testreport.ExtentReporter:logSuccess:134) - StepName - Element Present, StepDescription - Element is present - <mark>Password</mark> Passed
2018-08-31 18:32:44,583  INFO (TestNG-tests-1:dweb.aut.pages.templates.PageTemplate:waitUntilElementIsClickable:337) - Element clickable - (By - By.xpath: //input[@placeholder='Password'] )
2018-08-31 18:32:44,583  INFO (TestNG-tests-1:com.testreport.ExtentReporter:logSuccess:134) - StepName - waitUntilElementIsClickable, StepDescription - Element clickable - (By - By.xpath: //input[@placeholder='Password'] ) Passed
2018-08-31 18:32:47,763  INFO (TestNG-tests-1:dweb.aut.pages.templates.PageTemplate:sendKeys:58) - SendKeys Successful - (By - By.xpath: //input[@placeholder='Password'] , text - testerPASS2)
2018-08-31 18:32:47,763  INFO (TestNG-tests-1:com.testreport.ExtentReporter:logSuccess:134) - StepName - SendKeys, StepDescription - Entered Text - <mark>testerPASS2</mark> To Locator - <mark>By.xpath: //input[@placeholder='Password'] </mark> Passed
2018-08-31 18:32:49,913  INFO (TestNG-tests-1:dweb.aut.pages.templates.PageTemplate:isElementPresent:405) - Element Present - (By - By.xpath: //button[text()='Sign in'])
2018-08-31 18:32:49,914  INFO (TestNG-tests-1:com.testreport.ExtentReporter:logSuccess:134) - StepName - isElementPresent, StepDescription - Element Present - (By - By.xpath: //button[text()='Sign in']) Passed
2018-08-31 18:32:52,004  INFO (TestNG-tests-1:dweb.aut.pages.templates.PageTemplate:isElementPresent:405) - Element Present - (By - By.xpath: //button[text()='Sign in'])
2018-08-31 18:32:52,005  INFO (TestNG-tests-1:com.testreport.ExtentReporter:logSuccess:134) - StepName - isElementPresent, StepDescription - Element Present - (By - By.xpath: //button[text()='Sign in']) Passed
2018-08-31 18:32:52,005  INFO (TestNG-tests-1:com.testreport.ExtentReporter:logSuccess:134) - StepName - Element Present, StepDescription - Element is present - <mark>Sign In Button</mark> Passed
2018-08-31 18:32:52,005  INFO (TestNG-tests-1:dweb.aut.pages.templates.PageTemplate:waitUntilElementIsClickable:337) - Element clickable - (By - By.xpath: //button[text()='Sign in'])
2018-08-31 18:32:52,005  INFO (TestNG-tests-1:com.testreport.ExtentReporter:logSuccess:134) - StepName - waitUntilElementIsClickable, StepDescription - Element clickable - (By - By.xpath: //button[text()='Sign in']) Passed
2018-08-31 18:32:52,006  INFO (TestNG-tests-1:dweb.aut.pages.templates.PageTemplate:waitUntilElementIsClickable:337) - Element clickable - (By - By.xpath: //button[text()='Sign in'])
2018-08-31 18:32:52,006  INFO (TestNG-tests-1:com.testreport.ExtentReporter:logSuccess:134) - StepName - waitUntilElementIsClickable, StepDescription - Element clickable - (By - By.xpath: //button[text()='Sign in']) Passed
2018-08-31 18:32:52,130  INFO (TestNG-tests-1:dweb.aut.pages.templates.PageTemplate:click:157) - Click Successful - (By - Sign In Button)
2018-08-31 18:32:52,130  INFO (TestNG-tests-1:com.testreport.ExtentReporter:logSuccess:134) - StepName - Click, StepDescription - Click Performed On Locator - <mark>Sign In Button</mark> Passed
2018-08-31 18:32:57,130  INFO (TestNG-tests-1:dweb.test.templates.TestTemplate:getTestParameter:51) - Test Execution Input Parameter = browserName, Value = ie
2018-08-31 18:32:57,131  INFO (TestNG-tests-1:com.testreport.ExtentReporter:logInfo:184) - Thread - 12 , Executes Next Test Method - QA048_UpdatingOrRemovingOrder_LibrariesViaFacilityAppForDetailsType On Browser - ie
2018-08-31 18:33:04,007  INFO (TestNG-tests-1:dweb.aut.pages.templates.PageTemplate:isElementPresent:405) - Element Present - (By - By.xpath: //div[contains(@class,'col-md-auto')]//button)
2018-08-31 18:33:04,008  INFO (TestNG-tests-1:com.testreport.ExtentReporter:logSuccess:134) - StepName - isElementPresent, StepDescription - Element Present - (By - By.xpath: //div[contains(@class,'col-md-auto')]//button) Passed
2018-08-31 18:33:04,008  INFO (TestNG-tests-1:com.testreport.ExtentReporter:logSuccess:134) - StepName - Element Present, StepDescription - Element is present - <mark>Menu Button</mark> Passed
2018-08-31 18:33:04,008  INFO (TestNG-tests-1:dweb.aut.pages.templates.PageTemplate:waitUntilElementIsClickable:337) - Element clickable - (By - By.xpath: //div[contains(@class,'col-md-auto')]//button)
2018-08-31 18:33:04,008  INFO (TestNG-tests-1:com.testreport.ExtentReporter:logSuccess:134) - StepName - waitUntilElementIsClickable, StepDescription - Element clickable - (By - By.xpath: //div[contains(@class,'col-md-auto')]//button) Passed
2018-08-31 18:33:04,009  INFO (TestNG-tests-1:dweb.aut.pages.templates.PageTemplate:waitUntilElementIsClickable:337) - Element clickable - (By - By.xpath: //div[contains(@class,'col-md-auto')]//button)
2018-08-31 18:33:04,009  INFO (TestNG-tests-1:com.testreport.ExtentReporter:logSuccess:134) - StepName - waitUntilElementIsClickable, StepDescription - Element clickable - (By - By.xpath: //div[contains(@class,'col-md-auto')]//button) Passed
2018-08-31 18:33:04,174  INFO (TestNG-tests-1:dweb.aut.pages.templates.PageTemplate:click:157) - Click Successful - (By - Menu Button)
2018-08-31 18:33:04,174  INFO (TestNG-tests-1:com.testreport.ExtentReporter:logSuccess:134) - StepName - Click, StepDescription - Click Performed On Locator - <mark>Menu Button</mark> Passed
2018-08-31 18:33:04,174  INFO (TestNG-tests-1:dweb.aut.pages.templates.PageTemplate:waitUntilElementIsClickable:337) - Element clickable - (By - By.xpath: //div[@class='modal-content']//img[@src='https://cdn.bluestrataemr.com/Images/Menu/sigma_educationicons_school_128.png'])
2018-08-31 18:33:04,174  INFO (TestNG-tests-1:com.testreport.ExtentReporter:logSuccess:134) - StepName - waitUntilElementIsClickable, StepDescription - Element clickable - (By - By.xpath: //div[@class='modal-content']//img[@src='https://cdn.bluestrataemr.com/Images/Menu/sigma_educationicons_school_128.png']) Passed
2018-08-31 18:33:04,174  INFO (TestNG-tests-1:dweb.aut.pages.templates.PageTemplate:waitUntilElementIsClickable:337) - Element clickable - (By - By.xpath: //div[@class='modal-content']//img[@src='https://cdn.bluestrataemr.com/Images/Menu/sigma_educationicons_school_128.png'])
2018-08-31 18:33:04,175  INFO (TestNG-tests-1:com.testreport.ExtentReporter:logSuccess:134) - StepName - waitUntilElementIsClickable, StepDescription - Element clickable - (By - By.xpath: //div[@class='modal-content']//img[@src='https://cdn.bluestrataemr.com/Images/Menu/sigma_educationicons_school_128.png']) Passed
2018-08-31 18:33:04,350  INFO (TestNG-tests-1:dweb.aut.pages.templates.PageTemplate:click:157) - Click Successful - (By - Facility Portal Option)
2018-08-31 18:33:04,351  INFO (TestNG-tests-1:com.testreport.ExtentReporter:logSuccess:134) - StepName - Click, StepDescription - Click Performed On Locator - <mark>Facility Portal Option</mark> Passed
2018-08-31 18:33:06,451  INFO (TestNG-tests-1:dweb.aut.pages.templates.PageTemplate:isElementPresent:405) - Element Present - (By - By.xpath: //button[text()='Maintenance'])
2018-08-31 18:33:06,452  INFO (TestNG-tests-1:com.testreport.ExtentReporter:logSuccess:134) - StepName - isElementPresent, StepDescription - Element Present - (By - By.xpath: //button[text()='Maintenance']) Passed
2018-08-31 18:33:08,590  INFO (TestNG-tests-1:dweb.aut.pages.templates.PageTemplate:isElementPresent:405) - Element Present - (By - By.xpath: //button[text()='Maintenance'])
2018-08-31 18:33:08,591  INFO (TestNG-tests-1:com.testreport.ExtentReporter:logSuccess:134) - StepName - isElementPresent, StepDescription - Element Present - (By - By.xpath: //button[text()='Maintenance']) Passed
2018-08-31 18:33:08,591  INFO (TestNG-tests-1:com.testreport.ExtentReporter:logSuccess:134) - StepName - Element Present, StepDescription - Element is present - <mark>Maintenance</mark> Passed
2018-08-31 18:33:08,591  INFO (TestNG-tests-1:dweb.aut.pages.templates.PageTemplate:waitUntilElementIsClickable:337) - Element clickable - (By - By.xpath: //button[text()='Maintenance'])
2018-08-31 18:33:08,591  INFO (TestNG-tests-1:com.testreport.ExtentReporter:logSuccess:134) - StepName - waitUntilElementIsClickable, StepDescription - Element clickable - (By - By.xpath: //button[text()='Maintenance']) Passed
2018-08-31 18:33:08,592  INFO (TestNG-tests-1:dweb.aut.pages.templates.PageTemplate:waitUntilElementIsClickable:337) - Element clickable - (By - By.xpath: //button[text()='Maintenance'])
2018-08-31 18:33:08,592  INFO (TestNG-tests-1:com.testreport.ExtentReporter:logSuccess:134) - StepName - waitUntilElementIsClickable, StepDescription - Element clickable - (By - By.xpath: //button[text()='Maintenance']) Passed
2018-08-31 18:33:08,763  INFO (TestNG-tests-1:dweb.aut.pages.templates.PageTemplate:click:157) - Click Successful - (By - Maintenance)
2018-08-31 18:33:08,765  INFO (TestNG-tests-1:com.testreport.ExtentReporter:logSuccess:134) - StepName - Click, StepDescription - Click Performed On Locator - <mark>Maintenance</mark> Passed
2018-08-31 18:33:10,862  INFO (TestNG-tests-1:dweb.aut.pages.templates.PageTemplate:isElementPresent:405) - Element Present - (By - By.xpath: //button[text()='Manage Order Sets'])
2018-08-31 18:33:10,862  INFO (TestNG-tests-1:com.testreport.ExtentReporter:logSuccess:134) - StepName - isElementPresent, StepDescription - Element Present - (By - By.xpath: //button[text()='Manage Order Sets']) Passed
2018-08-31 18:33:12,983  INFO (TestNG-tests-1:dweb.aut.pages.templates.PageTemplate:isElementPresent:405) - Element Present - (By - By.xpath: //button[text()='Manage Order Sets'])
2018-08-31 18:33:12,983  INFO (TestNG-tests-1:com.testreport.ExtentReporter:logSuccess:134) - StepName - isElementPresent, StepDescription - Element Present - (By - By.xpath: //button[text()='Manage Order Sets']) Passed
2018-08-31 18:33:12,983  INFO (TestNG-tests-1:com.testreport.ExtentReporter:logSuccess:134) - StepName - Element Present, StepDescription - Element is present - <mark>Manage Order Sets</mark> Passed
2018-08-31 18:33:15,102  INFO (TestNG-tests-1:dweb.aut.pages.templates.PageTemplate:isElementPresent:405) - Element Present - (By - By.xpath: //button[text()='Manage Order Library'])
2018-08-31 18:33:15,102  INFO (TestNG-tests-1:com.testreport.ExtentReporter:logSuccess:134) - StepName - isElementPresent, StepDescription - Element Present - (By - By.xpath: //button[text()='Manage Order Library']) Passed
2018-08-31 18:33:15,103  INFO (TestNG-tests-1:com.testreport.ExtentReporter:logSuccess:134) - StepName - Element Present, StepDescription - Element is present - <mark>Manage Order Library</mark> Passed
2018-08-31 18:33:15,103  INFO (TestNG-tests-1:dweb.aut.pages.templates.PageTemplate:waitUntilElementIsClickable:337) - Element clickable - (By - By.xpath: //button[text()='Manage Order Library'])
2018-08-31 18:33:15,103  INFO (TestNG-tests-1:com.testreport.ExtentReporter:logSuccess:134) - StepName - waitUntilElementIsClickable, StepDescription - Element clickable - (By - By.xpath: //button[text()='Manage Order Library']) Passed
2018-08-31 18:33:15,103  INFO (TestNG-tests-1:dweb.aut.pages.templates.PageTemplate:waitUntilElementIsClickable:337) - Element clickable - (By - By.xpath: //button[text()='Manage Order Library'])
2018-08-31 18:33:15,103  INFO (TestNG-tests-1:com.testreport.ExtentReporter:logSuccess:134) - StepName - waitUntilElementIsClickable, StepDescription - Element clickable - (By - By.xpath: //button[text()='Manage Order Library']) Passed
2018-08-31 18:33:15,316  INFO (TestNG-tests-1:dweb.aut.pages.templates.PageTemplate:click:157) - Click Successful - (By - )
2018-08-31 18:33:15,317  INFO (TestNG-tests-1:com.testreport.ExtentReporter:logSuccess:134) - StepName - Click, StepDescription - Click Performed On Locator - <mark></mark> Passed
2018-08-31 18:33:17,387  INFO (TestNG-tests-1:dweb.aut.pages.templates.PageTemplate:isElementPresent:405) - Element Present - (By - By.xpath: //button[@id='typeDropDown'])
2018-08-31 18:33:17,387  INFO (TestNG-tests-1:com.testreport.ExtentReporter:logSuccess:134) - StepName - isElementPresent, StepDescription - Element Present - (By - By.xpath: //button[@id='typeDropDown']) Passed
2018-08-31 18:33:17,388  INFO (TestNG-tests-1:com.testreport.ExtentReporter:logSuccess:134) - StepName - Element Present, StepDescription - Element is present - <mark>Order Template Filter By Type</mark> Passed
2018-08-31 18:33:17,388  INFO (TestNG-tests-1:dweb.aut.pages.templates.PageTemplate:waitUntilElementIsClickable:337) - Element clickable - (By - By.xpath: //button[@id='typeDropDown'])
2018-08-31 18:33:17,388  INFO (TestNG-tests-1:com.testreport.ExtentReporter:logSuccess:134) - StepName - waitUntilElementIsClickable, StepDescription - Element clickable - (By - By.xpath: //button[@id='typeDropDown']) Passed
2018-08-31 18:33:17,388  INFO (TestNG-tests-1:dweb.aut.pages.templates.PageTemplate:waitUntilElementIsClickable:337) - Element clickable - (By - By.xpath: //button[@id='typeDropDown'])
2018-08-31 18:33:17,389  INFO (TestNG-tests-1:com.testreport.ExtentReporter:logSuccess:134) - StepName - waitUntilElementIsClickable, StepDescription - Element clickable - (By - By.xpath: //button[@id='typeDropDown']) Passed
2018-08-31 18:33:17,517  INFO (TestNG-tests-1:dweb.aut.pages.templates.PageTemplate:click:157) - Click Successful - (By - Order Template Filter By Type)
2018-08-31 18:33:17,517  INFO (TestNG-tests-1:com.testreport.ExtentReporter:logSuccess:134) - StepName - Click, StepDescription - Click Performed On Locator - <mark>Order Template Filter By Type</mark> Passed
2018-08-31 18:33:18,875  INFO (TestNG-tests-1:com.testreport.ExtentReporter:logSuccess:134) - StepName - Order Type , StepDescription -  Order Type Present in the List - <mark>[Ancillaries, Diet, Lab, Nursing, Nursing Monitoring, Therapy, Treatment]</mark>  Passed
2018-08-31 18:33:18,987  INFO (TestNG-tests-1:dweb.aut.pages.templates.PageTemplate:waitUntilElementIsClickable:337) - Element clickable - (By - By.xpath: (//button[@id='typeDropDown']//following-sibling::div/button)[1])
2018-08-31 18:33:18,988  INFO (TestNG-tests-1:com.testreport.ExtentReporter:logSuccess:134) - StepName - waitUntilElementIsClickable, StepDescription - Element clickable - (By - By.xpath: (//button[@id='typeDropDown']//following-sibling::div/button)[1]) Passed
2018-08-31 18:33:18,988  INFO (TestNG-tests-1:dweb.aut.pages.templates.PageTemplate:waitUntilElementIsClickable:337) - Element clickable - (By - By.xpath: (//button[@id='typeDropDown']//following-sibling::div/button)[1])
2018-08-31 18:33:18,988  INFO (TestNG-tests-1:com.testreport.ExtentReporter:logSuccess:134) - StepName - waitUntilElementIsClickable, StepDescription - Element clickable - (By - By.xpath: (//button[@id='typeDropDown']//following-sibling::div/button)[1]) Passed
2018-08-31 18:33:19,099  INFO (TestNG-tests-1:dweb.aut.pages.templates.PageTemplate:click:157) - Click Successful - (By - Type Clicked)
2018-08-31 18:33:19,099  INFO (TestNG-tests-1:com.testreport.ExtentReporter:logSuccess:134) - StepName - Click, StepDescription - Click Performed On Locator - <mark>Type Clicked</mark> Passed
2018-08-31 18:33:23,488  INFO (TestNG-tests-1:com.testreport.ExtentReporter:logSuccess:134) - StepName - Order Type , StepDescription - No of Description : <mark>25</mark> , No of Update Button : <mark>25</mark> , No of Remove Button : <mark>25</mark> in Order Type: <mark>Ancillaries</mark>   Passed
2018-08-31 18:33:23,689  INFO (TestNG-tests-1:dweb.aut.pages.templates.PageTemplate:waitUntilElementIsClickable:337) - Element clickable - (By - By.xpath: (//datatable-body-cell//input[contains(@class,touched)])[1])
2018-08-31 18:33:23,689  INFO (TestNG-tests-1:com.testreport.ExtentReporter:logSuccess:134) - StepName - waitUntilElementIsClickable, StepDescription - Element clickable - (By - By.xpath: (//datatable-body-cell//input[contains(@class,touched)])[1]) Passed
2018-08-31 18:33:23,689  INFO (TestNG-tests-1:dweb.aut.pages.templates.PageTemplate:waitUntilElementIsClickable:337) - Element clickable - (By - By.xpath: (//datatable-body-cell//input[contains(@class,touched)])[1])
2018-08-31 18:33:23,689  INFO (TestNG-tests-1:com.testreport.ExtentReporter:logSuccess:134) - StepName - waitUntilElementIsClickable, StepDescription - Element clickable - (By - By.xpath: (//datatable-body-cell//input[contains(@class,touched)])[1]) Passed
2018-08-31 18:33:26,831  INFO (TestNG-tests-1:dweb.aut.pages.templates.PageTemplate:sendKeys:58) - SendKeys Successful - (By - By.xpath: (//datatable-body-cell//input[contains(@class,touched)])[1], text - AnOrder1535720577184)
2018-08-31 18:33:26,832  INFO (TestNG-tests-1:com.testreport.ExtentReporter:logSuccess:134) - StepName - SendKeys, StepDescription - Entered Text - <mark>AnOrder1535720577184</mark> To Locator - <mark>By.xpath: (//datatable-body-cell//input[contains(@class,touched)])[1]</mark> Passed
2018-08-31 18:33:26,832  INFO (TestNG-tests-1:com.testreport.ExtentReporter:logSuccess:134) - StepName - Click, StepDescription - Entered Text - <mark>AnOrder1535720577184</mark> To Locator - <mark>By.xpath: (//datatable-body-cell//input[contains(@class,touched)])[1]</mark> Passed
2018-08-31 18:33:26,832  INFO (TestNG-tests-1:dweb.aut.pages.templates.PageTemplate:waitUntilElementIsClickable:337) - Element clickable - (By - By.xpath: (//button[text()='Update'])[1])
2018-08-31 18:33:26,832  INFO (TestNG-tests-1:com.testreport.ExtentReporter:logSuccess:134) - StepName - waitUntilElementIsClickable, StepDescription - Element clickable - (By - By.xpath: (//button[text()='Update'])[1]) Passed
2018-08-31 18:33:26,833  INFO (TestNG-tests-1:dweb.aut.pages.templates.PageTemplate:waitUntilElementIsClickable:337) - Element clickable - (By - By.xpath: (//button[text()='Update'])[1])
2018-08-31 18:33:26,833  INFO (TestNG-tests-1:com.testreport.ExtentReporter:logSuccess:134) - StepName - waitUntilElementIsClickable, StepDescription - Element clickable - (By - By.xpath: (//button[text()='Update'])[1]) Passed
2018-08-31 18:33:27,728  INFO (TestNG-tests-1:dweb.aut.pages.templates.PageTemplate:click:157) - Click Successful - (By - Upadte Button)
2018-08-31 18:33:27,728  INFO (TestNG-tests-1:com.testreport.ExtentReporter:logSuccess:134) - StepName - Click, StepDescription - Click Performed On Locator - <mark>Upadte Button</mark> Passed
2018-08-31 18:33:27,728  INFO (TestNG-tests-1:dweb.aut.pages.templates.PageTemplate:waitUntilElementIsClickable:337) - Element clickable - (By - By.xpath: //button[@id='typeDropDown'])
2018-08-31 18:33:27,728  INFO (TestNG-tests-1:com.testreport.ExtentReporter:logSuccess:134) - StepName - waitUntilElementIsClickable, StepDescription - Element clickable - (By - By.xpath: //button[@id='typeDropDown']) Passed
2018-08-31 18:33:27,729  INFO (TestNG-tests-1:dweb.aut.pages.templates.PageTemplate:waitUntilElementIsClickable:337) - Element clickable - (By - By.xpath: //button[@id='typeDropDown'])
2018-08-31 18:33:27,730  INFO (TestNG-tests-1:com.testreport.ExtentReporter:logSuccess:134) - StepName - waitUntilElementIsClickable, StepDescription - Element clickable - (By - By.xpath: //button[@id='typeDropDown']) Passed
2018-08-31 18:33:27,889  INFO (TestNG-tests-1:dweb.aut.pages.templates.PageTemplate:click:157) - Click Successful - (By - Order Template Filter By Type)
2018-08-31 18:33:27,889  INFO (TestNG-tests-1:com.testreport.ExtentReporter:logSuccess:134) - StepName - Click, StepDescription - Click Performed On Locator - <mark>Order Template Filter By Type</mark> Passed
2018-08-31 18:33:28,203  INFO (TestNG-tests-1:dweb.aut.pages.templates.PageTemplate:waitUntilElementIsClickable:337) - Element clickable - (By - By.xpath: (//button[@id='typeDropDown']//following-sibling::div/button)[2])
2018-08-31 18:33:28,203  INFO (TestNG-tests-1:com.testreport.ExtentReporter:logSuccess:134) - StepName - waitUntilElementIsClickable, StepDescription - Element clickable - (By - By.xpath: (//button[@id='typeDropDown']//following-sibling::div/button)[2]) Passed
2018-08-31 18:33:28,203  INFO (TestNG-tests-1:dweb.aut.pages.templates.PageTemplate:waitUntilElementIsClickable:337) - Element clickable - (By - By.xpath: (//button[@id='typeDropDown']//following-sibling::div/button)[2])
2018-08-31 18:33:28,203  INFO (TestNG-tests-1:com.testreport.ExtentReporter:logSuccess:134) - StepName - waitUntilElementIsClickable, StepDescription - Element clickable - (By - By.xpath: (//button[@id='typeDropDown']//following-sibling::div/button)[2]) Passed
2018-08-31 18:33:28,488  INFO (TestNG-tests-1:dweb.aut.pages.templates.PageTemplate:click:157) - Click Successful - (By - Type Clicked)
2018-08-31 18:33:28,488  INFO (TestNG-tests-1:com.testreport.ExtentReporter:logSuccess:134) - StepName - Click, StepDescription - Click Performed On Locator - <mark>Type Clicked</mark> Passed
2018-08-31 18:33:32,923  INFO (TestNG-tests-1:com.testreport.ExtentReporter:logSuccess:134) - StepName - Order Type , StepDescription - No of Description : <mark>25</mark> , No of Update Button : <mark>25</mark> , No of Remove Button : <mark>25</mark> in Order Type: <mark>Diet</mark>   Passed
2018-08-31 18:33:33,133  INFO (TestNG-tests-1:dweb.aut.pages.templates.PageTemplate:waitUntilElementIsClickable:337) - Element clickable - (By - By.xpath: (//datatable-body-cell//input[contains(@class,touched)])[1])
2018-08-31 18:33:33,133  INFO (TestNG-tests-1:com.testreport.ExtentReporter:logSuccess:134) - StepName - waitUntilElementIsClickable, StepDescription - Element clickable - (By - By.xpath: (//datatable-body-cell//input[contains(@class,touched)])[1]) Passed
2018-08-31 18:33:33,133  INFO (TestNG-tests-1:dweb.aut.pages.templates.PageTemplate:waitUntilElementIsClickable:337) - Element clickable - (By - By.xpath: (//datatable-body-cell//input[contains(@class,touched)])[1])
2018-08-31 18:33:33,133  INFO (TestNG-tests-1:com.testreport.ExtentReporter:logSuccess:134) - StepName - waitUntilElementIsClickable, StepDescription - Element clickable - (By - By.xpath: (//datatable-body-cell//input[contains(@class,touched)])[1]) Passed
2018-08-31 18:33:36,301  INFO (TestNG-tests-1:dweb.aut.pages.templates.PageTemplate:sendKeys:58) - SendKeys Successful - (By - By.xpath: (//datatable-body-cell//input[contains(@class,touched)])[1], text - AnOrder1535720577184)
2018-08-31 18:33:36,301  INFO (TestNG-tests-1:com.testreport.ExtentReporter:logSuccess:134) - StepName - SendKeys, StepDescription - Entered Text - <mark>AnOrder1535720577184</mark> To Locator - <mark>By.xpath: (//datatable-body-cell//input[contains(@class,touched)])[1]</mark> Passed
2018-08-31 18:33:36,301  INFO (TestNG-tests-1:com.testreport.ExtentReporter:logSuccess:134) - StepName - Click, StepDescription - Entered Text - <mark>AnOrder1535720577184</mark> To Locator - <mark>By.xpath: (//datatable-body-cell//input[contains(@class,touched)])[1]</mark> Passed
2018-08-31 18:33:36,301  INFO (TestNG-tests-1:dweb.aut.pages.templates.PageTemplate:waitUntilElementIsClickable:337) - Element clickable - (By - By.xpath: (//button[text()='Update'])[1])
2018-08-31 18:33:36,301  INFO (TestNG-tests-1:com.testreport.ExtentReporter:logSuccess:134) - StepName - waitUntilElementIsClickable, StepDescription - Element clickable - (By - By.xpath: (//button[text()='Update'])[1]) Passed
2018-08-31 18:33:36,302  INFO (TestNG-tests-1:dweb.aut.pages.templates.PageTemplate:waitUntilElementIsClickable:337) - Element clickable - (By - By.xpath: (//button[text()='Update'])[1])
2018-08-31 18:33:36,302  INFO (TestNG-tests-1:com.testreport.ExtentReporter:logSuccess:134) - StepName - waitUntilElementIsClickable, StepDescription - Element clickable - (By - By.xpath: (//button[text()='Update'])[1]) Passed
2018-08-31 18:33:36,440  INFO (TestNG-tests-1:dweb.aut.pages.templates.PageTemplate:click:157) - Click Successful - (By - Upadte Button)
2018-08-31 18:33:36,441  INFO (TestNG-tests-1:com.testreport.ExtentReporter:logSuccess:134) - StepName - Click, StepDescription - Click Performed On Locator - <mark>Upadte Button</mark> Passed
2018-08-31 18:33:36,441  INFO (TestNG-tests-1:dweb.aut.pages.templates.PageTemplate:waitUntilElementIsClickable:337) - Element clickable - (By - By.xpath: //button[@id='typeDropDown'])
2018-08-31 18:33:36,441  INFO (TestNG-tests-1:com.testreport.ExtentReporter:logSuccess:134) - StepName - waitUntilElementIsClickable, StepDescription - Element clickable - (By - By.xpath: //button[@id='typeDropDown']) Passed
2018-08-31 18:33:36,441  INFO (TestNG-tests-1:dweb.aut.pages.templates.PageTemplate:waitUntilElementIsClickable:337) - Element clickable - (By - By.xpath: //button[@id='typeDropDown'])
2018-08-31 18:33:36,441  INFO (TestNG-tests-1:com.testreport.ExtentReporter:logSuccess:134) - StepName - waitUntilElementIsClickable, StepDescription - Element clickable - (By - By.xpath: //button[@id='typeDropDown']) Passed
2018-08-31 18:33:36,596  INFO (TestNG-tests-1:dweb.aut.pages.templates.PageTemplate:click:157) - Click Successful - (By - Order Template Filter By Type)
2018-08-31 18:33:36,596  INFO (TestNG-tests-1:com.testreport.ExtentReporter:logSuccess:134) - StepName - Click, StepDescription - Click Performed On Locator - <mark>Order Template Filter By Type</mark> Passed
2018-08-31 18:33:36,782  INFO (TestNG-tests-1:dweb.aut.pages.templates.PageTemplate:waitUntilElementIsClickable:337) - Element clickable - (By - By.xpath: (//button[@id='typeDropDown']//following-sibling::div/button)[3])
2018-08-31 18:33:36,782  INFO (TestNG-tests-1:com.testreport.ExtentReporter:logSuccess:134) - StepName - waitUntilElementIsClickable, StepDescription - Element clickable - (By - By.xpath: (//button[@id='typeDropDown']//following-sibling::div/button)[3]) Passed
2018-08-31 18:33:36,782  INFO (TestNG-tests-1:dweb.aut.pages.templates.PageTemplate:waitUntilElementIsClickable:337) - Element clickable - (By - By.xpath: (//button[@id='typeDropDown']//following-sibling::div/button)[3])
2018-08-31 18:33:36,782  INFO (TestNG-tests-1:com.testreport.ExtentReporter:logSuccess:134) - StepName - waitUntilElementIsClickable, StepDescription - Element clickable - (By - By.xpath: (//button[@id='typeDropDown']//following-sibling::div/button)[3]) Passed
2018-08-31 18:33:37,036  INFO (TestNG-tests-1:dweb.aut.pages.templates.PageTemplate:click:157) - Click Successful - (By - Type Clicked)
2018-08-31 18:33:37,036  INFO (TestNG-tests-1:com.testreport.ExtentReporter:logSuccess:134) - StepName - Click, StepDescription - Click Performed On Locator - <mark>Type Clicked</mark> Passed
2018-08-31 18:33:41,477  INFO (TestNG-tests-1:com.testreport.ExtentReporter:logSuccess:134) - StepName - Order Type , StepDescription - No of Description : <mark>25</mark> , No of Update Button : <mark>25</mark> , No of Remove Button : <mark>25</mark> in Order Type: <mark>Lab</mark>   Passed
2018-08-31 18:33:41,719  INFO (TestNG-tests-1:dweb.aut.pages.templates.PageTemplate:waitUntilElementIsClickable:337) - Element clickable - (By - By.xpath: (//datatable-body-cell//input[contains(@class,touched)])[1])
2018-08-31 18:33:41,719  INFO (TestNG-tests-1:com.testreport.ExtentReporter:logSuccess:134) - StepName - waitUntilElementIsClickable, StepDescription - Element clickable - (By - By.xpath: (//datatable-body-cell//input[contains(@class,touched)])[1]) Passed
2018-08-31 18:33:41,719  INFO (TestNG-tests-1:dweb.aut.pages.templates.PageTemplate:waitUntilElementIsClickable:337) - Element clickable - (By - By.xpath: (//datatable-body-cell//input[contains(@class,touched)])[1])
2018-08-31 18:33:41,719  INFO (TestNG-tests-1:com.testreport.ExtentReporter:logSuccess:134) - StepName - waitUntilElementIsClickable, StepDescription - Element clickable - (By - By.xpath: (//datatable-body-cell//input[contains(@class,touched)])[1]) Passed
2018-08-31 18:33:44,950  INFO (TestNG-tests-1:dweb.aut.pages.templates.PageTemplate:sendKeys:58) - SendKeys Successful - (By - By.xpath: (//datatable-body-cell//input[contains(@class,touched)])[1], text - AnOrder1535720577184)
2018-08-31 18:33:44,951  INFO (TestNG-tests-1:com.testreport.ExtentReporter:logSuccess:134) - StepName - SendKeys, StepDescription - Entered Text - <mark>AnOrder1535720577184</mark> To Locator - <mark>By.xpath: (//datatable-body-cell//input[contains(@class,touched)])[1]</mark> Passed
2018-08-31 18:33:44,951  INFO (TestNG-tests-1:com.testreport.ExtentReporter:logSuccess:134) - StepName - Click, StepDescription - Entered Text - <mark>AnOrder1535720577184</mark> To Locator - <mark>By.xpath: (//datatable-body-cell//input[contains(@class,touched)])[1]</mark> Passed
2018-08-31 18:33:44,951  INFO (TestNG-tests-1:dweb.aut.pages.templates.PageTemplate:waitUntilElementIsClickable:337) - Element clickable - (By - By.xpath: (//button[text()='Update'])[1])
2018-08-31 18:33:44,951  INFO (TestNG-tests-1:com.testreport.ExtentReporter:logSuccess:134) - StepName - waitUntilElementIsClickable, StepDescription - Element clickable - (By - By.xpath: (//button[text()='Update'])[1]) Passed
2018-08-31 18:33:44,951  INFO (TestNG-tests-1:dweb.aut.pages.templates.PageTemplate:waitUntilElementIsClickable:337) - Element clickable - (By - By.xpath: (//button[text()='Update'])[1])
2018-08-31 18:33:44,951  INFO (TestNG-tests-1:com.testreport.ExtentReporter:logSuccess:134) - StepName - waitUntilElementIsClickable, StepDescription - Element clickable - (By - By.xpath: (//button[text()='Update'])[1]) Passed
2018-08-31 18:33:45,140  INFO (TestNG-tests-1:dweb.aut.pages.templates.PageTemplate:click:157) - Click Successful - (By - Upadte Button)
2018-08-31 18:33:45,140  INFO (TestNG-tests-1:com.testreport.ExtentReporter:logSuccess:134) - StepName - Click, StepDescription - Click Performed On Locator - <mark>Upadte Button</mark> Passed
2018-08-31 18:33:45,140  INFO (TestNG-tests-1:dweb.aut.pages.templates.PageTemplate:waitUntilElementIsClickable:337) - Element clickable - (By - By.xpath: //button[@id='typeDropDown'])
2018-08-31 18:33:45,140  INFO (TestNG-tests-1:com.testreport.ExtentReporter:logSuccess:134) - StepName - waitUntilElementIsClickable, StepDescription - Element clickable - (By - By.xpath: //button[@id='typeDropDown']) Passed
2018-08-31 18:33:45,141  INFO (TestNG-tests-1:dweb.aut.pages.templates.PageTemplate:waitUntilElementIsClickable:337) - Element clickable - (By - By.xpath: //button[@id='typeDropDown'])
2018-08-31 18:33:45,141  INFO (TestNG-tests-1:com.testreport.ExtentReporter:logSuccess:134) - StepName - waitUntilElementIsClickable, StepDescription - Element clickable - (By - By.xpath: //button[@id='typeDropDown']) Passed
2018-08-31 18:33:45,337  INFO (TestNG-tests-1:dweb.aut.pages.templates.PageTemplate:click:157) - Click Successful - (By - Order Template Filter By Type)
2018-08-31 18:33:45,338  INFO (TestNG-tests-1:com.testreport.ExtentReporter:logSuccess:134) - StepName - Click, StepDescription - Click Performed On Locator - <mark>Order Template Filter By Type</mark> Passed
2018-08-31 18:33:45,556  INFO (TestNG-tests-1:dweb.aut.pages.templates.PageTemplate:waitUntilElementIsClickable:337) - Element clickable - (By - By.xpath: (//button[@id='typeDropDown']//following-sibling::div/button)[4])
2018-08-31 18:33:45,556  INFO (TestNG-tests-1:com.testreport.ExtentReporter:logSuccess:134) - StepName - waitUntilElementIsClickable, StepDescription - Element clickable - (By - By.xpath: (//button[@id='typeDropDown']//following-sibling::div/button)[4]) Passed
2018-08-31 18:33:45,556  INFO (TestNG-tests-1:dweb.aut.pages.templates.PageTemplate:waitUntilElementIsClickable:337) - Element clickable - (By - By.xpath: (//button[@id='typeDropDown']//following-sibling::div/button)[4])
2018-08-31 18:33:45,556  INFO (TestNG-tests-1:com.testreport.ExtentReporter:logSuccess:134) - StepName - waitUntilElementIsClickable, StepDescription - Element clickable - (By - By.xpath: (//button[@id='typeDropDown']//following-sibling::div/button)[4]) Passed
2018-08-31 18:33:45,817  INFO (TestNG-tests-1:dweb.aut.pages.templates.PageTemplate:click:157) - Click Successful - (By - Type Clicked)
2018-08-31 18:33:45,817  INFO (TestNG-tests-1:com.testreport.ExtentReporter:logSuccess:134) - StepName - Click, StepDescription - Click Performed On Locator - <mark>Type Clicked</mark> Passed
2018-08-31 18:33:50,227  INFO (TestNG-tests-1:com.testreport.ExtentReporter:logSuccess:134) - StepName - Order Type , StepDescription - No of Description : <mark>25</mark> , No of Update Button : <mark>25</mark> , No of Remove Button : <mark>25</mark> in Order Type: <mark>Nursing</mark>   Passed
2018-08-31 18:33:50,455  INFO (TestNG-tests-1:dweb.aut.pages.templates.PageTemplate:waitUntilElementIsClickable:337) - Element clickable - (By - By.xpath: (//datatable-body-cell//input[contains(@class,touched)])[1])
2018-08-31 18:33:50,455  INFO (TestNG-tests-1:com.testreport.ExtentReporter:logSuccess:134) - StepName - waitUntilElementIsClickable, StepDescription - Element clickable - (By - By.xpath: (//datatable-body-cell//input[contains(@class,touched)])[1]) Passed
2018-08-31 18:33:50,455  INFO (TestNG-tests-1:dweb.aut.pages.templates.PageTemplate:waitUntilElementIsClickable:337) - Element clickable - (By - By.xpath: (//datatable-body-cell//input[contains(@class,touched)])[1])
2018-08-31 18:33:50,455  INFO (TestNG-tests-1:com.testreport.ExtentReporter:logSuccess:134) - StepName - waitUntilElementIsClickable, StepDescription - Element clickable - (By - By.xpath: (//datatable-body-cell//input[contains(@class,touched)])[1]) Passed
2018-08-31 18:33:53,576  INFO (TestNG-tests-1:dweb.aut.pages.templates.PageTemplate:sendKeys:58) - SendKeys Successful - (By - By.xpath: (//datatable-body-cell//input[contains(@class,touched)])[1], text - AnOrder1535720577184)
2018-08-31 18:33:53,576  INFO (TestNG-tests-1:com.testreport.ExtentReporter:logSuccess:134) - StepName - SendKeys, StepDescription - Entered Text - <mark>AnOrder1535720577184</mark> To Locator - <mark>By.xpath: (//datatable-body-cell//input[contains(@class,touched)])[1]</mark> Passed
2018-08-31 18:33:53,577  INFO (TestNG-tests-1:com.testreport.ExtentReporter:logSuccess:134) - StepName - Click, StepDescription - Entered Text - <mark>AnOrder1535720577184</mark> To Locator - <mark>By.xpath: (//datatable-body-cell//input[contains(@class,touched)])[1]</mark> Passed
2018-08-31 18:33:53,577  INFO (TestNG-tests-1:dweb.aut.pages.templates.PageTemplate:waitUntilElementIsClickable:337) - Element clickable - (By - By.xpath: (//button[text()='Update'])[1])
2018-08-31 18:33:53,577  INFO (TestNG-tests-1:com.testreport.ExtentReporter:logSuccess:134) - StepName - waitUntilElementIsClickable, StepDescription - Element clickable - (By - By.xpath: (//button[text()='Update'])[1]) Passed
2018-08-31 18:33:53,577  INFO (TestNG-tests-1:dweb.aut.pages.templates.PageTemplate:waitUntilElementIsClickable:337) - Element clickable - (By - By.xpath: (//button[text()='Update'])[1])
2018-08-31 18:33:53,577  INFO (TestNG-tests-1:com.testreport.ExtentReporter:logSuccess:134) - StepName - waitUntilElementIsClickable, StepDescription - Element clickable - (By - By.xpath: (//button[text()='Update'])[1]) Passed
2018-08-31 18:33:53,715  INFO (TestNG-tests-1:dweb.aut.pages.templates.PageTemplate:click:157) - Click Successful - (By - Upadte Button)
2018-08-31 18:33:53,715  INFO (TestNG-tests-1:com.testreport.ExtentReporter:logSuccess:134) - StepName - Click, StepDescription - Click Performed On Locator - <mark>Upadte Button</mark> Passed
2018-08-31 18:33:53,715  INFO (TestNG-tests-1:dweb.aut.pages.templates.PageTemplate:waitUntilElementIsClickable:337) - Element clickable - (By - By.xpath: //button[@id='typeDropDown'])
2018-08-31 18:33:53,715  INFO (TestNG-tests-1:com.testreport.ExtentReporter:logSuccess:134) - StepName - waitUntilElementIsClickable, StepDescription - Element clickable - (By - By.xpath: //button[@id='typeDropDown']) Passed
2018-08-31 18:33:53,716  INFO (TestNG-tests-1:dweb.aut.pages.templates.PageTemplate:waitUntilElementIsClickable:337) - Element clickable - (By - By.xpath: //button[@id='typeDropDown'])
2018-08-31 18:33:53,716  INFO (TestNG-tests-1:com.testreport.ExtentReporter:logSuccess:134) - StepName - waitUntilElementIsClickable, StepDescription - Element clickable - (By - By.xpath: //button[@id='typeDropDown']) Passed
2018-08-31 18:33:53,887  INFO (TestNG-tests-1:dweb.aut.pages.templates.PageTemplate:click:157) - Click Successful - (By - Order Template Filter By Type)
2018-08-31 18:33:53,887  INFO (TestNG-tests-1:com.testreport.ExtentReporter:logSuccess:134) - StepName - Click, StepDescription - Click Performed On Locator - <mark>Order Template Filter By Type</mark> Passed
2018-08-31 18:33:54,087  INFO (TestNG-tests-1:dweb.aut.pages.templates.PageTemplate:waitUntilElementIsClickable:337) - Element clickable - (By - By.xpath: (//button[@id='typeDropDown']//following-sibling::div/button)[5])
2018-08-31 18:33:54,087  INFO (TestNG-tests-1:com.testreport.ExtentReporter:logSuccess:134) - StepName - waitUntilElementIsClickable, StepDescription - Element clickable - (By - By.xpath: (//button[@id='typeDropDown']//following-sibling::div/button)[5]) Passed
2018-08-31 18:33:54,087  INFO (TestNG-tests-1:dweb.aut.pages.templates.PageTemplate:waitUntilElementIsClickable:337) - Element clickable - (By - By.xpath: (//button[@id='typeDropDown']//following-sibling::div/button)[5])
2018-08-31 18:33:54,087  INFO (TestNG-tests-1:com.testreport.ExtentReporter:logSuccess:134) - StepName - waitUntilElementIsClickable, StepDescription - Element clickable - (By - By.xpath: (//button[@id='typeDropDown']//following-sibling::div/button)[5]) Passed
2018-08-31 18:33:54,354  INFO (TestNG-tests-1:dweb.aut.pages.templates.PageTemplate:click:157) - Click Successful - (By - Type Clicked)
2018-08-31 18:33:54,354  INFO (TestNG-tests-1:com.testreport.ExtentReporter:logSuccess:134) - StepName - Click, StepDescription - Click Performed On Locator - <mark>Type Clicked</mark> Passed
2018-08-31 18:33:58,826  INFO (TestNG-tests-1:com.testreport.ExtentReporter:logSuccess:134) - StepName - Order Type , StepDescription - No of Description : <mark>25</mark> , No of Update Button : <mark>25</mark> , No of Remove Button : <mark>25</mark> in Order Type: <mark>Nursing Monitoring</mark>   Passed
2018-08-31 18:33:59,059  INFO (TestNG-tests-1:dweb.aut.pages.templates.PageTemplate:waitUntilElementIsClickable:337) - Element clickable - (By - By.xpath: (//datatable-body-cell//input[contains(@class,touched)])[1])
2018-08-31 18:33:59,059  INFO (TestNG-tests-1:com.testreport.ExtentReporter:logSuccess:134) - StepName - waitUntilElementIsClickable, StepDescription - Element clickable - (By - By.xpath: (//datatable-body-cell//input[contains(@class,touched)])[1]) Passed
2018-08-31 18:33:59,059  INFO (TestNG-tests-1:dweb.aut.pages.templates.PageTemplate:waitUntilElementIsClickable:337) - Element clickable - (By - By.xpath: (//datatable-body-cell//input[contains(@class,touched)])[1])
2018-08-31 18:33:59,059  INFO (TestNG-tests-1:com.testreport.ExtentReporter:logSuccess:134) - StepName - waitUntilElementIsClickable, StepDescription - Element clickable - (By - By.xpath: (//datatable-body-cell//input[contains(@class,touched)])[1]) Passed
2018-08-31 18:34:02,191  INFO (TestNG-tests-1:dweb.aut.pages.templates.PageTemplate:sendKeys:58) - SendKeys Successful - (By - By.xpath: (//datatable-body-cell//input[contains(@class,touched)])[1], text - AnOrder1535720577184)
2018-08-31 18:34:02,192  INFO (TestNG-tests-1:com.testreport.ExtentReporter:logSuccess:134) - StepName - SendKeys, StepDescription - Entered Text - <mark>AnOrder1535720577184</mark> To Locator - <mark>By.xpath: (//datatable-body-cell//input[contains(@class,touched)])[1]</mark> Passed
2018-08-31 18:34:02,192  INFO (TestNG-tests-1:com.testreport.ExtentReporter:logSuccess:134) - StepName - Click, StepDescription - Entered Text - <mark>AnOrder1535720577184</mark> To Locator - <mark>By.xpath: (//datatable-body-cell//input[contains(@class,touched)])[1]</mark> Passed
2018-08-31 18:34:02,192  INFO (TestNG-tests-1:dweb.aut.pages.templates.PageTemplate:waitUntilElementIsClickable:337) - Element clickable - (By - By.xpath: (//button[text()='Update'])[1])
2018-08-31 18:34:02,192  INFO (TestNG-tests-1:com.testreport.ExtentReporter:logSuccess:134) - StepName - waitUntilElementIsClickable, StepDescription - Element clickable - (By - By.xpath: (//button[text()='Update'])[1]) Passed
2018-08-31 18:34:02,192  INFO (TestNG-tests-1:dweb.aut.pages.templates.PageTemplate:waitUntilElementIsClickable:337) - Element clickable - (By - By.xpath: (//button[text()='Update'])[1])
2018-08-31 18:34:02,193  INFO (TestNG-tests-1:com.testreport.ExtentReporter:logSuccess:134) - StepName - waitUntilElementIsClickable, StepDescription - Element clickable - (By - By.xpath: (//button[text()='Update'])[1]) Passed
2018-08-31 18:34:02,335  INFO (TestNG-tests-1:dweb.aut.pages.templates.PageTemplate:click:157) - Click Successful - (By - Upadte Button)
2018-08-31 18:34:02,336  INFO (TestNG-tests-1:com.testreport.ExtentReporter:logSuccess:134) - StepName - Click, StepDescription - Click Performed On Locator - <mark>Upadte Button</mark> Passed
2018-08-31 18:34:02,336  INFO (TestNG-tests-1:dweb.aut.pages.templates.PageTemplate:waitUntilElementIsClickable:337) - Element clickable - (By - By.xpath: //button[@id='typeDropDown'])
2018-08-31 18:34:02,336  INFO (TestNG-tests-1:com.testreport.ExtentReporter:logSuccess:134) - StepName - waitUntilElementIsClickable, StepDescription - Element clickable - (By - By.xpath: //button[@id='typeDropDown']) Passed
2018-08-31 18:34:02,336  INFO (TestNG-tests-1:dweb.aut.pages.templates.PageTemplate:waitUntilElementIsClickable:337) - Element clickable - (By - By.xpath: //button[@id='typeDropDown'])
2018-08-31 18:34:02,336  INFO (TestNG-tests-1:com.testreport.ExtentReporter:logSuccess:134) - StepName - waitUntilElementIsClickable, StepDescription - Element clickable - (By - By.xpath: //button[@id='typeDropDown']) Passed
2018-08-31 18:34:02,484  INFO (TestNG-tests-1:dweb.aut.pages.templates.PageTemplate:click:157) - Click Successful - (By - Order Template Filter By Type)
2018-08-31 18:34:02,484  INFO (TestNG-tests-1:com.testreport.ExtentReporter:logSuccess:134) - StepName - Click, StepDescription - Click Performed On Locator - <mark>Order Template Filter By Type</mark> Passed
2018-08-31 18:34:02,689  INFO (TestNG-tests-1:dweb.aut.pages.templates.PageTemplate:waitUntilElementIsClickable:337) - Element clickable - (By - By.xpath: (//button[@id='typeDropDown']//following-sibling::div/button)[6])
2018-08-31 18:34:02,689  INFO (TestNG-tests-1:com.testreport.ExtentReporter:logSuccess:134) - StepName - waitUntilElementIsClickable, StepDescription - Element clickable - (By - By.xpath: (//button[@id='typeDropDown']//following-sibling::div/button)[6]) Passed
2018-08-31 18:34:02,689  INFO (TestNG-tests-1:dweb.aut.pages.templates.PageTemplate:waitUntilElementIsClickable:337) - Element clickable - (By - By.xpath: (//button[@id='typeDropDown']//following-sibling::div/button)[6])
2018-08-31 18:34:02,689  INFO (TestNG-tests-1:com.testreport.ExtentReporter:logSuccess:134) - StepName - waitUntilElementIsClickable, StepDescription - Element clickable - (By - By.xpath: (//button[@id='typeDropDown']//following-sibling::div/button)[6]) Passed
2018-08-31 18:34:02,947  INFO (TestNG-tests-1:dweb.aut.pages.templates.PageTemplate:click:157) - Click Successful - (By - Type Clicked)
2018-08-31 18:34:02,948  INFO (TestNG-tests-1:com.testreport.ExtentReporter:logSuccess:134) - StepName - Click, StepDescription - Click Performed On Locator - <mark>Type Clicked</mark> Passed
2018-08-31 18:34:07,380  INFO (TestNG-tests-1:com.testreport.ExtentReporter:logSuccess:134) - StepName - Order Type , StepDescription - No of Description : <mark>25</mark> , No of Update Button : <mark>25</mark> , No of Remove Button : <mark>25</mark> in Order Type: <mark>Therapy</mark>   Passed
2018-08-31 18:34:07,610  INFO (TestNG-tests-1:dweb.aut.pages.templates.PageTemplate:waitUntilElementIsClickable:337) - Element clickable - (By - By.xpath: (//datatable-body-cell//input[contains(@class,touched)])[1])
2018-08-31 18:34:07,610  INFO (TestNG-tests-1:com.testreport.ExtentReporter:logSuccess:134) - StepName - waitUntilElementIsClickable, StepDescription - Element clickable - (By - By.xpath: (//datatable-body-cell//input[contains(@class,touched)])[1]) Passed
2018-08-31 18:34:07,610  INFO (TestNG-tests-1:dweb.aut.pages.templates.PageTemplate:waitUntilElementIsClickable:337) - Element clickable - (By - By.xpath: (//datatable-body-cell//input[contains(@class,touched)])[1])
2018-08-31 18:34:07,611  INFO (TestNG-tests-1:com.testreport.ExtentReporter:logSuccess:134) - StepName - waitUntilElementIsClickable, StepDescription - Element clickable - (By - By.xpath: (//datatable-body-cell//input[contains(@class,touched)])[1]) Passed
2018-08-31 18:34:10,700  INFO (TestNG-tests-1:dweb.aut.pages.templates.PageTemplate:sendKeys:58) - SendKeys Successful - (By - By.xpath: (//datatable-body-cell//input[contains(@class,touched)])[1], text - AnOrder1535720577184)
2018-08-31 18:34:10,700  INFO (TestNG-tests-1:com.testreport.ExtentReporter:logSuccess:134) - StepName - SendKeys, StepDescription - Entered Text - <mark>AnOrder1535720577184</mark> To Locator - <mark>By.xpath: (//datatable-body-cell//input[contains(@class,touched)])[1]</mark> Passed
2018-08-31 18:34:10,700  INFO (TestNG-tests-1:com.testreport.ExtentReporter:logSuccess:134) - StepName - Click, StepDescription - Entered Text - <mark>AnOrder1535720577184</mark> To Locator - <mark>By.xpath: (//datatable-body-cell//input[contains(@class,touched)])[1]</mark> Passed
2018-08-31 18:34:10,700  INFO (TestNG-tests-1:dweb.aut.pages.templates.PageTemplate:waitUntilElementIsClickable:337) - Element clickable - (By - By.xpath: (//button[text()='Update'])[1])
2018-08-31 18:34:10,701  INFO (TestNG-tests-1:com.testreport.ExtentReporter:logSuccess:134) - StepName - waitUntilElementIsClickable, StepDescription - Element clickable - (By - By.xpath: (//button[text()='Update'])[1]) Passed
2018-08-31 18:34:10,701  INFO (TestNG-tests-1:dweb.aut.pages.templates.PageTemplate:waitUntilElementIsClickable:337) - Element clickable - (By - By.xpath: (//button[text()='Update'])[1])
2018-08-31 18:34:10,701  INFO (TestNG-tests-1:com.testreport.ExtentReporter:logSuccess:134) - StepName - waitUntilElementIsClickable, StepDescription - Element clickable - (By - By.xpath: (//button[text()='Update'])[1]) Passed
2018-08-31 18:34:10,826  INFO (TestNG-tests-1:dweb.aut.pages.templates.PageTemplate:click:157) - Click Successful - (By - Upadte Button)
2018-08-31 18:34:10,826  INFO (TestNG-tests-1:com.testreport.ExtentReporter:logSuccess:134) - StepName - Click, StepDescription - Click Performed On Locator - <mark>Upadte Button</mark> Passed
2018-08-31 18:34:10,826  INFO (TestNG-tests-1:dweb.aut.pages.templates.PageTemplate:waitUntilElementIsClickable:337) - Element clickable - (By - By.xpath: //button[@id='typeDropDown'])
2018-08-31 18:34:10,826  INFO (TestNG-tests-1:com.testreport.ExtentReporter:logSuccess:134) - StepName - waitUntilElementIsClickable, StepDescription - Element clickable - (By - By.xpath: //button[@id='typeDropDown']) Passed
2018-08-31 18:34:10,827  INFO (TestNG-tests-1:dweb.aut.pages.templates.PageTemplate:waitUntilElementIsClickable:337) - Element clickable - (By - By.xpath: //button[@id='typeDropDown'])
2018-08-31 18:34:10,827  INFO (TestNG-tests-1:com.testreport.ExtentReporter:logSuccess:134) - StepName - waitUntilElementIsClickable, StepDescription - Element clickable - (By - By.xpath: //button[@id='typeDropDown']) Passed
2018-08-31 18:34:10,981  INFO (TestNG-tests-1:dweb.aut.pages.templates.PageTemplate:click:157) - Click Successful - (By - Order Template Filter By Type)
2018-08-31 18:34:10,981  INFO (TestNG-tests-1:com.testreport.ExtentReporter:logSuccess:134) - StepName - Click, StepDescription - Click Performed On Locator - <mark>Order Template Filter By Type</mark> Passed
2018-08-31 18:34:11,155  INFO (TestNG-tests-1:dweb.aut.pages.templates.PageTemplate:waitUntilElementIsClickable:337) - Element clickable - (By - By.xpath: (//button[@id='typeDropDown']//following-sibling::div/button)[7])
2018-08-31 18:34:11,155  INFO (TestNG-tests-1:com.testreport.ExtentReporter:logSuccess:134) - StepName - waitUntilElementIsClickable, StepDescription - Element clickable - (By - By.xpath: (//button[@id='typeDropDown']//following-sibling::div/button)[7]) Passed
2018-08-31 18:34:11,155  INFO (TestNG-tests-1:dweb.aut.pages.templates.PageTemplate:waitUntilElementIsClickable:337) - Element clickable - (By - By.xpath: (//button[@id='typeDropDown']//following-sibling::div/button)[7])
2018-08-31 18:34:11,155  INFO (TestNG-tests-1:com.testreport.ExtentReporter:logSuccess:134) - StepName - waitUntilElementIsClickable, StepDescription - Element clickable - (By - By.xpath: (//button[@id='typeDropDown']//following-sibling::div/button)[7]) Passed
2018-08-31 18:34:11,426  INFO (TestNG-tests-1:dweb.aut.pages.templates.PageTemplate:click:157) - Click Successful - (By - Type Clicked)
2018-08-31 18:34:11,426  INFO (TestNG-tests-1:com.testreport.ExtentReporter:logSuccess:134) - StepName - Click, StepDescription - Click Performed On Locator - <mark>Type Clicked</mark> Passed
2018-08-31 18:34:15,911  INFO (TestNG-tests-1:com.testreport.ExtentReporter:logSuccess:134) - StepName - Order Type , StepDescription - No of Description : <mark>25</mark> , No of Update Button : <mark>25</mark> , No of Remove Button : <mark>25</mark> in Order Type: <mark>Treatment</mark>   Passed
2018-08-31 18:34:16,142  INFO (TestNG-tests-1:dweb.aut.pages.templates.PageTemplate:waitUntilElementIsClickable:337) - Element clickable - (By - By.xpath: (//datatable-body-cell//input[contains(@class,touched)])[1])
2018-08-31 18:34:16,143  INFO (TestNG-tests-1:com.testreport.ExtentReporter:logSuccess:134) - StepName - waitUntilElementIsClickable, StepDescription - Element clickable - (By - By.xpath: (//datatable-body-cell//input[contains(@class,touched)])[1]) Passed
2018-08-31 18:34:16,143  INFO (TestNG-tests-1:dweb.aut.pages.templates.PageTemplate:waitUntilElementIsClickable:337) - Element clickable - (By - By.xpath: (//datatable-body-cell//input[contains(@class,touched)])[1])
2018-08-31 18:34:16,143  INFO (TestNG-tests-1:com.testreport.ExtentReporter:logSuccess:134) - StepName - waitUntilElementIsClickable, StepDescription - Element clickable - (By - By.xpath: (//datatable-body-cell//input[contains(@class,touched)])[1]) Passed
2018-08-31 18:34:19,437  INFO (TestNG-tests-1:dweb.aut.pages.templates.PageTemplate:sendKeys:58) - SendKeys Successful - (By - By.xpath: (//datatable-body-cell//input[contains(@class,touched)])[1], text - AnOrder1535720577184)
2018-08-31 18:34:19,438  INFO (TestNG-tests-1:com.testreport.ExtentReporter:logSuccess:134) - StepName - SendKeys, StepDescription - Entered Text - <mark>AnOrder1535720577184</mark> To Locator - <mark>By.xpath: (//datatable-body-cell//input[contains(@class,touched)])[1]</mark> Passed
2018-08-31 18:34:19,438  INFO (TestNG-tests-1:com.testreport.ExtentReporter:logSuccess:134) - StepName - Click, StepDescription - Entered Text - <mark>AnOrder1535720577184</mark> To Locator - <mark>By.xpath: (//datatable-body-cell//input[contains(@class,touched)])[1]</mark> Passed
2018-08-31 18:34:19,438  INFO (TestNG-tests-1:dweb.aut.pages.templates.PageTemplate:waitUntilElementIsClickable:337) - Element clickable - (By - By.xpath: (//button[text()='Update'])[1])
2018-08-31 18:34:19,438  INFO (TestNG-tests-1:com.testreport.ExtentReporter:logSuccess:134) - StepName - waitUntilElementIsClickable, StepDescription - Element clickable - (By - By.xpath: (//button[text()='Update'])[1]) Passed
2018-08-31 18:34:19,438  INFO (TestNG-tests-1:dweb.aut.pages.templates.PageTemplate:waitUntilElementIsClickable:337) - Element clickable - (By - By.xpath: (//button[text()='Update'])[1])
2018-08-31 18:34:19,438  INFO (TestNG-tests-1:com.testreport.ExtentReporter:logSuccess:134) - StepName - waitUntilElementIsClickable, StepDescription - Element clickable - (By - By.xpath: (//button[text()='Update'])[1]) Passed
2018-08-31 18:34:19,587  INFO (TestNG-tests-1:dweb.aut.pages.templates.PageTemplate:click:157) - Click Successful - (By - Upadte Button)
2018-08-31 18:34:19,588  INFO (TestNG-tests-1:com.testreport.ExtentReporter:logSuccess:134) - StepName - Click, StepDescription - Click Performed On Locator - <mark>Upadte Button</mark> Passed
2018-08-31 18:34:19,588  INFO (TestNG-tests-1:dweb.aut.pages.templates.PageTemplate:waitUntilElementIsClickable:337) - Element clickable - (By - By.xpath: //button[@id='typeDropDown'])
2018-08-31 18:34:19,588  INFO (TestNG-tests-1:com.testreport.ExtentReporter:logSuccess:134) - StepName - waitUntilElementIsClickable, StepDescription - Element clickable - (By - By.xpath: //button[@id='typeDropDown']) Passed
2018-08-31 18:34:19,588  INFO (TestNG-tests-1:dweb.aut.pages.templates.PageTemplate:waitUntilElementIsClickable:337) - Element clickable - (By - By.xpath: //button[@id='typeDropDown'])
2018-08-31 18:34:19,588  INFO (TestNG-tests-1:com.testreport.ExtentReporter:logSuccess:134) - StepName - waitUntilElementIsClickable, StepDescription - Element clickable - (By - By.xpath: //button[@id='typeDropDown']) Passed
2018-08-31 18:34:19,738  INFO (TestNG-tests-1:dweb.aut.pages.templates.PageTemplate:click:157) - Click Successful - (By - Order Template Filter By Type)
2018-08-31 18:34:19,739  INFO (TestNG-tests-1:com.testreport.ExtentReporter:logSuccess:134) - StepName - Click, StepDescription - Click Performed On Locator - <mark>Order Template Filter By Type</mark> Passed
2018-08-31 18:34:21,829  INFO (TestNG-tests-1:dweb.aut.pages.templates.PageTemplate:isElementPresent:405) - Element Present - (By - By.xpath: //div[contains(@class,'col-md-auto')]//button)
2018-08-31 18:34:21,829  INFO (TestNG-tests-1:com.testreport.ExtentReporter:logSuccess:134) - StepName - isElementPresent, StepDescription - Element Present - (By - By.xpath: //div[contains(@class,'col-md-auto')]//button) Passed
2018-08-31 18:34:21,830  INFO (TestNG-tests-1:com.testreport.ExtentReporter:logSuccess:134) - StepName - Element Present, StepDescription - Element is present - <mark>Menu Button</mark> Passed
2018-08-31 18:34:21,830  INFO (TestNG-tests-1:dweb.aut.pages.templates.PageTemplate:waitUntilElementIsClickable:337) - Element clickable - (By - By.xpath: //div[contains(@class,'col-md-auto')]//button)
2018-08-31 18:34:21,830  INFO (TestNG-tests-1:com.testreport.ExtentReporter:logSuccess:134) - StepName - waitUntilElementIsClickable, StepDescription - Element clickable - (By - By.xpath: //div[contains(@class,'col-md-auto')]//button) Passed
2018-08-31 18:34:21,830  INFO (TestNG-tests-1:dweb.aut.pages.templates.PageTemplate:waitUntilElementIsClickable:337) - Element clickable - (By - By.xpath: //div[contains(@class,'col-md-auto')]//button)
2018-08-31 18:34:21,830  INFO (TestNG-tests-1:com.testreport.ExtentReporter:logSuccess:134) - StepName - waitUntilElementIsClickable, StepDescription - Element clickable - (By - By.xpath: //div[contains(@class,'col-md-auto')]//button) Passed
2018-08-31 18:34:22,107  INFO (TestNG-tests-1:dweb.aut.pages.templates.PageTemplate:click:157) - Click Successful - (By - Menu Button)
2018-08-31 18:34:22,107  INFO (TestNG-tests-1:com.testreport.ExtentReporter:logSuccess:134) - StepName - Click, StepDescription - Click Performed On Locator - <mark>Menu Button</mark> Passed
2018-08-31 18:34:22,107  INFO (TestNG-tests-1:dweb.aut.pages.templates.PageTemplate:waitUntilElementIsClickable:337) - Element clickable - (By - By.xpath: //div[@class='modal-content']//img[@src='https://cdn.bluestrataemr.com/Images/Menu/sigma_medical_doctor_128.png'])
2018-08-31 18:34:22,107  INFO (TestNG-tests-1:com.testreport.ExtentReporter:logSuccess:134) - StepName - waitUntilElementIsClickable, StepDescription - Element clickable - (By - By.xpath: //div[@class='modal-content']//img[@src='https://cdn.bluestrataemr.com/Images/Menu/sigma_medical_doctor_128.png']) Passed
2018-08-31 18:34:22,107  INFO (TestNG-tests-1:dweb.aut.pages.templates.PageTemplate:waitUntilElementIsClickable:337) - Element clickable - (By - By.xpath: //div[@class='modal-content']//img[@src='https://cdn.bluestrataemr.com/Images/Menu/sigma_medical_doctor_128.png'])
2018-08-31 18:34:22,107  INFO (TestNG-tests-1:com.testreport.ExtentReporter:logSuccess:134) - StepName - waitUntilElementIsClickable, StepDescription - Element clickable - (By - By.xpath: //div[@class='modal-content']//img[@src='https://cdn.bluestrataemr.com/Images/Menu/sigma_medical_doctor_128.png']) Passed
2018-08-31 18:34:22,519  INFO (TestNG-tests-1:dweb.aut.pages.templates.PageTemplate:click:157) - Click Successful - (By - Physician Portal Option)
2018-08-31 18:34:22,520  INFO (TestNG-tests-1:com.testreport.ExtentReporter:logSuccess:134) - StepName - Click, StepDescription - Click Performed On Locator - <mark>Physician Portal Option</mark> Passed
2018-08-31 18:34:22,520  INFO (TestNG-tests-1:com.testreport.ExtentReporter:logSuccess:127) - Step - Clicked on Physician Portal Button  Passed
2018-08-31 18:34:22,520  INFO (TestNG-tests-1:dweb.aut.pages.templates.PageTemplate:waitUntilElementIsClickable:337) - Element clickable - (By - By.xpath: //button[text()='Physician Portal'])
2018-08-31 18:34:22,520  INFO (TestNG-tests-1:com.testreport.ExtentReporter:logSuccess:134) - StepName - waitUntilElementIsClickable, StepDescription - Element clickable - (By - By.xpath: //button[text()='Physician Portal']) Passed
2018-08-31 18:34:22,520  INFO (TestNG-tests-1:dweb.aut.pages.templates.PageTemplate:waitUntilElementIsClickable:337) - Element clickable - (By - By.xpath: //button[text()='Physician Portal'])
2018-08-31 18:34:22,520  INFO (TestNG-tests-1:com.testreport.ExtentReporter:logSuccess:134) - StepName - waitUntilElementIsClickable, StepDescription - Element clickable - (By - By.xpath: //button[text()='Physician Portal']) Passed
2018-08-31 18:34:22,682  INFO (TestNG-tests-1:dweb.aut.pages.templates.PageTemplate:click:157) - Click Successful - (By - Physician Portal Button)
2018-08-31 18:34:22,683  INFO (TestNG-tests-1:com.testreport.ExtentReporter:logSuccess:134) - StepName - Click, StepDescription - Click Performed On Locator - <mark>Physician Portal Button</mark> Passed
2018-08-31 18:34:24,683  INFO (TestNG-tests-1:com.testreport.ExtentReporter:logSuccess:127) - Step - Clicked on Resident Orders Links  Passed
2018-08-31 18:34:24,683  INFO (TestNG-tests-1:dweb.aut.pages.templates.PageTemplate:waitUntilElementIsClickable:337) - Element clickable - (By - By.xpath: //button[text()='Resident Orders'])
2018-08-31 18:34:24,683  INFO (TestNG-tests-1:com.testreport.ExtentReporter:logSuccess:134) - StepName - waitUntilElementIsClickable, StepDescription - Element clickable - (By - By.xpath: //button[text()='Resident Orders']) Passed
2018-08-31 18:34:24,683  INFO (TestNG-tests-1:dweb.aut.pages.templates.PageTemplate:waitUntilElementIsClickable:337) - Element clickable - (By - By.xpath: //button[text()='Resident Orders'])
2018-08-31 18:34:24,683  INFO (TestNG-tests-1:com.testreport.ExtentReporter:logSuccess:134) - StepName - waitUntilElementIsClickable, StepDescription - Element clickable - (By - By.xpath: //button[text()='Resident Orders']) Passed
2018-08-31 18:34:24,889  INFO (TestNG-tests-1:dweb.aut.pages.templates.PageTemplate:click:157) - Click Successful - (By - Resident Orders)
2018-08-31 18:34:24,889  INFO (TestNG-tests-1:com.testreport.ExtentReporter:logSuccess:134) - StepName - Click, StepDescription - Click Performed On Locator - <mark>Resident Orders</mark> Passed
2018-08-31 18:34:28,246  INFO (TestNG-tests-1:dweb.aut.pages.templates.PageTemplate:waitUntilElementIsClickable:337) - Element clickable - (By - By.xpath: //input[@placeholder='Enter name or mr number'])
2018-08-31 18:34:28,246  INFO (TestNG-tests-1:com.testreport.ExtentReporter:logSuccess:134) - StepName - waitUntilElementIsClickable, StepDescription - Element clickable - (By - By.xpath: //input[@placeholder='Enter name or mr number']) Passed
2018-08-31 18:34:31,625  INFO (TestNG-tests-1:dweb.aut.pages.templates.PageTemplate:sendKeys:58) - SendKeys Successful - (By - By.xpath: //input[@placeholder='Enter name or mr number'], text - 201332142)
2018-08-31 18:34:31,625  INFO (TestNG-tests-1:com.testreport.ExtentReporter:logSuccess:134) - StepName - SendKeys, StepDescription - Entered Text - <mark>201332142</mark> To Locator - <mark>By.xpath: //input[@placeholder='Enter name or mr number']</mark> Passed
2018-08-31 18:34:32,687  INFO (TestNG-tests-1:com.testreport.ExtentReporter:logSuccess:127) - Step - clicking on Apply Filter button, display the list of filtered residents in the Container Passed
2018-08-31 18:34:32,687  INFO (TestNG-tests-1:dweb.aut.pages.templates.PageTemplate:waitUntilElementIsClickable:337) - Element clickable - (By - By.xpath: //button[text()='Select'])
2018-08-31 18:34:32,687  INFO (TestNG-tests-1:com.testreport.ExtentReporter:logSuccess:134) - StepName - waitUntilElementIsClickable, StepDescription - Element clickable - (By - By.xpath: //button[text()='Select']) Passed
2018-08-31 18:34:32,687  INFO (TestNG-tests-1:dweb.aut.pages.templates.PageTemplate:waitUntilElementIsClickable:337) - Element clickable - (By - By.xpath: //button[text()='Select'])
2018-08-31 18:34:32,687  INFO (TestNG-tests-1:com.testreport.ExtentReporter:logSuccess:134) - StepName - waitUntilElementIsClickable, StepDescription - Element clickable - (By - By.xpath: //button[text()='Select']) Passed
2018-08-31 18:34:32,825  INFO (TestNG-tests-1:dweb.aut.pages.templates.PageTemplate:click:157) - Click Successful - (By - Select Button)
2018-08-31 18:34:32,825  INFO (TestNG-tests-1:com.testreport.ExtentReporter:logSuccess:134) - StepName - Click, StepDescription - Click Performed On Locator - <mark>Select Button</mark> Passed
2018-08-31 18:34:40,658  INFO (TestNG-tests-1:dweb.aut.pages.templates.PageTemplate:isElementPresent:405) - Element Present - (By - By.xpath: //button[text()='Create an Order'])
2018-08-31 18:34:40,658  INFO (TestNG-tests-1:com.testreport.ExtentReporter:logSuccess:134) - StepName - isElementPresent, StepDescription - Element Present - (By - By.xpath: //button[text()='Create an Order']) Passed
2018-08-31 18:34:40,658  INFO (TestNG-tests-1:com.testreport.ExtentReporter:logSuccess:127) - Step - Order Created  Passed
2018-08-31 18:34:40,659  INFO (TestNG-tests-1:dweb.aut.pages.templates.PageTemplate:waitUntilElementIsClickable:337) - Element clickable - (By - By.xpath: //button[text()='Create an Order'])
2018-08-31 18:34:40,659  INFO (TestNG-tests-1:com.testreport.ExtentReporter:logSuccess:134) - StepName - waitUntilElementIsClickable, StepDescription - Element clickable - (By - By.xpath: //button[text()='Create an Order']) Passed
2018-08-31 18:34:40,659  INFO (TestNG-tests-1:dweb.aut.pages.templates.PageTemplate:waitUntilElementIsClickable:337) - Element clickable - (By - By.xpath: //button[text()='Create an Order'])
2018-08-31 18:34:40,659  INFO (TestNG-tests-1:com.testreport.ExtentReporter:logSuccess:134) - StepName - waitUntilElementIsClickable, StepDescription - Element clickable - (By - By.xpath: //button[text()='Create an Order']) Passed
2018-08-31 18:34:41,233  INFO (TestNG-tests-1:dweb.aut.pages.templates.PageTemplate:click:157) - Click Successful - (By - Create Order Button)
2018-08-31 18:34:41,233  INFO (TestNG-tests-1:com.testreport.ExtentReporter:logSuccess:134) - StepName - Click, StepDescription - Click Performed On Locator - <mark>Create Order Button</mark> Passed
2018-08-31 18:34:46,233  INFO (TestNG-tests-1:dweb.aut.pages.templates.PageTemplate:waitUntilElementIsVisible:356) - Element visible - (By - By.xpath: //select[@id='settingOrderTypeId'])
2018-08-31 18:34:46,233  INFO (TestNG-tests-1:com.testreport.ExtentReporter:logSuccess:134) - StepName - waitUntilElementIsVisible, StepDescription - Element visible - (By - By.xpath: //select[@id='settingOrderTypeId']) Passed
2018-08-31 18:34:46,233  INFO (TestNG-tests-1:dweb.aut.pages.templates.PageTemplate:waitUntilElementIsClickable:337) - Element clickable - (By - By.xpath: //select[@id='settingOrderTypeId'])
2018-08-31 18:34:46,233  INFO (TestNG-tests-1:com.testreport.ExtentReporter:logSuccess:134) - StepName - waitUntilElementIsClickable, StepDescription - Element clickable - (By - By.xpath: //select[@id='settingOrderTypeId']) Passed
2018-08-31 18:34:46,233  INFO (TestNG-tests-1:dweb.aut.pages.templates.PageTemplate:waitUntilElementIsClickable:337) - Element clickable - (By - By.xpath: //select[@id='settingOrderTypeId'])
2018-08-31 18:34:46,233  INFO (TestNG-tests-1:com.testreport.ExtentReporter:logSuccess:134) - StepName - waitUntilElementIsClickable, StepDescription - Element clickable - (By - By.xpath: //select[@id='settingOrderTypeId']) Passed
2018-08-31 18:34:46,400  INFO (TestNG-tests-1:dweb.aut.pages.templates.PageTemplate:click:157) - Click Successful - (By - Ancillaries)
2018-08-31 18:34:46,401  INFO (TestNG-tests-1:com.testreport.ExtentReporter:logSuccess:134) - StepName - Click, StepDescription - Click Performed On Locator - <mark>Ancillaries</mark> Passed
2018-08-31 18:34:46,401  INFO (TestNG-tests-1:dweb.aut.pages.templates.PageTemplate:waitUntilElementIsClickable:337) - Element clickable - (By - By.xpath: //select[@id='settingOrderTypeId'])
2018-08-31 18:34:46,401  INFO (TestNG-tests-1:com.testreport.ExtentReporter:logSuccess:134) - StepName - waitUntilElementIsClickable, StepDescription - Element clickable - (By - By.xpath: //select[@id='settingOrderTypeId']) Passed
2018-08-31 18:34:46,905  INFO (TestNG-tests-1:dweb.aut.pages.templates.PageTemplate:SelectDropDownByText:198) - SelectDropDownByText Successful - (By - By.xpath: //select[@id='settingOrderTypeId'], Visible Text - Ancillaries)
2018-08-31 18:34:46,905  INFO (TestNG-tests-1:com.testreport.ExtentReporter:logSuccess:134) - StepName - SelectDropDownByText, StepDescription - Selected Visible Text - <mark>Ancillaries</mark> On Locator - <mark>By.xpath: //select[@id='settingOrderTypeId']</mark> Passed
2018-08-31 18:34:54,021  INFO (TestNG-tests-1:dweb.aut.pages.templates.PageTemplate:isElementPresent:405) - Element Present - (By - By.xpath: //label[text()='Pick From Library'])
2018-08-31 18:34:54,022  INFO (TestNG-tests-1:com.testreport.ExtentReporter:logSuccess:134) - StepName - isElementPresent, StepDescription - Element Present - (By - By.xpath: //label[text()='Pick From Library']) Passed
2018-08-31 18:34:54,022  INFO (TestNG-tests-1:com.testreport.ExtentReporter:logSuccess:134) - StepName - Element Present, StepDescription - Element is present - <mark>Label Pick From Library</mark> Passed
2018-08-31 18:34:56,178  INFO (TestNG-tests-1:dweb.aut.pages.templates.PageTemplate:isElementPresent:405) - Element Present - (By - By.xpath: //label[contains(.,'Pick From Library')]/../div/button)
2018-08-31 18:34:56,179  INFO (TestNG-tests-1:com.testreport.ExtentReporter:logSuccess:134) - StepName - isElementPresent, StepDescription - Element Present - (By - By.xpath: //label[contains(.,'Pick From Library')]/../div/button) Passed
2018-08-31 18:34:56,179  INFO (TestNG-tests-1:com.testreport.ExtentReporter:logSuccess:134) - StepName - Element Present, StepDescription - Element is present - <mark>Create Library Item Link</mark> Passed
2018-08-31 18:34:56,179  INFO (TestNG-tests-1:dweb.aut.pages.templates.PageTemplate:waitUntilElementIsClickable:337) - Element clickable - (By - By.xpath: //label[text()='Pick From Library']/..//select[@id='libraryselect'])
2018-08-31 18:34:56,180  INFO (TestNG-tests-1:com.testreport.ExtentReporter:logSuccess:134) - StepName - waitUntilElementIsClickable, StepDescription - Element clickable - (By - By.xpath: //label[text()='Pick From Library']/..//select[@id='libraryselect']) Passed
2018-08-31 18:34:56,641  INFO (TestNG-tests-1:dweb.aut.pages.templates.PageTemplate:SelectDropDownByText:198) - SelectDropDownByText Successful - (By - By.xpath: //label[text()='Pick From Library']/..//select[@id='libraryselect'], Visible Text - AnOrder1535720577184)
2018-08-31 18:34:56,642  INFO (TestNG-tests-1:com.testreport.ExtentReporter:logSuccess:134) - StepName - SelectDropDownByText, StepDescription - Selected Visible Text - <mark>AnOrder1535720577184</mark> On Locator - <mark>By.xpath: //label[text()='Pick From Library']/..//select[@id='libraryselect']</mark> Passed
2018-08-31 18:35:00,823  INFO (TestNG-tests-1:dweb.aut.pages.templates.PageTemplate:isElementPresent:405) - Element Present - (By - By.id: description)
2018-08-31 18:35:00,823  INFO (TestNG-tests-1:com.testreport.ExtentReporter:logSuccess:134) - StepName - isElementPresent, StepDescription - Element Present - (By - By.id: description) Passed
2018-08-31 18:35:03,084  INFO (TestNG-tests-1:dweb.aut.pages.templates.PageTemplate:isElementPresent:405) - Element Present - (By - By.xpath: //label[text()='Pick From Library']/..//select[@id='libraryselect'])
2018-08-31 18:35:03,084  INFO (TestNG-tests-1:com.testreport.ExtentReporter:logSuccess:134) - StepName - isElementPresent, StepDescription - Element Present - (By - By.xpath: //label[text()='Pick From Library']/..//select[@id='libraryselect']) Passed
2018-08-31 18:35:05,365  INFO (TestNG-tests-1:dweb.aut.pages.templates.PageTemplate:waitUntilElementIsClickable:337) - Element clickable - (By - By.xpath: //button[text()='Cancel'])
2018-08-31 18:35:05,366  INFO (TestNG-tests-1:com.testreport.ExtentReporter:logSuccess:134) - StepName - waitUntilElementIsClickable, StepDescription - Element clickable - (By - By.xpath: //button[text()='Cancel']) Passed
2018-08-31 18:35:05,366  INFO (TestNG-tests-1:dweb.aut.pages.templates.PageTemplate:waitUntilElementIsClickable:337) - Element clickable - (By - By.xpath: //button[text()='Cancel'])
2018-08-31 18:35:05,367  INFO (TestNG-tests-1:com.testreport.ExtentReporter:logSuccess:134) - StepName - waitUntilElementIsClickable, StepDescription - Element clickable - (By - By.xpath: //button[text()='Cancel']) Passed
2018-08-31 18:35:05,656  INFO (TestNG-tests-1:dweb.aut.pages.templates.PageTemplate:click:157) - Click Successful - (By - Cancel)
2018-08-31 18:35:05,656  INFO (TestNG-tests-1:com.testreport.ExtentReporter:logSuccess:134) - StepName - Click, StepDescription - Click Performed On Locator - <mark>Cancel</mark> Passed
2018-08-31 18:35:17,816  INFO (TestNG-tests-1:dweb.aut.pages.templates.PageTemplate:isElementPresent:405) - Element Present - (By - By.xpath: //button[text()='Create an Order'])
2018-08-31 18:35:17,816  INFO (TestNG-tests-1:com.testreport.ExtentReporter:logSuccess:134) - StepName - isElementPresent, StepDescription - Element Present - (By - By.xpath: //button[text()='Create an Order']) Passed
2018-08-31 18:35:17,816  INFO (TestNG-tests-1:com.testreport.ExtentReporter:logSuccess:127) - Step - Order Created  Passed
2018-08-31 18:35:17,816  INFO (TestNG-tests-1:dweb.aut.pages.templates.PageTemplate:waitUntilElementIsClickable:337) - Element clickable - (By - By.xpath: //button[text()='Create an Order'])
2018-08-31 18:35:17,817  INFO (TestNG-tests-1:com.testreport.ExtentReporter:logSuccess:134) - StepName - waitUntilElementIsClickable, StepDescription - Element clickable - (By - By.xpath: //button[text()='Create an Order']) Passed
2018-08-31 18:35:17,817  INFO (TestNG-tests-1:dweb.aut.pages.templates.PageTemplate:waitUntilElementIsClickable:337) - Element clickable - (By - By.xpath: //button[text()='Create an Order'])
2018-08-31 18:35:17,818  INFO (TestNG-tests-1:com.testreport.ExtentReporter:logSuccess:134) - StepName - waitUntilElementIsClickable, StepDescription - Element clickable - (By - By.xpath: //button[text()='Create an Order']) Passed
2018-08-31 18:35:18,299  INFO (TestNG-tests-1:dweb.aut.pages.templates.PageTemplate:click:157) - Click Successful - (By - Create Order Button)
2018-08-31 18:35:18,300  INFO (TestNG-tests-1:com.testreport.ExtentReporter:logSuccess:134) - StepName - Click, StepDescription - Click Performed On Locator - <mark>Create Order Button</mark> Passed
2018-08-31 18:35:23,300  INFO (TestNG-tests-1:dweb.aut.pages.templates.PageTemplate:waitUntilElementIsVisible:356) - Element visible - (By - By.xpath: //select[@id='settingOrderTypeId'])
2018-08-31 18:35:23,300  INFO (TestNG-tests-1:com.testreport.ExtentReporter:logSuccess:134) - StepName - waitUntilElementIsVisible, StepDescription - Element visible - (By - By.xpath: //select[@id='settingOrderTypeId']) Passed
2018-08-31 18:35:23,300  INFO (TestNG-tests-1:dweb.aut.pages.templates.PageTemplate:waitUntilElementIsClickable:337) - Element clickable - (By - By.xpath: //select[@id='settingOrderTypeId'])
2018-08-31 18:35:23,300  INFO (TestNG-tests-1:com.testreport.ExtentReporter:logSuccess:134) - StepName - waitUntilElementIsClickable, StepDescription - Element clickable - (By - By.xpath: //select[@id='settingOrderTypeId']) Passed
2018-08-31 18:35:23,300  INFO (TestNG-tests-1:dweb.aut.pages.templates.PageTemplate:waitUntilElementIsClickable:337) - Element clickable - (By - By.xpath: //select[@id='settingOrderTypeId'])
2018-08-31 18:35:23,301  INFO (TestNG-tests-1:com.testreport.ExtentReporter:logSuccess:134) - StepName - waitUntilElementIsClickable, StepDescription - Element clickable - (By - By.xpath: //select[@id='settingOrderTypeId']) Passed
2018-08-31 18:35:23,441  INFO (TestNG-tests-1:dweb.aut.pages.templates.PageTemplate:click:157) - Click Successful - (By - Diet)
2018-08-31 18:35:23,442  INFO (TestNG-tests-1:com.testreport.ExtentReporter:logSuccess:134) - StepName - Click, StepDescription - Click Performed On Locator - <mark>Diet</mark> Passed
2018-08-31 18:35:23,442  INFO (TestNG-tests-1:dweb.aut.pages.templates.PageTemplate:waitUntilElementIsClickable:337) - Element clickable - (By - By.xpath: //select[@id='settingOrderTypeId'])
2018-08-31 18:35:23,442  INFO (TestNG-tests-1:com.testreport.ExtentReporter:logSuccess:134) - StepName - waitUntilElementIsClickable, StepDescription - Element clickable - (By - By.xpath: //select[@id='settingOrderTypeId']) Passed
2018-08-31 18:35:23,876  INFO (TestNG-tests-1:dweb.aut.pages.templates.PageTemplate:SelectDropDownByText:198) - SelectDropDownByText Successful - (By - By.xpath: //select[@id='settingOrderTypeId'], Visible Text - Diet)
2018-08-31 18:35:23,877  INFO (TestNG-tests-1:com.testreport.ExtentReporter:logSuccess:134) - StepName - SelectDropDownByText, StepDescription - Selected Visible Text - <mark>Diet</mark> On Locator - <mark>By.xpath: //select[@id='settingOrderTypeId']</mark> Passed
2018-08-31 18:35:31,031  INFO (TestNG-tests-1:dweb.aut.pages.templates.PageTemplate:isElementPresent:405) - Element Present - (By - By.xpath: //label[text()='Pick From Library'])
2018-08-31 18:35:31,031  INFO (TestNG-tests-1:com.testreport.ExtentReporter:logSuccess:134) - StepName - isElementPresent, StepDescription - Element Present - (By - By.xpath: //label[text()='Pick From Library']) Passed
2018-08-31 18:35:31,031  INFO (TestNG-tests-1:com.testreport.ExtentReporter:logSuccess:134) - StepName - Element Present, StepDescription - Element is present - <mark>Label Pick From Library</mark> Passed
2018-08-31 18:35:33,197  INFO (TestNG-tests-1:dweb.aut.pages.templates.PageTemplate:isElementPresent:405) - Element Present - (By - By.xpath: //label[contains(.,'Pick From Library')]/../div/button)
2018-08-31 18:35:33,197  INFO (TestNG-tests-1:com.testreport.ExtentReporter:logSuccess:134) - StepName - isElementPresent, StepDescription - Element Present - (By - By.xpath: //label[contains(.,'Pick From Library')]/../div/button) Passed
2018-08-31 18:35:33,197  INFO (TestNG-tests-1:com.testreport.ExtentReporter:logSuccess:134) - StepName - Element Present, StepDescription - Element is present - <mark>Create Library Item Link</mark> Passed
2018-08-31 18:35:33,198  INFO (TestNG-tests-1:dweb.aut.pages.templates.PageTemplate:waitUntilElementIsClickable:337) - Element clickable - (By - By.xpath: //label[text()='Pick From Library']/..//select[@id='libraryselect'])
2018-08-31 18:35:33,198  INFO (TestNG-tests-1:com.testreport.ExtentReporter:logSuccess:134) - StepName - waitUntilElementIsClickable, StepDescription - Element clickable - (By - By.xpath: //label[text()='Pick From Library']/..//select[@id='libraryselect']) Passed
2018-08-31 18:35:33,699  INFO (TestNG-tests-1:dweb.aut.pages.templates.PageTemplate:SelectDropDownByText:198) - SelectDropDownByText Successful - (By - By.xpath: //label[text()='Pick From Library']/..//select[@id='libraryselect'], Visible Text - AnOrder1535720577184)
2018-08-31 18:35:33,700  INFO (TestNG-tests-1:com.testreport.ExtentReporter:logSuccess:134) - StepName - SelectDropDownByText, StepDescription - Selected Visible Text - <mark>AnOrder1535720577184</mark> On Locator - <mark>By.xpath: //label[text()='Pick From Library']/..//select[@id='libraryselect']</mark> Passed
2018-08-31 18:35:37,848  INFO (TestNG-tests-1:dweb.aut.pages.templates.PageTemplate:isElementPresent:405) - Element Present - (By - By.id: description)
2018-08-31 18:35:37,849  INFO (TestNG-tests-1:com.testreport.ExtentReporter:logSuccess:134) - StepName - isElementPresent, StepDescription - Element Present - (By - By.id: description) Passed
2018-08-31 18:35:40,133  INFO (TestNG-tests-1:dweb.aut.pages.templates.PageTemplate:isElementPresent:405) - Element Present - (By - By.xpath: //label[text()='Pick From Library']/..//select[@id='libraryselect'])
2018-08-31 18:35:40,134  INFO (TestNG-tests-1:com.testreport.ExtentReporter:logSuccess:134) - StepName - isElementPresent, StepDescription - Element Present - (By - By.xpath: //label[text()='Pick From Library']/..//select[@id='libraryselect']) Passed
2018-08-31 18:35:42,538  INFO (TestNG-tests-1:dweb.aut.pages.templates.PageTemplate:waitUntilElementIsClickable:337) - Element clickable - (By - By.xpath: //button[text()='Cancel'])
2018-08-31 18:35:42,539  INFO (TestNG-tests-1:com.testreport.ExtentReporter:logSuccess:134) - StepName - waitUntilElementIsClickable, StepDescription - Element clickable - (By - By.xpath: //button[text()='Cancel']) Passed
2018-08-31 18:35:42,539  INFO (TestNG-tests-1:dweb.aut.pages.templates.PageTemplate:waitUntilElementIsClickable:337) - Element clickable - (By - By.xpath: //button[text()='Cancel'])
2018-08-31 18:35:42,540  INFO (TestNG-tests-1:com.testreport.ExtentReporter:logSuccess:134) - StepName - waitUntilElementIsClickable, StepDescription - Element clickable - (By - By.xpath: //button[text()='Cancel']) Passed
2018-08-31 18:35:42,800  INFO (TestNG-tests-1:dweb.aut.pages.templates.PageTemplate:click:157) - Click Successful - (By - Cancel)
2018-08-31 18:35:42,800  INFO (TestNG-tests-1:com.testreport.ExtentReporter:logSuccess:134) - StepName - Click, StepDescription - Click Performed On Locator - <mark>Cancel</mark> Passed
2018-08-31 18:35:54,894  INFO (TestNG-tests-1:dweb.aut.pages.templates.PageTemplate:isElementPresent:405) - Element Present - (By - By.xpath: //button[text()='Create an Order'])
2018-08-31 18:35:54,894  INFO (TestNG-tests-1:com.testreport.ExtentReporter:logSuccess:134) - StepName - isElementPresent, StepDescription - Element Present - (By - By.xpath: //button[text()='Create an Order']) Passed
2018-08-31 18:35:54,894  INFO (TestNG-tests-1:com.testreport.ExtentReporter:logSuccess:127) - Step - Order Created  Passed
2018-08-31 18:35:54,895  INFO (TestNG-tests-1:dweb.aut.pages.templates.PageTemplate:waitUntilElementIsClickable:337) - Element clickable - (By - By.xpath: //button[text()='Create an Order'])
2018-08-31 18:35:54,895  INFO (TestNG-tests-1:com.testreport.ExtentReporter:logSuccess:134) - StepName - waitUntilElementIsClickable, StepDescription - Element clickable - (By - By.xpath: //button[text()='Create an Order']) Passed
2018-08-31 18:35:54,895  INFO (TestNG-tests-1:dweb.aut.pages.templates.PageTemplate:waitUntilElementIsClickable:337) - Element clickable - (By - By.xpath: //button[text()='Create an Order'])
2018-08-31 18:35:54,895  INFO (TestNG-tests-1:com.testreport.ExtentReporter:logSuccess:134) - StepName - waitUntilElementIsClickable, StepDescription - Element clickable - (By - By.xpath: //button[text()='Create an Order']) Passed
2018-08-31 18:35:55,399  INFO (TestNG-tests-1:dweb.aut.pages.templates.PageTemplate:click:157) - Click Successful - (By - Create Order Button)
2018-08-31 18:35:55,399  INFO (TestNG-tests-1:com.testreport.ExtentReporter:logSuccess:134) - StepName - Click, StepDescription - Click Performed On Locator - <mark>Create Order Button</mark> Passed
2018-08-31 18:36:00,399  INFO (TestNG-tests-1:dweb.aut.pages.templates.PageTemplate:waitUntilElementIsVisible:356) - Element visible - (By - By.xpath: //select[@id='settingOrderTypeId'])
2018-08-31 18:36:00,399  INFO (TestNG-tests-1:com.testreport.ExtentReporter:logSuccess:134) - StepName - waitUntilElementIsVisible, StepDescription - Element visible - (By - By.xpath: //select[@id='settingOrderTypeId']) Passed
2018-08-31 18:36:00,399  INFO (TestNG-tests-1:dweb.aut.pages.templates.PageTemplate:waitUntilElementIsClickable:337) - Element clickable - (By - By.xpath: //select[@id='settingOrderTypeId'])
2018-08-31 18:36:00,399  INFO (TestNG-tests-1:com.testreport.ExtentReporter:logSuccess:134) - StepName - waitUntilElementIsClickable, StepDescription - Element clickable - (By - By.xpath: //select[@id='settingOrderTypeId']) Passed
2018-08-31 18:36:00,399  INFO (TestNG-tests-1:dweb.aut.pages.templates.PageTemplate:waitUntilElementIsClickable:337) - Element clickable - (By - By.xpath: //select[@id='settingOrderTypeId'])
2018-08-31 18:36:00,400  INFO (TestNG-tests-1:com.testreport.ExtentReporter:logSuccess:134) - StepName - waitUntilElementIsClickable, StepDescription - Element clickable - (By - By.xpath: //select[@id='settingOrderTypeId']) Passed
2018-08-31 18:36:00,536  INFO (TestNG-tests-1:dweb.aut.pages.templates.PageTemplate:click:157) - Click Successful - (By - Lab)
2018-08-31 18:36:00,537  INFO (TestNG-tests-1:com.testreport.ExtentReporter:logSuccess:134) - StepName - Click, StepDescription - Click Performed On Locator - <mark>Lab</mark> Passed
2018-08-31 18:36:00,537  INFO (TestNG-tests-1:dweb.aut.pages.templates.PageTemplate:waitUntilElementIsClickable:337) - Element clickable - (By - By.xpath: //select[@id='settingOrderTypeId'])
2018-08-31 18:36:00,537  INFO (TestNG-tests-1:com.testreport.ExtentReporter:logSuccess:134) - StepName - waitUntilElementIsClickable, StepDescription - Element clickable - (By - By.xpath: //select[@id='settingOrderTypeId']) Passed
2018-08-31 18:36:00,989  INFO (TestNG-tests-1:dweb.aut.pages.templates.PageTemplate:SelectDropDownByText:198) - SelectDropDownByText Successful - (By - By.xpath: //select[@id='settingOrderTypeId'], Visible Text - Lab)
2018-08-31 18:36:00,990  INFO (TestNG-tests-1:com.testreport.ExtentReporter:logSuccess:134) - StepName - SelectDropDownByText, StepDescription - Selected Visible Text - <mark>Lab</mark> On Locator - <mark>By.xpath: //select[@id='settingOrderTypeId']</mark> Passed
2018-08-31 18:36:08,057  INFO (TestNG-tests-1:dweb.aut.pages.templates.PageTemplate:isElementPresent:405) - Element Present - (By - By.xpath: //label[text()='Pick From Library'])
2018-08-31 18:36:08,057  INFO (TestNG-tests-1:com.testreport.ExtentReporter:logSuccess:134) - StepName - isElementPresent, StepDescription - Element Present - (By - By.xpath: //label[text()='Pick From Library']) Passed
2018-08-31 18:36:08,058  INFO (TestNG-tests-1:com.testreport.ExtentReporter:logSuccess:134) - StepName - Element Present, StepDescription - Element is present - <mark>Label Pick From Library</mark> Passed
2018-08-31 18:36:10,157  INFO (TestNG-tests-1:dweb.aut.pages.templates.PageTemplate:isElementPresent:405) - Element Present - (By - By.xpath: //label[contains(.,'Pick From Library')]/../div/button)
2018-08-31 18:36:10,157  INFO (TestNG-tests-1:com.testreport.ExtentReporter:logSuccess:134) - StepName - isElementPresent, StepDescription - Element Present - (By - By.xpath: //label[contains(.,'Pick From Library')]/../div/button) Passed
2018-08-31 18:36:10,158  INFO (TestNG-tests-1:com.testreport.ExtentReporter:logSuccess:134) - StepName - Element Present, StepDescription - Element is present - <mark>Create Library Item Link</mark> Passed
2018-08-31 18:36:10,158  INFO (TestNG-tests-1:dweb.aut.pages.templates.PageTemplate:waitUntilElementIsClickable:337) - Element clickable - (By - By.xpath: //label[text()='Pick From Library']/..//select[@id='libraryselect'])
2018-08-31 18:36:10,158  INFO (TestNG-tests-1:com.testreport.ExtentReporter:logSuccess:134) - StepName - waitUntilElementIsClickable, StepDescription - Element clickable - (By - By.xpath: //label[text()='Pick From Library']/..//select[@id='libraryselect']) Passed
2018-08-31 18:36:10,619  INFO (TestNG-tests-1:dweb.aut.pages.templates.PageTemplate:SelectDropDownByText:198) - SelectDropDownByText Successful - (By - By.xpath: //label[text()='Pick From Library']/..//select[@id='libraryselect'], Visible Text - AnOrder1535720577184)
2018-08-31 18:36:10,619  INFO (TestNG-tests-1:com.testreport.ExtentReporter:logSuccess:134) - StepName - SelectDropDownByText, StepDescription - Selected Visible Text - <mark>AnOrder1535720577184</mark> On Locator - <mark>By.xpath: //label[text()='Pick From Library']/..//select[@id='libraryselect']</mark> Passed
2018-08-31 18:36:14,715  INFO (TestNG-tests-1:dweb.aut.pages.templates.PageTemplate:isElementPresent:405) - Element Present - (By - By.id: description)
2018-08-31 18:36:14,715  INFO (TestNG-tests-1:com.testreport.ExtentReporter:logSuccess:134) - StepName - isElementPresent, StepDescription - Element Present - (By - By.id: description) Passed
2018-08-31 18:36:16,972  INFO (TestNG-tests-1:dweb.aut.pages.templates.PageTemplate:isElementPresent:405) - Element Present - (By - By.xpath: //label[text()='Pick From Library']/..//select[@id='libraryselect'])
2018-08-31 18:36:16,972  INFO (TestNG-tests-1:com.testreport.ExtentReporter:logSuccess:134) - StepName - isElementPresent, StepDescription - Element Present - (By - By.xpath: //label[text()='Pick From Library']/..//select[@id='libraryselect']) Passed
2018-08-31 18:36:19,316  INFO (TestNG-tests-1:dweb.aut.pages.templates.PageTemplate:waitUntilElementIsClickable:337) - Element clickable - (By - By.xpath: //button[text()='Cancel'])
2018-08-31 18:36:19,317  INFO (TestNG-tests-1:com.testreport.ExtentReporter:logSuccess:134) - StepName - waitUntilElementIsClickable, StepDescription - Element clickable - (By - By.xpath: //button[text()='Cancel']) Passed
2018-08-31 18:36:19,317  INFO (TestNG-tests-1:dweb.aut.pages.templates.PageTemplate:waitUntilElementIsClickable:337) - Element clickable - (By - By.xpath: //button[text()='Cancel'])
2018-08-31 18:36:19,317  INFO (TestNG-tests-1:com.testreport.ExtentReporter:logSuccess:134) - StepName - waitUntilElementIsClickable, StepDescription - Element clickable - (By - By.xpath: //button[text()='Cancel']) Passed
2018-08-31 18:36:19,612  INFO (TestNG-tests-1:dweb.aut.pages.templates.PageTemplate:click:157) - Click Successful - (By - Cancel)
2018-08-31 18:36:19,613  INFO (TestNG-tests-1:com.testreport.ExtentReporter:logSuccess:134) - StepName - Click, StepDescription - Click Performed On Locator - <mark>Cancel</mark> Passed
2018-08-31 18:36:31,718  INFO (TestNG-tests-1:dweb.aut.pages.templates.PageTemplate:isElementPresent:405) - Element Present - (By - By.xpath: //button[text()='Create an Order'])
2018-08-31 18:36:31,719  INFO (TestNG-tests-1:com.testreport.ExtentReporter:logSuccess:134) - StepName - isElementPresent, StepDescription - Element Present - (By - By.xpath: //button[text()='Create an Order']) Passed
2018-08-31 18:36:31,719  INFO (TestNG-tests-1:com.testreport.ExtentReporter:logSuccess:127) - Step - Order Created  Passed
2018-08-31 18:36:31,719  INFO (TestNG-tests-1:dweb.aut.pages.templates.PageTemplate:waitUntilElementIsClickable:337) - Element clickable - (By - By.xpath: //button[text()='Create an Order'])
2018-08-31 18:36:31,719  INFO (TestNG-tests-1:com.testreport.ExtentReporter:logSuccess:134) - StepName - waitUntilElementIsClickable, StepDescription - Element clickable - (By - By.xpath: //button[text()='Create an Order']) Passed
2018-08-31 18:36:31,719  INFO (TestNG-tests-1:dweb.aut.pages.templates.PageTemplate:waitUntilElementIsClickable:337) - Element clickable - (By - By.xpath: //button[text()='Create an Order'])
2018-08-31 18:36:31,719  INFO (TestNG-tests-1:com.testreport.ExtentReporter:logSuccess:134) - StepName - waitUntilElementIsClickable, StepDescription - Element clickable - (By - By.xpath: //button[text()='Create an Order']) Passed
2018-08-31 18:36:32,236  INFO (TestNG-tests-1:dweb.aut.pages.templates.PageTemplate:click:157) - Click Successful - (By - Create Order Button)
2018-08-31 18:36:32,237  INFO (TestNG-tests-1:com.testreport.ExtentReporter:logSuccess:134) - StepName - Click, StepDescription - Click Performed On Locator - <mark>Create Order Button</mark> Passed
2018-08-31 18:36:37,237  INFO (TestNG-tests-1:dweb.aut.pages.templates.PageTemplate:waitUntilElementIsVisible:356) - Element visible - (By - By.xpath: //select[@id='settingOrderTypeId'])
2018-08-31 18:36:37,237  INFO (TestNG-tests-1:com.testreport.ExtentReporter:logSuccess:134) - StepName - waitUntilElementIsVisible, StepDescription - Element visible - (By - By.xpath: //select[@id='settingOrderTypeId']) Passed
2018-08-31 18:36:37,237  INFO (TestNG-tests-1:dweb.aut.pages.templates.PageTemplate:waitUntilElementIsClickable:337) - Element clickable - (By - By.xpath: //select[@id='settingOrderTypeId'])
2018-08-31 18:36:37,237  INFO (TestNG-tests-1:com.testreport.ExtentReporter:logSuccess:134) - StepName - waitUntilElementIsClickable, StepDescription - Element clickable - (By - By.xpath: //select[@id='settingOrderTypeId']) Passed
2018-08-31 18:36:37,237  INFO (TestNG-tests-1:dweb.aut.pages.templates.PageTemplate:waitUntilElementIsClickable:337) - Element clickable - (By - By.xpath: //select[@id='settingOrderTypeId'])
2018-08-31 18:36:37,237  INFO (TestNG-tests-1:com.testreport.ExtentReporter:logSuccess:134) - StepName - waitUntilElementIsClickable, StepDescription - Element clickable - (By - By.xpath: //select[@id='settingOrderTypeId']) Passed
2018-08-31 18:36:37,392  INFO (TestNG-tests-1:dweb.aut.pages.templates.PageTemplate:click:157) - Click Successful - (By - Nursing)
2018-08-31 18:36:37,392  INFO (TestNG-tests-1:com.testreport.ExtentReporter:logSuccess:134) - StepName - Click, StepDescription - Click Performed On Locator - <mark>Nursing</mark> Passed
2018-08-31 18:36:37,392  INFO (TestNG-tests-1:dweb.aut.pages.templates.PageTemplate:waitUntilElementIsClickable:337) - Element clickable - (By - By.xpath: //select[@id='settingOrderTypeId'])
2018-08-31 18:36:37,392  INFO (TestNG-tests-1:com.testreport.ExtentReporter:logSuccess:134) - StepName - waitUntilElementIsClickable, StepDescription - Element clickable - (By - By.xpath: //select[@id='settingOrderTypeId']) Passed
2018-08-31 18:36:37,830  INFO (TestNG-tests-1:dweb.aut.pages.templates.PageTemplate:SelectDropDownByText:198) - SelectDropDownByText Successful - (By - By.xpath: //select[@id='settingOrderTypeId'], Visible Text - Nursing)
2018-08-31 18:36:37,831  INFO (TestNG-tests-1:com.testreport.ExtentReporter:logSuccess:134) - StepName - SelectDropDownByText, StepDescription - Selected Visible Text - <mark>Nursing</mark> On Locator - <mark>By.xpath: //select[@id='settingOrderTypeId']</mark> Passed
2018-08-31 18:36:44,962  INFO (TestNG-tests-1:dweb.aut.pages.templates.PageTemplate:isElementPresent:405) - Element Present - (By - By.xpath: //label[text()='Pick From Library'])
2018-08-31 18:36:44,963  INFO (TestNG-tests-1:com.testreport.ExtentReporter:logSuccess:134) - StepName - isElementPresent, StepDescription - Element Present - (By - By.xpath: //label[text()='Pick From Library']) Passed
2018-08-31 18:36:44,963  INFO (TestNG-tests-1:com.testreport.ExtentReporter:logSuccess:134) - StepName - Element Present, StepDescription - Element is present - <mark>Label Pick From Library</mark> Passed
2018-08-31 18:36:47,102  INFO (TestNG-tests-1:dweb.aut.pages.templates.PageTemplate:isElementPresent:405) - Element Present - (By - By.xpath: //label[contains(.,'Pick From Library')]/../div/button)
2018-08-31 18:36:47,102  INFO (TestNG-tests-1:com.testreport.ExtentReporter:logSuccess:134) - StepName - isElementPresent, StepDescription - Element Present - (By - By.xpath: //label[contains(.,'Pick From Library')]/../div/button) Passed
2018-08-31 18:36:47,102  INFO (TestNG-tests-1:com.testreport.ExtentReporter:logSuccess:134) - StepName - Element Present, StepDescription - Element is present - <mark>Create Library Item Link</mark> Passed
2018-08-31 18:36:47,103  INFO (TestNG-tests-1:dweb.aut.pages.templates.PageTemplate:waitUntilElementIsClickable:337) - Element clickable - (By - By.xpath: //label[text()='Pick From Library']/..//select[@id='libraryselect'])
2018-08-31 18:36:47,103  INFO (TestNG-tests-1:com.testreport.ExtentReporter:logSuccess:134) - StepName - waitUntilElementIsClickable, StepDescription - Element clickable - (By - By.xpath: //label[text()='Pick From Library']/..//select[@id='libraryselect']) Passed
2018-08-31 18:36:47,552  INFO (TestNG-tests-1:dweb.aut.pages.templates.PageTemplate:SelectDropDownByText:198) - SelectDropDownByText Successful - (By - By.xpath: //label[text()='Pick From Library']/..//select[@id='libraryselect'], Visible Text - AnOrder1535720577184)
2018-08-31 18:36:47,553  INFO (TestNG-tests-1:com.testreport.ExtentReporter:logSuccess:134) - StepName - SelectDropDownByText, StepDescription - Selected Visible Text - <mark>AnOrder1535720577184</mark> On Locator - <mark>By.xpath: //label[text()='Pick From Library']/..//select[@id='libraryselect']</mark> Passed
2018-08-31 18:36:51,833  INFO (TestNG-tests-1:dweb.aut.pages.templates.PageTemplate:isElementPresent:405) - Element Present - (By - By.id: description)
2018-08-31 18:36:51,833  INFO (TestNG-tests-1:com.testreport.ExtentReporter:logSuccess:134) - StepName - isElementPresent, StepDescription - Element Present - (By - By.id: description) Passed
2018-08-31 18:36:54,172  INFO (TestNG-tests-1:dweb.aut.pages.templates.PageTemplate:isElementPresent:405) - Element Present - (By - By.xpath: //label[text()='Pick From Library']/..//select[@id='libraryselect'])
2018-08-31 18:36:54,173  INFO (TestNG-tests-1:com.testreport.ExtentReporter:logSuccess:134) - StepName - isElementPresent, StepDescription - Element Present - (By - By.xpath: //label[text()='Pick From Library']/..//select[@id='libraryselect']) Passed
2018-08-31 18:36:56,596  INFO (TestNG-tests-1:dweb.aut.pages.templates.PageTemplate:waitUntilElementIsClickable:337) - Element clickable - (By - By.xpath: //button[text()='Cancel'])
2018-08-31 18:36:56,597  INFO (TestNG-tests-1:com.testreport.ExtentReporter:logSuccess:134) - StepName - waitUntilElementIsClickable, StepDescription - Element clickable - (By - By.xpath: //button[text()='Cancel']) Passed
2018-08-31 18:36:56,597  INFO (TestNG-tests-1:dweb.aut.pages.templates.PageTemplate:waitUntilElementIsClickable:337) - Element clickable - (By - By.xpath: //button[text()='Cancel'])
2018-08-31 18:36:56,597  INFO (TestNG-tests-1:com.testreport.ExtentReporter:logSuccess:134) - StepName - waitUntilElementIsClickable, StepDescription - Element clickable - (By - By.xpath: //button[text()='Cancel']) Passed
2018-08-31 18:36:56,940  INFO (TestNG-tests-1:dweb.aut.pages.templates.PageTemplate:click:157) - Click Successful - (By - Cancel)
2018-08-31 18:36:56,941  INFO (TestNG-tests-1:com.testreport.ExtentReporter:logSuccess:134) - StepName - Click, StepDescription - Click Performed On Locator - <mark>Cancel</mark> Passed
2018-08-31 18:37:09,089  INFO (TestNG-tests-1:dweb.aut.pages.templates.PageTemplate:isElementPresent:405) - Element Present - (By - By.xpath: //button[text()='Create an Order'])
2018-08-31 18:37:09,090  INFO (TestNG-tests-1:com.testreport.ExtentReporter:logSuccess:134) - StepName - isElementPresent, StepDescription - Element Present - (By - By.xpath: //button[text()='Create an Order']) Passed
2018-08-31 18:37:09,090  INFO (TestNG-tests-1:com.testreport.ExtentReporter:logSuccess:127) - Step - Order Created  Passed
2018-08-31 18:37:09,090  INFO (TestNG-tests-1:dweb.aut.pages.templates.PageTemplate:waitUntilElementIsClickable:337) - Element clickable - (By - By.xpath: //button[text()='Create an Order'])
2018-08-31 18:37:09,090  INFO (TestNG-tests-1:com.testreport.ExtentReporter:logSuccess:134) - StepName - waitUntilElementIsClickable, StepDescription - Element clickable - (By - By.xpath: //button[text()='Create an Order']) Passed
2018-08-31 18:37:09,091  INFO (TestNG-tests-1:dweb.aut.pages.templates.PageTemplate:waitUntilElementIsClickable:337) - Element clickable - (By - By.xpath: //button[text()='Create an Order'])
2018-08-31 18:37:09,091  INFO (TestNG-tests-1:com.testreport.ExtentReporter:logSuccess:134) - StepName - waitUntilElementIsClickable, StepDescription - Element clickable - (By - By.xpath: //button[text()='Create an Order']) Passed
2018-08-31 18:37:09,669  INFO (TestNG-tests-1:dweb.aut.pages.templates.PageTemplate:click:157) - Click Successful - (By - Create Order Button)
2018-08-31 18:37:09,669  INFO (TestNG-tests-1:com.testreport.ExtentReporter:logSuccess:134) - StepName - Click, StepDescription - Click Performed On Locator - <mark>Create Order Button</mark> Passed
2018-08-31 18:37:14,670  INFO (TestNG-tests-1:dweb.aut.pages.templates.PageTemplate:waitUntilElementIsVisible:356) - Element visible - (By - By.xpath: //select[@id='settingOrderTypeId'])
2018-08-31 18:37:14,670  INFO (TestNG-tests-1:com.testreport.ExtentReporter:logSuccess:134) - StepName - waitUntilElementIsVisible, StepDescription - Element visible - (By - By.xpath: //select[@id='settingOrderTypeId']) Passed
2018-08-31 18:37:14,670  INFO (TestNG-tests-1:dweb.aut.pages.templates.PageTemplate:waitUntilElementIsClickable:337) - Element clickable - (By - By.xpath: //select[@id='settingOrderTypeId'])
2018-08-31 18:37:14,670  INFO (TestNG-tests-1:com.testreport.ExtentReporter:logSuccess:134) - StepName - waitUntilElementIsClickable, StepDescription - Element clickable - (By - By.xpath: //select[@id='settingOrderTypeId']) Passed
2018-08-31 18:37:14,670  INFO (TestNG-tests-1:dweb.aut.pages.templates.PageTemplate:waitUntilElementIsClickable:337) - Element clickable - (By - By.xpath: //select[@id='settingOrderTypeId'])
2018-08-31 18:37:14,670  INFO (TestNG-tests-1:com.testreport.ExtentReporter:logSuccess:134) - StepName - waitUntilElementIsClickable, StepDescription - Element clickable - (By - By.xpath: //select[@id='settingOrderTypeId']) Passed
2018-08-31 18:37:14,808  INFO (TestNG-tests-1:dweb.aut.pages.templates.PageTemplate:click:157) - Click Successful - (By - Nursing Monitoring)
2018-08-31 18:37:14,809  INFO (TestNG-tests-1:com.testreport.ExtentReporter:logSuccess:134) - StepName - Click, StepDescription - Click Performed On Locator - <mark>Nursing Monitoring</mark> Passed
2018-08-31 18:37:14,809  INFO (TestNG-tests-1:dweb.aut.pages.templates.PageTemplate:waitUntilElementIsClickable:337) - Element clickable - (By - By.xpath: //select[@id='settingOrderTypeId'])
2018-08-31 18:37:14,809  INFO (TestNG-tests-1:com.testreport.ExtentReporter:logSuccess:134) - StepName - waitUntilElementIsClickable, StepDescription - Element clickable - (By - By.xpath: //select[@id='settingOrderTypeId']) Passed
2018-08-31 18:37:15,245  INFO (TestNG-tests-1:dweb.aut.pages.templates.PageTemplate:SelectDropDownByText:198) - SelectDropDownByText Successful - (By - By.xpath: //select[@id='settingOrderTypeId'], Visible Text - Nursing Monitoring)
2018-08-31 18:37:15,246  INFO (TestNG-tests-1:com.testreport.ExtentReporter:logSuccess:134) - StepName - SelectDropDownByText, StepDescription - Selected Visible Text - <mark>Nursing Monitoring</mark> On Locator - <mark>By.xpath: //select[@id='settingOrderTypeId']</mark> Passed
2018-08-31 18:37:22,372  INFO (TestNG-tests-1:dweb.aut.pages.templates.PageTemplate:isElementPresent:405) - Element Present - (By - By.xpath: //label[text()='Pick From Library'])
2018-08-31 18:37:22,372  INFO (TestNG-tests-1:com.testreport.ExtentReporter:logSuccess:134) - StepName - isElementPresent, StepDescription - Element Present - (By - By.xpath: //label[text()='Pick From Library']) Passed
2018-08-31 18:37:22,372  INFO (TestNG-tests-1:com.testreport.ExtentReporter:logSuccess:134) - StepName - Element Present, StepDescription - Element is present - <mark>Label Pick From Library</mark> Passed
2018-08-31 18:37:24,499  INFO (TestNG-tests-1:dweb.aut.pages.templates.PageTemplate:isElementPresent:405) - Element Present - (By - By.xpath: //label[contains(.,'Pick From Library')]/../div/button)
2018-08-31 18:37:24,500  INFO (TestNG-tests-1:com.testreport.ExtentReporter:logSuccess:134) - StepName - isElementPresent, StepDescription - Element Present - (By - By.xpath: //label[contains(.,'Pick From Library')]/../div/button) Passed
2018-08-31 18:37:24,500  INFO (TestNG-tests-1:com.testreport.ExtentReporter:logSuccess:134) - StepName - Element Present, StepDescription - Element is present - <mark>Create Library Item Link</mark> Passed
2018-08-31 18:37:24,500  INFO (TestNG-tests-1:dweb.aut.pages.templates.PageTemplate:waitUntilElementIsClickable:337) - Element clickable - (By - By.xpath: //label[text()='Pick From Library']/..//select[@id='libraryselect'])
2018-08-31 18:37:24,500  INFO (TestNG-tests-1:com.testreport.ExtentReporter:logSuccess:134) - StepName - waitUntilElementIsClickable, StepDescription - Element clickable - (By - By.xpath: //label[text()='Pick From Library']/..//select[@id='libraryselect']) Passed
2018-08-31 18:37:24,956  INFO (TestNG-tests-1:dweb.aut.pages.templates.PageTemplate:SelectDropDownByText:198) - SelectDropDownByText Successful - (By - By.xpath: //label[text()='Pick From Library']/..//select[@id='libraryselect'], Visible Text - AnOrder1535720577184)
2018-08-31 18:37:24,957  INFO (TestNG-tests-1:com.testreport.ExtentReporter:logSuccess:134) - StepName - SelectDropDownByText, StepDescription - Selected Visible Text - <mark>AnOrder1535720577184</mark> On Locator - <mark>By.xpath: //label[text()='Pick From Library']/..//select[@id='libraryselect']</mark> Passed
2018-08-31 18:37:29,176  INFO (TestNG-tests-1:dweb.aut.pages.templates.PageTemplate:isElementPresent:405) - Element Present - (By - By.id: description)
2018-08-31 18:37:29,176  INFO (TestNG-tests-1:com.testreport.ExtentReporter:logSuccess:134) - StepName - isElementPresent, StepDescription - Element Present - (By - By.id: description) Passed
2018-08-31 18:37:31,479  INFO (TestNG-tests-1:dweb.aut.pages.templates.PageTemplate:isElementPresent:405) - Element Present - (By - By.xpath: //label[text()='Pick From Library']/..//select[@id='libraryselect'])
2018-08-31 18:37:31,479  INFO (TestNG-tests-1:com.testreport.ExtentReporter:logSuccess:134) - StepName - isElementPresent, StepDescription - Element Present - (By - By.xpath: //label[text()='Pick From Library']/..//select[@id='libraryselect']) Passed
2018-08-31 18:37:33,892  INFO (TestNG-tests-1:dweb.aut.pages.templates.PageTemplate:waitUntilElementIsClickable:337) - Element clickable - (By - By.xpath: //button[text()='Cancel'])
2018-08-31 18:37:33,893  INFO (TestNG-tests-1:com.testreport.ExtentReporter:logSuccess:134) - StepName - waitUntilElementIsClickable, StepDescription - Element clickable - (By - By.xpath: //button[text()='Cancel']) Passed
2018-08-31 18:37:33,893  INFO (TestNG-tests-1:dweb.aut.pages.templates.PageTemplate:waitUntilElementIsClickable:337) - Element clickable - (By - By.xpath: //button[text()='Cancel'])
2018-08-31 18:37:33,894  INFO (TestNG-tests-1:com.testreport.ExtentReporter:logSuccess:134) - StepName - waitUntilElementIsClickable, StepDescription - Element clickable - (By - By.xpath: //button[text()='Cancel']) Passed
2018-08-31 18:37:34,170  INFO (TestNG-tests-1:dweb.aut.pages.templates.PageTemplate:click:157) - Click Successful - (By - Cancel)
2018-08-31 18:37:34,170  INFO (TestNG-tests-1:com.testreport.ExtentReporter:logSuccess:134) - StepName - Click, StepDescription - Click Performed On Locator - <mark>Cancel</mark> Passed
2018-08-31 18:37:46,265  INFO (TestNG-tests-1:dweb.aut.pages.templates.PageTemplate:isElementPresent:405) - Element Present - (By - By.xpath: //button[text()='Create an Order'])
2018-08-31 18:37:46,266  INFO (TestNG-tests-1:com.testreport.ExtentReporter:logSuccess:134) - StepName - isElementPresent, StepDescription - Element Present - (By - By.xpath: //button[text()='Create an Order']) Passed
2018-08-31 18:37:46,266  INFO (TestNG-tests-1:com.testreport.ExtentReporter:logSuccess:127) - Step - Order Created  Passed
2018-08-31 18:37:46,266  INFO (TestNG-tests-1:dweb.aut.pages.templates.PageTemplate:waitUntilElementIsClickable:337) - Element clickable - (By - By.xpath: //button[text()='Create an Order'])
2018-08-31 18:37:46,266  INFO (TestNG-tests-1:com.testreport.ExtentReporter:logSuccess:134) - StepName - waitUntilElementIsClickable, StepDescription - Element clickable - (By - By.xpath: //button[text()='Create an Order']) Passed
2018-08-31 18:37:46,266  INFO (TestNG-tests-1:dweb.aut.pages.templates.PageTemplate:waitUntilElementIsClickable:337) - Element clickable - (By - By.xpath: //button[text()='Create an Order'])
2018-08-31 18:37:46,266  INFO (TestNG-tests-1:com.testreport.ExtentReporter:logSuccess:134) - StepName - waitUntilElementIsClickable, StepDescription - Element clickable - (By - By.xpath: //button[text()='Create an Order']) Passed
2018-08-31 18:37:46,776  INFO (TestNG-tests-1:dweb.aut.pages.templates.PageTemplate:click:157) - Click Successful - (By - Create Order Button)
2018-08-31 18:37:46,776  INFO (TestNG-tests-1:com.testreport.ExtentReporter:logSuccess:134) - StepName - Click, StepDescription - Click Performed On Locator - <mark>Create Order Button</mark> Passed
2018-08-31 18:37:51,776  INFO (TestNG-tests-1:dweb.aut.pages.templates.PageTemplate:waitUntilElementIsVisible:356) - Element visible - (By - By.xpath: //select[@id='settingOrderTypeId'])
2018-08-31 18:37:51,776  INFO (TestNG-tests-1:com.testreport.ExtentReporter:logSuccess:134) - StepName - waitUntilElementIsVisible, StepDescription - Element visible - (By - By.xpath: //select[@id='settingOrderTypeId']) Passed
2018-08-31 18:37:51,776  INFO (TestNG-tests-1:dweb.aut.pages.templates.PageTemplate:waitUntilElementIsClickable:337) - Element clickable - (By - By.xpath: //select[@id='settingOrderTypeId'])
2018-08-31 18:37:51,776  INFO (TestNG-tests-1:com.testreport.ExtentReporter:logSuccess:134) - StepName - waitUntilElementIsClickable, StepDescription - Element clickable - (By - By.xpath: //select[@id='settingOrderTypeId']) Passed
2018-08-31 18:37:51,776  INFO (TestNG-tests-1:dweb.aut.pages.templates.PageTemplate:waitUntilElementIsClickable:337) - Element clickable - (By - By.xpath: //select[@id='settingOrderTypeId'])
2018-08-31 18:37:51,776  INFO (TestNG-tests-1:com.testreport.ExtentReporter:logSuccess:134) - StepName - waitUntilElementIsClickable, StepDescription - Element clickable - (By - By.xpath: //select[@id='settingOrderTypeId']) Passed
2018-08-31 18:37:51,933  INFO (TestNG-tests-1:dweb.aut.pages.templates.PageTemplate:click:157) - Click Successful - (By - Therapy)
2018-08-31 18:37:51,933  INFO (TestNG-tests-1:com.testreport.ExtentReporter:logSuccess:134) - StepName - Click, StepDescription - Click Performed On Locator - <mark>Therapy</mark> Passed
2018-08-31 18:37:51,933  INFO (TestNG-tests-1:dweb.aut.pages.templates.PageTemplate:waitUntilElementIsClickable:337) - Element clickable - (By - By.xpath: //select[@id='settingOrderTypeId'])
2018-08-31 18:37:51,933  INFO (TestNG-tests-1:com.testreport.ExtentReporter:logSuccess:134) - StepName - waitUntilElementIsClickable, StepDescription - Element clickable - (By - By.xpath: //select[@id='settingOrderTypeId']) Passed
2018-08-31 18:37:52,338  INFO (TestNG-tests-1:dweb.aut.pages.templates.PageTemplate:SelectDropDownByText:198) - SelectDropDownByText Successful - (By - By.xpath: //select[@id='settingOrderTypeId'], Visible Text - Therapy)
2018-08-31 18:37:52,339  INFO (TestNG-tests-1:com.testreport.ExtentReporter:logSuccess:134) - StepName - SelectDropDownByText, StepDescription - Selected Visible Text - <mark>Therapy</mark> On Locator - <mark>By.xpath: //select[@id='settingOrderTypeId']</mark> Passed
2018-08-31 18:37:59,457  INFO (TestNG-tests-1:dweb.aut.pages.templates.PageTemplate:isElementPresent:405) - Element Present - (By - By.xpath: //label[text()='Pick From Library'])
2018-08-31 18:37:59,457  INFO (TestNG-tests-1:com.testreport.ExtentReporter:logSuccess:134) - StepName - isElementPresent, StepDescription - Element Present - (By - By.xpath: //label[text()='Pick From Library']) Passed
2018-08-31 18:37:59,458  INFO (TestNG-tests-1:com.testreport.ExtentReporter:logSuccess:134) - StepName - Element Present, StepDescription - Element is present - <mark>Label Pick From Library</mark> Passed
2018-08-31 18:38:01,587  INFO (TestNG-tests-1:dweb.aut.pages.templates.PageTemplate:isElementPresent:405) - Element Present - (By - By.xpath: //label[contains(.,'Pick From Library')]/../div/button)
2018-08-31 18:38:01,588  INFO (TestNG-tests-1:com.testreport.ExtentReporter:logSuccess:134) - StepName - isElementPresent, StepDescription - Element Present - (By - By.xpath: //label[contains(.,'Pick From Library')]/../div/button) Passed
2018-08-31 18:38:01,588  INFO (TestNG-tests-1:com.testreport.ExtentReporter:logSuccess:134) - StepName - Element Present, StepDescription - Element is present - <mark>Create Library Item Link</mark> Passed
2018-08-31 18:38:01,588  INFO (TestNG-tests-1:dweb.aut.pages.templates.PageTemplate:waitUntilElementIsClickable:337) - Element clickable - (By - By.xpath: //label[text()='Pick From Library']/..//select[@id='libraryselect'])
2018-08-31 18:38:01,588  INFO (TestNG-tests-1:com.testreport.ExtentReporter:logSuccess:134) - StepName - waitUntilElementIsClickable, StepDescription - Element clickable - (By - By.xpath: //label[text()='Pick From Library']/..//select[@id='libraryselect']) Passed
2018-08-31 18:38:02,020  INFO (TestNG-tests-1:dweb.aut.pages.templates.PageTemplate:SelectDropDownByText:198) - SelectDropDownByText Successful - (By - By.xpath: //label[text()='Pick From Library']/..//select[@id='libraryselect'], Visible Text - AnOrder1535720577184)
2018-08-31 18:38:02,021  INFO (TestNG-tests-1:com.testreport.ExtentReporter:logSuccess:134) - StepName - SelectDropDownByText, StepDescription - Selected Visible Text - <mark>AnOrder1535720577184</mark> On Locator - <mark>By.xpath: //label[text()='Pick From Library']/..//select[@id='libraryselect']</mark> Passed
2018-08-31 18:38:06,191  INFO (TestNG-tests-1:dweb.aut.pages.templates.PageTemplate:isElementPresent:405) - Element Present - (By - By.id: description)
2018-08-31 18:38:06,192  INFO (TestNG-tests-1:com.testreport.ExtentReporter:logSuccess:134) - StepName - isElementPresent, StepDescription - Element Present - (By - By.id: description) Passed
2018-08-31 18:38:08,466  INFO (TestNG-tests-1:dweb.aut.pages.templates.PageTemplate:isElementPresent:405) - Element Present - (By - By.xpath: //label[text()='Pick From Library']/..//select[@id='libraryselect'])
2018-08-31 18:38:08,466  INFO (TestNG-tests-1:com.testreport.ExtentReporter:logSuccess:134) - StepName - isElementPresent, StepDescription - Element Present - (By - By.xpath: //label[text()='Pick From Library']/..//select[@id='libraryselect']) Passed
2018-08-31 18:38:10,896  INFO (TestNG-tests-1:dweb.aut.pages.templates.PageTemplate:waitUntilElementIsClickable:337) - Element clickable - (By - By.xpath: //button[text()='Cancel'])
2018-08-31 18:38:10,896  INFO (TestNG-tests-1:com.testreport.ExtentReporter:logSuccess:134) - StepName - waitUntilElementIsClickable, StepDescription - Element clickable - (By - By.xpath: //button[text()='Cancel']) Passed
2018-08-31 18:38:10,897  INFO (TestNG-tests-1:dweb.aut.pages.templates.PageTemplate:waitUntilElementIsClickable:337) - Element clickable - (By - By.xpath: //button[text()='Cancel'])
2018-08-31 18:38:10,897  INFO (TestNG-tests-1:com.testreport.ExtentReporter:logSuccess:134) - StepName - waitUntilElementIsClickable, StepDescription - Element clickable - (By - By.xpath: //button[text()='Cancel']) Passed
2018-08-31 18:38:11,211  INFO (TestNG-tests-1:dweb.aut.pages.templates.PageTemplate:click:157) - Click Successful - (By - Cancel)
2018-08-31 18:38:11,212  INFO (TestNG-tests-1:com.testreport.ExtentReporter:logSuccess:134) - StepName - Click, StepDescription - Click Performed On Locator - <mark>Cancel</mark> Passed
2018-08-31 18:38:23,269  INFO (TestNG-tests-1:dweb.aut.pages.templates.PageTemplate:isElementPresent:405) - Element Present - (By - By.xpath: //button[text()='Create an Order'])
2018-08-31 18:38:23,270  INFO (TestNG-tests-1:com.testreport.ExtentReporter:logSuccess:134) - StepName - isElementPresent, StepDescription - Element Present - (By - By.xpath: //button[text()='Create an Order']) Passed
2018-08-31 18:38:23,270  INFO (TestNG-tests-1:com.testreport.ExtentReporter:logSuccess:127) - Step - Order Created  Passed
2018-08-31 18:38:23,270  INFO (TestNG-tests-1:dweb.aut.pages.templates.PageTemplate:waitUntilElementIsClickable:337) - Element clickable - (By - By.xpath: //button[text()='Create an Order'])
2018-08-31 18:38:23,270  INFO (TestNG-tests-1:com.testreport.ExtentReporter:logSuccess:134) - StepName - waitUntilElementIsClickable, StepDescription - Element clickable - (By - By.xpath: //button[text()='Create an Order']) Passed
2018-08-31 18:38:23,270  INFO (TestNG-tests-1:dweb.aut.pages.templates.PageTemplate:waitUntilElementIsClickable:337) - Element clickable - (By - By.xpath: //button[text()='Create an Order'])
2018-08-31 18:38:23,270  INFO (TestNG-tests-1:com.testreport.ExtentReporter:logSuccess:134) - StepName - waitUntilElementIsClickable, StepDescription - Element clickable - (By - By.xpath: //button[text()='Create an Order']) Passed
2018-08-31 18:38:23,804  INFO (TestNG-tests-1:dweb.aut.pages.templates.PageTemplate:click:157) - Click Successful - (By - Create Order Button)
2018-08-31 18:38:23,805  INFO (TestNG-tests-1:com.testreport.ExtentReporter:logSuccess:134) - StepName - Click, StepDescription - Click Performed On Locator - <mark>Create Order Button</mark> Passed
2018-08-31 18:38:28,805  INFO (TestNG-tests-1:dweb.aut.pages.templates.PageTemplate:waitUntilElementIsVisible:356) - Element visible - (By - By.xpath: //select[@id='settingOrderTypeId'])
2018-08-31 18:38:28,805  INFO (TestNG-tests-1:com.testreport.ExtentReporter:logSuccess:134) - StepName - waitUntilElementIsVisible, StepDescription - Element visible - (By - By.xpath: //select[@id='settingOrderTypeId']) Passed
2018-08-31 18:38:28,805  INFO (TestNG-tests-1:dweb.aut.pages.templates.PageTemplate:waitUntilElementIsClickable:337) - Element clickable - (By - By.xpath: //select[@id='settingOrderTypeId'])
2018-08-31 18:38:28,805  INFO (TestNG-tests-1:com.testreport.ExtentReporter:logSuccess:134) - StepName - waitUntilElementIsClickable, StepDescription - Element clickable - (By - By.xpath: //select[@id='settingOrderTypeId']) Passed
2018-08-31 18:38:28,805  INFO (TestNG-tests-1:dweb.aut.pages.templates.PageTemplate:waitUntilElementIsClickable:337) - Element clickable - (By - By.xpath: //select[@id='settingOrderTypeId'])
2018-08-31 18:38:28,805  INFO (TestNG-tests-1:com.testreport.ExtentReporter:logSuccess:134) - StepName - waitUntilElementIsClickable, StepDescription - Element clickable - (By - By.xpath: //select[@id='settingOrderTypeId']) Passed
2018-08-31 18:38:28,934  INFO (TestNG-tests-1:dweb.aut.pages.templates.PageTemplate:click:157) - Click Successful - (By - Treatment)
2018-08-31 18:38:28,935  INFO (TestNG-tests-1:com.testreport.ExtentReporter:logSuccess:134) - StepName - Click, StepDescription - Click Performed On Locator - <mark>Treatment</mark> Passed
2018-08-31 18:38:28,935  INFO (TestNG-tests-1:dweb.aut.pages.templates.PageTemplate:waitUntilElementIsClickable:337) - Element clickable - (By - By.xpath: //select[@id='settingOrderTypeId'])
2018-08-31 18:38:28,935  INFO (TestNG-tests-1:com.testreport.ExtentReporter:logSuccess:134) - StepName - waitUntilElementIsClickable, StepDescription - Element clickable - (By - By.xpath: //select[@id='settingOrderTypeId']) Passed
2018-08-31 18:38:29,335  INFO (TestNG-tests-1:dweb.aut.pages.templates.PageTemplate:SelectDropDownByText:198) - SelectDropDownByText Successful - (By - By.xpath: //select[@id='settingOrderTypeId'], Visible Text - Treatment)
2018-08-31 18:38:29,336  INFO (TestNG-tests-1:com.testreport.ExtentReporter:logSuccess:134) - StepName - SelectDropDownByText, StepDescription - Selected Visible Text - <mark>Treatment</mark> On Locator - <mark>By.xpath: //select[@id='settingOrderTypeId']</mark> Passed
2018-08-31 18:38:36,413  INFO (TestNG-tests-1:dweb.aut.pages.templates.PageTemplate:isElementPresent:405) - Element Present - (By - By.xpath: //label[text()='Pick From Library'])
2018-08-31 18:38:36,414  INFO (TestNG-tests-1:com.testreport.ExtentReporter:logSuccess:134) - StepName - isElementPresent, StepDescription - Element Present - (By - By.xpath: //label[text()='Pick From Library']) Passed
2018-08-31 18:38:36,414  INFO (TestNG-tests-1:com.testreport.ExtentReporter:logSuccess:134) - StepName - Element Present, StepDescription - Element is present - <mark>Label Pick From Library</mark> Passed
2018-08-31 18:38:38,543  INFO (TestNG-tests-1:dweb.aut.pages.templates.PageTemplate:isElementPresent:405) - Element Present - (By - By.xpath: //label[contains(.,'Pick From Library')]/../div/button)
2018-08-31 18:38:38,544  INFO (TestNG-tests-1:com.testreport.ExtentReporter:logSuccess:134) - StepName - isElementPresent, StepDescription - Element Present - (By - By.xpath: //label[contains(.,'Pick From Library')]/../div/button) Passed
2018-08-31 18:38:38,544  INFO (TestNG-tests-1:com.testreport.ExtentReporter:logSuccess:134) - StepName - Element Present, StepDescription - Element is present - <mark>Create Library Item Link</mark> Passed
2018-08-31 18:38:38,544  INFO (TestNG-tests-1:dweb.aut.pages.templates.PageTemplate:waitUntilElementIsClickable:337) - Element clickable - (By - By.xpath: //label[text()='Pick From Library']/..//select[@id='libraryselect'])
2018-08-31 18:38:38,545  INFO (TestNG-tests-1:com.testreport.ExtentReporter:logSuccess:134) - StepName - waitUntilElementIsClickable, StepDescription - Element clickable - (By - By.xpath: //label[text()='Pick From Library']/..//select[@id='libraryselect']) Passed
2018-08-31 18:38:39,031  INFO (TestNG-tests-1:dweb.aut.pages.templates.PageTemplate:SelectDropDownByText:198) - SelectDropDownByText Successful - (By - By.xpath: //label[text()='Pick From Library']/..//select[@id='libraryselect'], Visible Text - AnOrder1535720577184)
2018-08-31 18:38:39,032  INFO (TestNG-tests-1:com.testreport.ExtentReporter:logSuccess:134) - StepName - SelectDropDownByText, StepDescription - Selected Visible Text - <mark>AnOrder1535720577184</mark> On Locator - <mark>By.xpath: //label[text()='Pick From Library']/..//select[@id='libraryselect']</mark> Passed
2018-08-31 18:38:43,243  INFO (TestNG-tests-1:dweb.aut.pages.templates.PageTemplate:isElementPresent:405) - Element Present - (By - By.id: description)
2018-08-31 18:38:43,243  INFO (TestNG-tests-1:com.testreport.ExtentReporter:logSuccess:134) - StepName - isElementPresent, StepDescription - Element Present - (By - By.id: description) Passed
2018-08-31 18:38:45,507  INFO (TestNG-tests-1:dweb.aut.pages.templates.PageTemplate:isElementPresent:405) - Element Present - (By - By.xpath: //label[text()='Pick From Library']/..//select[@id='libraryselect'])
2018-08-31 18:38:45,507  INFO (TestNG-tests-1:com.testreport.ExtentReporter:logSuccess:134) - StepName - isElementPresent, StepDescription - Element Present - (By - By.xpath: //label[text()='Pick From Library']/..//select[@id='libraryselect']) Passed
2018-08-31 18:38:49,204  INFO (TestNG-tests-1:dweb.aut.pages.templates.PageTemplate:waitUntilElementIsClickable:337) - Element clickable - (By - By.xpath: //button[text()='Cancel'])
2018-08-31 18:38:49,204  INFO (TestNG-tests-1:com.testreport.ExtentReporter:logSuccess:134) - StepName - waitUntilElementIsClickable, StepDescription - Element clickable - (By - By.xpath: //button[text()='Cancel']) Passed
2018-08-31 18:38:49,205  INFO (TestNG-tests-1:dweb.aut.pages.templates.PageTemplate:waitUntilElementIsClickable:337) - Element clickable - (By - By.xpath: //button[text()='Cancel'])
2018-08-31 18:38:49,205  INFO (TestNG-tests-1:com.testreport.ExtentReporter:logSuccess:134) - StepName - waitUntilElementIsClickable, StepDescription - Element clickable - (By - By.xpath: //button[text()='Cancel']) Passed
2018-08-31 18:38:49,790  INFO (TestNG-tests-1:dweb.aut.pages.templates.PageTemplate:click:157) - Click Successful - (By - Cancel)
2018-08-31 18:38:49,790  INFO (TestNG-tests-1:com.testreport.ExtentReporter:logSuccess:134) - StepName - Click, StepDescription - Click Performed On Locator - <mark>Cancel</mark> Passed
2018-08-31 18:38:56,967  INFO (TestNG-tests-1:dweb.aut.pages.templates.PageTemplate:isElementPresent:405) - Element Present - (By - By.xpath: //div[contains(@class,'col-md-auto')]//button)
2018-08-31 18:38:56,967  INFO (TestNG-tests-1:com.testreport.ExtentReporter:logSuccess:134) - StepName - isElementPresent, StepDescription - Element Present - (By - By.xpath: //div[contains(@class,'col-md-auto')]//button) Passed
2018-08-31 18:38:56,967  INFO (TestNG-tests-1:com.testreport.ExtentReporter:logSuccess:134) - StepName - Element Present, StepDescription - Element is present - <mark>Menu Button</mark> Passed
2018-08-31 18:38:56,967  INFO (TestNG-tests-1:dweb.aut.pages.templates.PageTemplate:waitUntilElementIsClickable:337) - Element clickable - (By - By.xpath: //div[contains(@class,'col-md-auto')]//button)
2018-08-31 18:38:56,967  INFO (TestNG-tests-1:com.testreport.ExtentReporter:logSuccess:134) - StepName - waitUntilElementIsClickable, StepDescription - Element clickable - (By - By.xpath: //div[contains(@class,'col-md-auto')]//button) Passed
2018-08-31 18:38:56,967  INFO (TestNG-tests-1:dweb.aut.pages.templates.PageTemplate:waitUntilElementIsClickable:337) - Element clickable - (By - By.xpath: //div[contains(@class,'col-md-auto')]//button)
2018-08-31 18:38:56,967  INFO (TestNG-tests-1:com.testreport.ExtentReporter:logSuccess:134) - StepName - waitUntilElementIsClickable, StepDescription - Element clickable - (By - By.xpath: //div[contains(@class,'col-md-auto')]//button) Passed
2018-08-31 18:38:57,238  INFO (TestNG-tests-1:dweb.aut.pages.templates.PageTemplate:click:157) - Click Successful - (By - Menu Button)
2018-08-31 18:38:57,239  INFO (TestNG-tests-1:com.testreport.ExtentReporter:logSuccess:134) - StepName - Click, StepDescription - Click Performed On Locator - <mark>Menu Button</mark> Passed
2018-08-31 18:38:57,239  INFO (TestNG-tests-1:dweb.aut.pages.templates.PageTemplate:waitUntilElementIsClickable:337) - Element clickable - (By - By.xpath: //div[@class='modal-content']//img[@src='https://cdn.bluestrataemr.com/Images/Menu/sigma_educationicons_school_128.png'])
2018-08-31 18:38:57,239  INFO (TestNG-tests-1:com.testreport.ExtentReporter:logSuccess:134) - StepName - waitUntilElementIsClickable, StepDescription - Element clickable - (By - By.xpath: //div[@class='modal-content']//img[@src='https://cdn.bluestrataemr.com/Images/Menu/sigma_educationicons_school_128.png']) Passed
2018-08-31 18:38:57,239  INFO (TestNG-tests-1:dweb.aut.pages.templates.PageTemplate:waitUntilElementIsClickable:337) - Element clickable - (By - By.xpath: //div[@class='modal-content']//img[@src='https://cdn.bluestrataemr.com/Images/Menu/sigma_educationicons_school_128.png'])
2018-08-31 18:38:57,239  INFO (TestNG-tests-1:com.testreport.ExtentReporter:logSuccess:134) - StepName - waitUntilElementIsClickable, StepDescription - Element clickable - (By - By.xpath: //div[@class='modal-content']//img[@src='https://cdn.bluestrataemr.com/Images/Menu/sigma_educationicons_school_128.png']) Passed
2018-08-31 18:38:58,610  INFO (TestNG-tests-1:dweb.aut.pages.templates.PageTemplate:click:157) - Click Successful - (By - Facility Portal Option)
2018-08-31 18:38:58,610  INFO (TestNG-tests-1:com.testreport.ExtentReporter:logSuccess:134) - StepName - Click, StepDescription - Click Performed On Locator - <mark>Facility Portal Option</mark> Passed
2018-08-31 18:39:00,665  INFO (TestNG-tests-1:dweb.aut.pages.templates.PageTemplate:isElementPresent:405) - Element Present - (By - By.xpath: //button[text()='Maintenance'])
2018-08-31 18:39:00,665  INFO (TestNG-tests-1:com.testreport.ExtentReporter:logSuccess:134) - StepName - isElementPresent, StepDescription - Element Present - (By - By.xpath: //button[text()='Maintenance']) Passed
2018-08-31 18:39:02,796  INFO (TestNG-tests-1:dweb.aut.pages.templates.PageTemplate:isElementPresent:405) - Element Present - (By - By.xpath: //button[text()='Maintenance'])
2018-08-31 18:39:02,797  INFO (TestNG-tests-1:com.testreport.ExtentReporter:logSuccess:134) - StepName - isElementPresent, StepDescription - Element Present - (By - By.xpath: //button[text()='Maintenance']) Passed
2018-08-31 18:39:02,797  INFO (TestNG-tests-1:com.testreport.ExtentReporter:logSuccess:134) - StepName - Element Present, StepDescription - Element is present - <mark>Maintenance</mark> Passed
2018-08-31 18:39:02,797  INFO (TestNG-tests-1:dweb.aut.pages.templates.PageTemplate:waitUntilElementIsClickable:337) - Element clickable - (By - By.xpath: //button[text()='Maintenance'])
2018-08-31 18:39:02,797  INFO (TestNG-tests-1:com.testreport.ExtentReporter:logSuccess:134) - StepName - waitUntilElementIsClickable, StepDescription - Element clickable - (By - By.xpath: //button[text()='Maintenance']) Passed
2018-08-31 18:39:02,797  INFO (TestNG-tests-1:dweb.aut.pages.templates.PageTemplate:waitUntilElementIsClickable:337) - Element clickable - (By - By.xpath: //button[text()='Maintenance'])
2018-08-31 18:39:02,798  INFO (TestNG-tests-1:com.testreport.ExtentReporter:logSuccess:134) - StepName - waitUntilElementIsClickable, StepDescription - Element clickable - (By - By.xpath: //button[text()='Maintenance']) Passed
2018-08-31 18:39:02,944  INFO (TestNG-tests-1:dweb.aut.pages.templates.PageTemplate:click:157) - Click Successful - (By - Maintenance)
2018-08-31 18:39:02,945  INFO (TestNG-tests-1:com.testreport.ExtentReporter:logSuccess:134) - StepName - Click, StepDescription - Click Performed On Locator - <mark>Maintenance</mark> Passed
2018-08-31 18:39:05,060  INFO (TestNG-tests-1:dweb.aut.pages.templates.PageTemplate:isElementPresent:405) - Element Present - (By - By.xpath: //button[text()='Manage Order Sets'])
2018-08-31 18:39:05,061  INFO (TestNG-tests-1:com.testreport.ExtentReporter:logSuccess:134) - StepName - isElementPresent, StepDescription - Element Present - (By - By.xpath: //button[text()='Manage Order Sets']) Passed
2018-08-31 18:39:07,174  INFO (TestNG-tests-1:dweb.aut.pages.templates.PageTemplate:isElementPresent:405) - Element Present - (By - By.xpath: //button[text()='Manage Order Sets'])
2018-08-31 18:39:07,175  INFO (TestNG-tests-1:com.testreport.ExtentReporter:logSuccess:134) - StepName - isElementPresent, StepDescription - Element Present - (By - By.xpath: //button[text()='Manage Order Sets']) Passed
2018-08-31 18:39:07,175  INFO (TestNG-tests-1:com.testreport.ExtentReporter:logSuccess:134) - StepName - Element Present, StepDescription - Element is present - <mark>Manage Order Sets</mark> Passed
2018-08-31 18:39:09,291  INFO (TestNG-tests-1:dweb.aut.pages.templates.PageTemplate:isElementPresent:405) - Element Present - (By - By.xpath: //button[text()='Manage Order Library'])
2018-08-31 18:39:09,292  INFO (TestNG-tests-1:com.testreport.ExtentReporter:logSuccess:134) - StepName - isElementPresent, StepDescription - Element Present - (By - By.xpath: //button[text()='Manage Order Library']) Passed
2018-08-31 18:39:09,292  INFO (TestNG-tests-1:com.testreport.ExtentReporter:logSuccess:134) - StepName - Element Present, StepDescription - Element is present - <mark>Manage Order Library</mark> Passed
2018-08-31 18:39:09,292  INFO (TestNG-tests-1:dweb.aut.pages.templates.PageTemplate:waitUntilElementIsClickable:337) - Element clickable - (By - By.xpath: //button[text()='Manage Order Library'])
2018-08-31 18:39:09,292  INFO (TestNG-tests-1:com.testreport.ExtentReporter:logSuccess:134) - StepName - waitUntilElementIsClickable, StepDescription - Element clickable - (By - By.xpath: //button[text()='Manage Order Library']) Passed
2018-08-31 18:39:09,292  INFO (TestNG-tests-1:dweb.aut.pages.templates.PageTemplate:waitUntilElementIsClickable:337) - Element clickable - (By - By.xpath: //button[text()='Manage Order Library'])
2018-08-31 18:39:09,292  INFO (TestNG-tests-1:com.testreport.ExtentReporter:logSuccess:134) - StepName - waitUntilElementIsClickable, StepDescription - Element clickable - (By - By.xpath: //button[text()='Manage Order Library']) Passed
2018-08-31 18:39:09,413  INFO (TestNG-tests-1:dweb.aut.pages.templates.PageTemplate:click:157) - Click Successful - (By - )
2018-08-31 18:39:09,414  INFO (TestNG-tests-1:com.testreport.ExtentReporter:logSuccess:134) - StepName - Click, StepDescription - Click Performed On Locator - <mark></mark> Passed
2018-08-31 18:39:31,507  INFO (TestNG-tests-1:dweb.aut.pages.templates.PageTemplate:isElementPresent:410) - Element Not Prensent - (By - By.xpath: //button[@id='typeDropDown'])
2018-08-31 18:39:31,508  INFO (TestNG-tests-1:com.testreport.ExtentReporter:logInfo:184) - Element Not Prensent - (By - By.xpath: //button[@id='typeDropDown'])
2018-08-31 18:39:31,509 ERROR (TestNG-tests-1:com.testreport.ExtentReporter:logFailure:162) - StepName - Element Not Present, StepDescription - Element not present - <mark>Order Template Filter By Type</mark> Failed
2018-08-31 18:39:31,509  INFO (TestNG-tests-1:dweb.aut.pages.templates.PageTemplate:waitUntilElementIsClickable:337) - Element clickable - (By - By.xpath: //button[@id='typeDropDown'])
2018-08-31 18:39:31,510  INFO (TestNG-tests-1:com.testreport.ExtentReporter:logSuccess:134) - StepName - waitUntilElementIsClickable, StepDescription - Element clickable - (By - By.xpath: //button[@id='typeDropDown']) Passed
2018-08-31 18:39:31,511  INFO (TestNG-tests-1:dweb.aut.pages.templates.PageTemplate:waitUntilElementIsClickable:337) - Element clickable - (By - By.xpath: //button[@id='typeDropDown'])
2018-08-31 18:39:31,511  INFO (TestNG-tests-1:com.testreport.ExtentReporter:logSuccess:134) - StepName - waitUntilElementIsClickable, StepDescription - Element clickable - (By - By.xpath: //button[@id='typeDropDown']) Passed
2018-08-31 18:39:51,759 ERROR (TestNG-tests-1:dweb.aut.pages.templates.PageTemplate:clickWithJavascript:182) - Exception Encountered - Unable to find element with xpath == //button[@id='typeDropDown']
For documentation on this error, please visit: http://seleniumhq.org/exceptions/no_such_element.html
Build info: version: '3.6.0', revision: '6fbf3ec767', time: '2017-09-27T15:28:36.4Z'
System info: host: 'HW1562', ip: '10.11.4.33', os.name: 'Windows 7', os.arch: 'amd64', os.version: '6.1', java.version: '1.8.0_111'
Driver info: org.openqa.selenium.ie.InternetExplorerDriver
Capabilities [{proxy=Proxy(), acceptInsecureCerts=false, browserVersion=11, se:ieOptions={nativeEvents=true, browserAttachTimeout=0, ie.ensureCleanSession=true, elementScrollBehavior=0, enablePersistentHover=true, ie.browserCommandLineSwitches=, ie.forceCreateProcessApi=false, requireWindowFocus=false, initialBrowserUrl=http://localhost:48794/, ignoreZoomSetting=false, ie.fileUploadDialogTimeout=3000, ignoreProtectedModeSettings=false}, timeouts={implicit=0, pageLoad=300000, script=30000}, browserName=internet explorer, pageLoadStrategy=normal, javascriptEnabled=true, platformName=WINDOWS, setWindowRect=true, platform=WINDOWS}]
Session ID: 68e7b018-1bb3-4d28-b911-4ac83dd08d4e
*** Element info: {Using=xpath, value=//button[@id='typeDropDown']}
2018-08-31 18:39:52,220 ERROR (TestNG-tests-1:com.testreport.ExtentReporter:logFailure:172) - StepName - clickWithJavascript, StepDescription - Failed To Perform Click On Locator - <mark>By.xpath: //button[@id='typeDropDown']</mark> Failed, ScreenShot - ErrorScreenshots\Screenshot_12_31-08-2018_18_39_51_763_1.jpg
2018-08-31 18:39:52,225 ERROR (TestNG-tests-1:com.testreport.ExtentReporter:logException:234) - Unable to find element with xpath == //button[@id='typeDropDown']
For documentation on this error, please visit: http://seleniumhq.org/exceptions/no_such_element.html
Build info: version: '3.6.0', revision: '6fbf3ec767', time: '2017-09-27T15:28:36.4Z'
System info: host: 'HW1562', ip: '10.11.4.33', os.name: 'Windows 7', os.arch: 'amd64', os.version: '6.1', java.version: '1.8.0_111'
Driver info: org.openqa.selenium.ie.InternetExplorerDriver
Capabilities [{proxy=Proxy(), acceptInsecureCerts=false, browserVersion=11, se:ieOptions={nativeEvents=true, browserAttachTimeout=0, ie.ensureCleanSession=true, elementScrollBehavior=0, enablePersistentHover=true, ie.browserCommandLineSwitches=, ie.forceCreateProcessApi=false, requireWindowFocus=false, initialBrowserUrl=http://localhost:48794/, ignoreZoomSetting=false, ie.fileUploadDialogTimeout=3000, ignoreProtectedModeSettings=false}, timeouts={implicit=0, pageLoad=300000, script=30000}, browserName=internet explorer, pageLoadStrategy=normal, javascriptEnabled=true, platformName=WINDOWS, setWindowRect=true, platform=WINDOWS}]
Session ID: 68e7b018-1bb3-4d28-b911-4ac83dd08d4e
*** Element info: {Using=xpath, value=//button[@id='typeDropDown']}
org.openqa.selenium.NoSuchElementException: Unable to find element with xpath == //button[@id='typeDropDown']
For documentation on this error, please visit: http://seleniumhq.org/exceptions/no_such_element.html
Build info: version: '3.6.0', revision: '6fbf3ec767', time: '2017-09-27T15:28:36.4Z'
System info: host: 'HW1562', ip: '10.11.4.33', os.name: 'Windows 7', os.arch: 'amd64', os.version: '6.1', java.version: '1.8.0_111'
Driver info: org.openqa.selenium.ie.InternetExplorerDriver
Capabilities [{proxy=Proxy(), acceptInsecureCerts=false, browserVersion=11, se:ieOptions={nativeEvents=true, browserAttachTimeout=0, ie.ensureCleanSession=true, elementScrollBehavior=0, enablePersistentHover=true, ie.browserCommandLineSwitches=, ie.forceCreateProcessApi=false, requireWindowFocus=false, initialBrowserUrl=http://localhost:48794/, ignoreZoomSetting=false, ie.fileUploadDialogTimeout=3000, ignoreProtectedModeSettings=false}, timeouts={implicit=0, pageLoad=300000, script=30000}, browserName=internet explorer, pageLoadStrategy=normal, javascriptEnabled=true, platformName=WINDOWS, setWindowRect=true, platform=WINDOWS}]
Session ID: 68e7b018-1bb3-4d28-b911-4ac83dd08d4e
*** Element info: {Using=xpath, value=//button[@id='typeDropDown']}
	at sun.reflect.NativeConstructorAccessorImpl.newInstance0(Native Method)
	at sun.reflect.NativeConstructorAccessorImpl.newInstance(NativeConstructorAccessorImpl.java:62)
	at sun.reflect.DelegatingConstructorAccessorImpl.newInstance(DelegatingConstructorAccessorImpl.java:45)
	at java.lang.reflect.Constructor.newInstance(Constructor.java:423)
	at org.openqa.selenium.remote.http.W3CHttpResponseCodec.createException(W3CHttpResponseCodec.java:187)
	at org.openqa.selenium.remote.http.W3CHttpResponseCodec.decode(W3CHttpResponseCodec.java:122)
	at org.openqa.selenium.remote.http.W3CHttpResponseCodec.decode(W3CHttpResponseCodec.java:49)
	at org.openqa.selenium.remote.HttpCommandExecutor.execute(HttpCommandExecutor.java:160)
	at org.openqa.selenium.remote.service.DriverCommandExecutor.execute(DriverCommandExecutor.java:83)
	at org.openqa.selenium.remote.RemoteWebDriver.execute(RemoteWebDriver.java:601)
	at org.openqa.selenium.remote.RemoteWebDriver.findElement(RemoteWebDriver.java:371)
	at org.openqa.selenium.remote.RemoteWebDriver.findElementByXPath(RemoteWebDriver.java:473)
	at org.openqa.selenium.By$ByXPath.findElement(By.java:361)
	at org.openqa.selenium.remote.RemoteWebDriver.findElement(RemoteWebDriver.java:363)
	at dweb.aut.pages.templates.PageTemplate.clickWithJavascript(PageTemplate.java:179)
	at dweb.aut.pages.templates.PageTemplate.click(PageTemplate.java:149)
	at aut.bluestrata.pages.FacilityPage.RemoveDescriptionInOrderTemplate(FacilityPage.java:213)
	at aut.tests.functionaltests.FacilityAppTestCases.QA048_UpdatingOrRemovingOrder_LibrariesViaFacilityAppForDetailsType(FacilityAppTestCases.java:741)
	at sun.reflect.NativeMethodAccessorImpl.invoke0(Native Method)
	at sun.reflect.NativeMethodAccessorImpl.invoke(NativeMethodAccessorImpl.java:62)
	at sun.reflect.DelegatingMethodAccessorImpl.invoke(DelegatingMethodAccessorImpl.java:43)
	at java.lang.reflect.Method.invoke(Method.java:498)
	at org.testng.internal.MethodInvocationHelper.invokeMethod(MethodInvocationHelper.java:108)
	at org.testng.internal.Invoker.invokeMethod(Invoker.java:661)
	at org.testng.internal.Invoker.invokeTestMethod(Invoker.java:869)
	at org.testng.internal.Invoker.invokeTestMethods(Invoker.java:1193)
	at org.testng.internal.TestMethodWorker.invokeTestMethods(TestMethodWorker.java:126)
	at org.testng.internal.TestMethodWorker.run(TestMethodWorker.java:109)
	at org.testng.TestRunner.privateRun(TestRunner.java:744)
	at org.testng.TestRunner.run(TestRunner.java:602)
	at org.testng.SuiteRunner.runTest(SuiteRunner.java:380)
	at org.testng.SuiteRunner.access$000(SuiteRunner.java:39)
	at org.testng.SuiteRunner$SuiteWorker.run(SuiteRunner.java:414)
	at org.testng.internal.thread.ThreadUtil$1.call(ThreadUtil.java:52)
	at java.util.concurrent.FutureTask.run(FutureTask.java:266)
	at java.util.concurrent.ThreadPoolExecutor.runWorker(ThreadPoolExecutor.java:1142)
	at java.util.concurrent.ThreadPoolExecutor$Worker.run(ThreadPoolExecutor.java:617)
	at java.lang.Thread.run(Thread.java:745)
2018-08-31 18:39:52,241  INFO (TestNG-tests-1:dweb.aut.pages.templates.PageTemplate:click:157) - Click Successful - (By - Order Template Filter By Type)
2018-08-31 18:39:52,242  INFO (TestNG-tests-1:com.testreport.ExtentReporter:logSuccess:134) - StepName - Click, StepDescription - Click Performed On Locator - <mark>Order Template Filter By Type</mark> Passed
2018-08-31 18:40:14,706  INFO (TestNG-tests-1:dweb.aut.pages.templates.PageTemplate:isElementPresent:405) - Element Present - (By - By.xpath: //div[contains(@class,'col-md-auto')]//button)
2018-08-31 18:40:14,707  INFO (TestNG-tests-1:com.testreport.ExtentReporter:logSuccess:134) - StepName - isElementPresent, StepDescription - Element Present - (By - By.xpath: //div[contains(@class,'col-md-auto')]//button) Passed
2018-08-31 18:40:14,707  INFO (TestNG-tests-1:com.testreport.ExtentReporter:logSuccess:134) - StepName - Element Present, StepDescription - Element is present - <mark>Menu Button</mark> Passed
2018-08-31 18:40:14,707  INFO (TestNG-tests-1:dweb.aut.pages.templates.PageTemplate:waitUntilElementIsClickable:337) - Element clickable - (By - By.xpath: //div[contains(@class,'col-md-auto')]//button)
2018-08-31 18:40:14,708  INFO (TestNG-tests-1:com.testreport.ExtentReporter:logSuccess:134) - StepName - waitUntilElementIsClickable, StepDescription - Element clickable - (By - By.xpath: //div[contains(@class,'col-md-auto')]//button) Passed
2018-08-31 18:40:14,708  INFO (TestNG-tests-1:dweb.aut.pages.templates.PageTemplate:waitUntilElementIsClickable:337) - Element clickable - (By - By.xpath: //div[contains(@class,'col-md-auto')]//button)
2018-08-31 18:40:14,708  INFO (TestNG-tests-1:com.testreport.ExtentReporter:logSuccess:134) - StepName - waitUntilElementIsClickable, StepDescription - Element clickable - (By - By.xpath: //div[contains(@class,'col-md-auto')]//button) Passed
2018-08-31 18:40:14,873  INFO (TestNG-tests-1:dweb.aut.pages.templates.PageTemplate:click:157) - Click Successful - (By - Menu Button)
2018-08-31 18:40:14,874  INFO (TestNG-tests-1:com.testreport.ExtentReporter:logSuccess:134) - StepName - Click, StepDescription - Click Performed On Locator - <mark>Menu Button</mark> Passed
2018-08-31 18:40:14,874  INFO (TestNG-tests-1:dweb.aut.pages.templates.PageTemplate:waitUntilElementIsClickable:337) - Element clickable - (By - By.xpath: //div[@class='modal-content']//img[@src='https://cdn.bluestrataemr.com/Images/Menu/sigma_medical_doctor_128.png'])
2018-08-31 18:40:14,874  INFO (TestNG-tests-1:com.testreport.ExtentReporter:logSuccess:134) - StepName - waitUntilElementIsClickable, StepDescription - Element clickable - (By - By.xpath: //div[@class='modal-content']//img[@src='https://cdn.bluestrataemr.com/Images/Menu/sigma_medical_doctor_128.png']) Passed
2018-08-31 18:40:14,874  INFO (TestNG-tests-1:dweb.aut.pages.templates.PageTemplate:waitUntilElementIsClickable:337) - Element clickable - (By - By.xpath: //div[@class='modal-content']//img[@src='https://cdn.bluestrataemr.com/Images/Menu/sigma_medical_doctor_128.png'])
2018-08-31 18:40:14,874  INFO (TestNG-tests-1:com.testreport.ExtentReporter:logSuccess:134) - StepName - waitUntilElementIsClickable, StepDescription - Element clickable - (By - By.xpath: //div[@class='modal-content']//img[@src='https://cdn.bluestrataemr.com/Images/Menu/sigma_medical_doctor_128.png']) Passed
2018-08-31 18:40:14,983  INFO (TestNG-tests-1:dweb.aut.pages.templates.PageTemplate:click:157) - Click Successful - (By - Physician Portal Option)
2018-08-31 18:40:14,983  INFO (TestNG-tests-1:com.testreport.ExtentReporter:logSuccess:134) - StepName - Click, StepDescription - Click Performed On Locator - <mark>Physician Portal Option</mark> Passed
2018-08-31 18:40:14,983  INFO (TestNG-tests-1:com.testreport.ExtentReporter:logSuccess:127) - Step - Clicked on Physician Portal Button  Passed
2018-08-31 18:40:14,983  INFO (TestNG-tests-1:dweb.aut.pages.templates.PageTemplate:waitUntilElementIsClickable:337) - Element clickable - (By - By.xpath: //button[text()='Physician Portal'])
2018-08-31 18:40:14,984  INFO (TestNG-tests-1:com.testreport.ExtentReporter:logSuccess:134) - StepName - waitUntilElementIsClickable, StepDescription - Element clickable - (By - By.xpath: //button[text()='Physician Portal']) Passed
2018-08-31 18:40:14,984  INFO (TestNG-tests-1:dweb.aut.pages.templates.PageTemplate:waitUntilElementIsClickable:337) - Element clickable - (By - By.xpath: //button[text()='Physician Portal'])
2018-08-31 18:40:14,984  INFO (TestNG-tests-1:com.testreport.ExtentReporter:logSuccess:134) - StepName - waitUntilElementIsClickable, StepDescription - Element clickable - (By - By.xpath: //button[text()='Physician Portal']) Passed
2018-08-31 18:40:35,222 ERROR (TestNG-tests-1:dweb.aut.pages.templates.PageTemplate:clickWithJavascript:182) - Exception Encountered - Unable to find element with xpath == //button[text()='Physician Portal']
For documentation on this error, please visit: http://seleniumhq.org/exceptions/no_such_element.html
Build info: version: '3.6.0', revision: '6fbf3ec767', time: '2017-09-27T15:28:36.4Z'
System info: host: 'HW1562', ip: '10.11.4.33', os.name: 'Windows 7', os.arch: 'amd64', os.version: '6.1', java.version: '1.8.0_111'
Driver info: org.openqa.selenium.ie.InternetExplorerDriver
Capabilities [{proxy=Proxy(), acceptInsecureCerts=false, browserVersion=11, se:ieOptions={nativeEvents=true, browserAttachTimeout=0, ie.ensureCleanSession=true, elementScrollBehavior=0, enablePersistentHover=true, ie.browserCommandLineSwitches=, ie.forceCreateProcessApi=false, requireWindowFocus=false, initialBrowserUrl=http://localhost:48794/, ignoreZoomSetting=false, ie.fileUploadDialogTimeout=3000, ignoreProtectedModeSettings=false}, timeouts={implicit=0, pageLoad=300000, script=30000}, browserName=internet explorer, pageLoadStrategy=normal, javascriptEnabled=true, platformName=WINDOWS, setWindowRect=true, platform=WINDOWS}]
Session ID: 68e7b018-1bb3-4d28-b911-4ac83dd08d4e
*** Element info: {Using=xpath, value=//button[text()='Physician Portal']}
2018-08-31 18:40:35,308 ERROR (TestNG-tests-1:com.testreport.ExtentReporter:logFailure:172) - StepName - clickWithJavascript, StepDescription - Failed To Perform Click On Locator - <mark>By.xpath: //button[text()='Physician Portal']</mark> Failed, ScreenShot - ErrorScreenshots\Screenshot_12_31-08-2018_18_40_35_226_1.jpg
2018-08-31 18:40:35,308 ERROR (TestNG-tests-1:com.testreport.ExtentReporter:logException:234) - Unable to find element with xpath == //button[text()='Physician Portal']
For documentation on this error, please visit: http://seleniumhq.org/exceptions/no_such_element.html
Build info: version: '3.6.0', revision: '6fbf3ec767', time: '2017-09-27T15:28:36.4Z'
System info: host: 'HW1562', ip: '10.11.4.33', os.name: 'Windows 7', os.arch: 'amd64', os.version: '6.1', java.version: '1.8.0_111'
Driver info: org.openqa.selenium.ie.InternetExplorerDriver
Capabilities [{proxy=Proxy(), acceptInsecureCerts=false, browserVersion=11, se:ieOptions={nativeEvents=true, browserAttachTimeout=0, ie.ensureCleanSession=true, elementScrollBehavior=0, enablePersistentHover=true, ie.browserCommandLineSwitches=, ie.forceCreateProcessApi=false, requireWindowFocus=false, initialBrowserUrl=http://localhost:48794/, ignoreZoomSetting=false, ie.fileUploadDialogTimeout=3000, ignoreProtectedModeSettings=false}, timeouts={implicit=0, pageLoad=300000, script=30000}, browserName=internet explorer, pageLoadStrategy=normal, javascriptEnabled=true, platformName=WINDOWS, setWindowRect=true, platform=WINDOWS}]
Session ID: 68e7b018-1bb3-4d28-b911-4ac83dd08d4e
*** Element info: {Using=xpath, value=//button[text()='Physician Portal']}
org.openqa.selenium.NoSuchElementException: Unable to find element with xpath == //button[text()='Physician Portal']
For documentation on this error, please visit: http://seleniumhq.org/exceptions/no_such_element.html
Build info: version: '3.6.0', revision: '6fbf3ec767', time: '2017-09-27T15:28:36.4Z'
System info: host: 'HW1562', ip: '10.11.4.33', os.name: 'Windows 7', os.arch: 'amd64', os.version: '6.1', java.version: '1.8.0_111'
Driver info: org.openqa.selenium.ie.InternetExplorerDriver
Capabilities [{proxy=Proxy(), acceptInsecureCerts=false, browserVersion=11, se:ieOptions={nativeEvents=true, browserAttachTimeout=0, ie.ensureCleanSession=true, elementScrollBehavior=0, enablePersistentHover=true, ie.browserCommandLineSwitches=, ie.forceCreateProcessApi=false, requireWindowFocus=false, initialBrowserUrl=http://localhost:48794/, ignoreZoomSetting=false, ie.fileUploadDialogTimeout=3000, ignoreProtectedModeSettings=false}, timeouts={implicit=0, pageLoad=300000, script=30000}, browserName=internet explorer, pageLoadStrategy=normal, javascriptEnabled=true, platformName=WINDOWS, setWindowRect=true, platform=WINDOWS}]
Session ID: 68e7b018-1bb3-4d28-b911-4ac83dd08d4e
*** Element info: {Using=xpath, value=//button[text()='Physician Portal']}
	at sun.reflect.NativeConstructorAccessorImpl.newInstance0(Native Method)
	at sun.reflect.NativeConstructorAccessorImpl.newInstance(NativeConstructorAccessorImpl.java:62)
	at sun.reflect.DelegatingConstructorAccessorImpl.newInstance(DelegatingConstructorAccessorImpl.java:45)
	at java.lang.reflect.Constructor.newInstance(Constructor.java:423)
	at org.openqa.selenium.remote.http.W3CHttpResponseCodec.createException(W3CHttpResponseCodec.java:187)
	at org.openqa.selenium.remote.http.W3CHttpResponseCodec.decode(W3CHttpResponseCodec.java:122)
	at org.openqa.selenium.remote.http.W3CHttpResponseCodec.decode(W3CHttpResponseCodec.java:49)
	at org.openqa.selenium.remote.HttpCommandExecutor.execute(HttpCommandExecutor.java:160)
	at org.openqa.selenium.remote.service.DriverCommandExecutor.execute(DriverCommandExecutor.java:83)
	at org.openqa.selenium.remote.RemoteWebDriver.execute(RemoteWebDriver.java:601)
	at org.openqa.selenium.remote.RemoteWebDriver.findElement(RemoteWebDriver.java:371)
	at org.openqa.selenium.remote.RemoteWebDriver.findElementByXPath(RemoteWebDriver.java:473)
	at org.openqa.selenium.By$ByXPath.findElement(By.java:361)
	at org.openqa.selenium.remote.RemoteWebDriver.findElement(RemoteWebDriver.java:363)
	at dweb.aut.pages.templates.PageTemplate.clickWithJavascript(PageTemplate.java:179)
	at dweb.aut.pages.templates.PageTemplate.click(PageTemplate.java:149)
	at aut.bluestrata.pages.PhysicianPortalPage.ClickOnPhysicianPortal(PhysicianPortalPage.java:321)
	at aut.tests.functionaltests.FacilityAppTestCases.QA048_UpdatingOrRemovingOrder_LibrariesViaFacilityAppForDetailsType(FacilityAppTestCases.java:744)
	at sun.reflect.NativeMethodAccessorImpl.invoke0(Native Method)
	at sun.reflect.NativeMethodAccessorImpl.invoke(NativeMethodAccessorImpl.java:62)
	at sun.reflect.DelegatingMethodAccessorImpl.invoke(DelegatingMethodAccessorImpl.java:43)
	at java.lang.reflect.Method.invoke(Method.java:498)
	at org.testng.internal.MethodInvocationHelper.invokeMethod(MethodInvocationHelper.java:108)
	at org.testng.internal.Invoker.invokeMethod(Invoker.java:661)
	at org.testng.internal.Invoker.invokeTestMethod(Invoker.java:869)
	at org.testng.internal.Invoker.invokeTestMethods(Invoker.java:1193)
	at org.testng.internal.TestMethodWorker.invokeTestMethods(TestMethodWorker.java:126)
	at org.testng.internal.TestMethodWorker.run(TestMethodWorker.java:109)
	at org.testng.TestRunner.privateRun(TestRunner.java:744)
	at org.testng.TestRunner.run(TestRunner.java:602)
	at org.testng.SuiteRunner.runTest(SuiteRunner.java:380)
	at org.testng.SuiteRunner.access$000(SuiteRunner.java:39)
	at org.testng.SuiteRunner$SuiteWorker.run(SuiteRunner.java:414)
	at org.testng.internal.thread.ThreadUtil$1.call(ThreadUtil.java:52)
	at java.util.concurrent.FutureTask.run(FutureTask.java:266)
	at java.util.concurrent.ThreadPoolExecutor.runWorker(ThreadPoolExecutor.java:1142)
	at java.util.concurrent.ThreadPoolExecutor$Worker.run(ThreadPoolExecutor.java:617)
	at java.lang.Thread.run(Thread.java:745)
2018-08-31 18:40:35,309  INFO (TestNG-tests-1:dweb.aut.pages.templates.PageTemplate:click:157) - Click Successful - (By - Physician Portal Button)
2018-08-31 18:40:35,309  INFO (TestNG-tests-1:com.testreport.ExtentReporter:logSuccess:134) - StepName - Click, StepDescription - Click Performed On Locator - <mark>Physician Portal Button</mark> Passed
2018-08-31 18:40:37,309  INFO (TestNG-tests-1:com.testreport.ExtentReporter:logSuccess:127) - Step - Clicked on Resident Orders Links  Passed
2018-08-31 18:40:37,310  INFO (TestNG-tests-1:dweb.aut.pages.templates.PageTemplate:waitUntilElementIsClickable:337) - Element clickable - (By - By.xpath: //button[text()='Resident Orders'])
2018-08-31 18:40:37,310  INFO (TestNG-tests-1:com.testreport.ExtentReporter:logSuccess:134) - StepName - waitUntilElementIsClickable, StepDescription - Element clickable - (By - By.xpath: //button[text()='Resident Orders']) Passed
2018-08-31 18:40:37,310  INFO (TestNG-tests-1:dweb.aut.pages.templates.PageTemplate:waitUntilElementIsClickable:337) - Element clickable - (By - By.xpath: //button[text()='Resident Orders'])
2018-08-31 18:40:37,311  INFO (TestNG-tests-1:com.testreport.ExtentReporter:logSuccess:134) - StepName - waitUntilElementIsClickable, StepDescription - Element clickable - (By - By.xpath: //button[text()='Resident Orders']) Passed
2018-08-31 18:40:57,341 ERROR (TestNG-tests-1:dweb.aut.pages.templates.PageTemplate:clickWithJavascript:182) - Exception Encountered - Unable to find element with xpath == //button[text()='Resident Orders']
For documentation on this error, please visit: http://seleniumhq.org/exceptions/no_such_element.html
Build info: version: '3.6.0', revision: '6fbf3ec767', time: '2017-09-27T15:28:36.4Z'
System info: host: 'HW1562', ip: '10.11.4.33', os.name: 'Windows 7', os.arch: 'amd64', os.version: '6.1', java.version: '1.8.0_111'
Driver info: org.openqa.selenium.ie.InternetExplorerDriver
Capabilities [{proxy=Proxy(), acceptInsecureCerts=false, browserVersion=11, se:ieOptions={nativeEvents=true, browserAttachTimeout=0, ie.ensureCleanSession=true, elementScrollBehavior=0, enablePersistentHover=true, ie.browserCommandLineSwitches=, ie.forceCreateProcessApi=false, requireWindowFocus=false, initialBrowserUrl=http://localhost:48794/, ignoreZoomSetting=false, ie.fileUploadDialogTimeout=3000, ignoreProtectedModeSettings=false}, timeouts={implicit=0, pageLoad=300000, script=30000}, browserName=internet explorer, pageLoadStrategy=normal, javascriptEnabled=true, platformName=WINDOWS, setWindowRect=true, platform=WINDOWS}]
Session ID: 68e7b018-1bb3-4d28-b911-4ac83dd08d4e
*** Element info: {Using=xpath, value=//button[text()='Resident Orders']}
2018-08-31 18:40:57,414 ERROR (TestNG-tests-1:com.testreport.ExtentReporter:logFailure:172) - StepName - clickWithJavascript, StepDescription - Failed To Perform Click On Locator - <mark>By.xpath: //button[text()='Resident Orders']</mark> Failed, ScreenShot - ErrorScreenshots\Screenshot_12_31-08-2018_18_40_57_345_1.jpg
2018-08-31 18:40:57,414 ERROR (TestNG-tests-1:com.testreport.ExtentReporter:logException:234) - Unable to find element with xpath == //button[text()='Resident Orders']
For documentation on this error, please visit: http://seleniumhq.org/exceptions/no_such_element.html
Build info: version: '3.6.0', revision: '6fbf3ec767', time: '2017-09-27T15:28:36.4Z'
System info: host: 'HW1562', ip: '10.11.4.33', os.name: 'Windows 7', os.arch: 'amd64', os.version: '6.1', java.version: '1.8.0_111'
Driver info: org.openqa.selenium.ie.InternetExplorerDriver
Capabilities [{proxy=Proxy(), acceptInsecureCerts=false, browserVersion=11, se:ieOptions={nativeEvents=true, browserAttachTimeout=0, ie.ensureCleanSession=true, elementScrollBehavior=0, enablePersistentHover=true, ie.browserCommandLineSwitches=, ie.forceCreateProcessApi=false, requireWindowFocus=false, initialBrowserUrl=http://localhost:48794/, ignoreZoomSetting=false, ie.fileUploadDialogTimeout=3000, ignoreProtectedModeSettings=false}, timeouts={implicit=0, pageLoad=300000, script=30000}, browserName=internet explorer, pageLoadStrategy=normal, javascriptEnabled=true, platformName=WINDOWS, setWindowRect=true, platform=WINDOWS}]
Session ID: 68e7b018-1bb3-4d28-b911-4ac83dd08d4e
*** Element info: {Using=xpath, value=//button[text()='Resident Orders']}
org.openqa.selenium.NoSuchElementException: Unable to find element with xpath == //button[text()='Resident Orders']
For documentation on this error, please visit: http://seleniumhq.org/exceptions/no_such_element.html
Build info: version: '3.6.0', revision: '6fbf3ec767', time: '2017-09-27T15:28:36.4Z'
System info: host: 'HW1562', ip: '10.11.4.33', os.name: 'Windows 7', os.arch: 'amd64', os.version: '6.1', java.version: '1.8.0_111'
Driver info: org.openqa.selenium.ie.InternetExplorerDriver
Capabilities [{proxy=Proxy(), acceptInsecureCerts=false, browserVersion=11, se:ieOptions={nativeEvents=true, browserAttachTimeout=0, ie.ensureCleanSession=true, elementScrollBehavior=0, enablePersistentHover=true, ie.browserCommandLineSwitches=, ie.forceCreateProcessApi=false, requireWindowFocus=false, initialBrowserUrl=http://localhost:48794/, ignoreZoomSetting=false, ie.fileUploadDialogTimeout=3000, ignoreProtectedModeSettings=false}, timeouts={implicit=0, pageLoad=300000, script=30000}, browserName=internet explorer, pageLoadStrategy=normal, javascriptEnabled=true, platformName=WINDOWS, setWindowRect=true, platform=WINDOWS}]
Session ID: 68e7b018-1bb3-4d28-b911-4ac83dd08d4e
*** Element info: {Using=xpath, value=//button[text()='Resident Orders']}
	at sun.reflect.NativeConstructorAccessorImpl.newInstance0(Native Method)
	at sun.reflect.NativeConstructorAccessorImpl.newInstance(NativeConstructorAccessorImpl.java:62)
	at sun.reflect.DelegatingConstructorAccessorImpl.newInstance(DelegatingConstructorAccessorImpl.java:45)
	at java.lang.reflect.Constructor.newInstance(Constructor.java:423)
	at org.openqa.selenium.remote.http.W3CHttpResponseCodec.createException(W3CHttpResponseCodec.java:187)
	at org.openqa.selenium.remote.http.W3CHttpResponseCodec.decode(W3CHttpResponseCodec.java:122)
	at org.openqa.selenium.remote.http.W3CHttpResponseCodec.decode(W3CHttpResponseCodec.java:49)
	at org.openqa.selenium.remote.HttpCommandExecutor.execute(HttpCommandExecutor.java:160)
	at org.openqa.selenium.remote.service.DriverCommandExecutor.execute(DriverCommandExecutor.java:83)
	at org.openqa.selenium.remote.RemoteWebDriver.execute(RemoteWebDriver.java:601)
	at org.openqa.selenium.remote.RemoteWebDriver.findElement(RemoteWebDriver.java:371)
	at org.openqa.selenium.remote.RemoteWebDriver.findElementByXPath(RemoteWebDriver.java:473)
	at org.openqa.selenium.By$ByXPath.findElement(By.java:361)
	at org.openqa.selenium.remote.RemoteWebDriver.findElement(RemoteWebDriver.java:363)
	at dweb.aut.pages.templates.PageTemplate.clickWithJavascript(PageTemplate.java:179)
	at dweb.aut.pages.templates.PageTemplate.click(PageTemplate.java:149)
	at aut.bluestrata.pages.PhysicianPortalPage.ClickOnPhysicianPortal(PhysicianPortalPage.java:324)
	at aut.tests.functionaltests.FacilityAppTestCases.QA048_UpdatingOrRemovingOrder_LibrariesViaFacilityAppForDetailsType(FacilityAppTestCases.java:744)
	at sun.reflect.NativeMethodAccessorImpl.invoke0(Native Method)
	at sun.reflect.NativeMethodAccessorImpl.invoke(NativeMethodAccessorImpl.java:62)
	at sun.reflect.DelegatingMethodAccessorImpl.invoke(DelegatingMethodAccessorImpl.java:43)
	at java.lang.reflect.Method.invoke(Method.java:498)
	at org.testng.internal.MethodInvocationHelper.invokeMethod(MethodInvocationHelper.java:108)
	at org.testng.internal.Invoker.invokeMethod(Invoker.java:661)
	at org.testng.internal.Invoker.invokeTestMethod(Invoker.java:869)
	at org.testng.internal.Invoker.invokeTestMethods(Invoker.java:1193)
	at org.testng.internal.TestMethodWorker.invokeTestMethods(TestMethodWorker.java:126)
	at org.testng.internal.TestMethodWorker.run(TestMethodWorker.java:109)
	at org.testng.TestRunner.privateRun(TestRunner.java:744)
	at org.testng.TestRunner.run(TestRunner.java:602)
	at org.testng.SuiteRunner.runTest(SuiteRunner.java:380)
	at org.testng.SuiteRunner.access$000(SuiteRunner.java:39)
	at org.testng.SuiteRunner$SuiteWorker.run(SuiteRunner.java:414)
	at org.testng.internal.thread.ThreadUtil$1.call(ThreadUtil.java:52)
	at java.util.concurrent.FutureTask.run(FutureTask.java:266)
	at java.util.concurrent.ThreadPoolExecutor.runWorker(ThreadPoolExecutor.java:1142)
	at java.util.concurrent.ThreadPoolExecutor$Worker.run(ThreadPoolExecutor.java:617)
	at java.lang.Thread.run(Thread.java:745)
2018-08-31 18:40:57,414  INFO (TestNG-tests-1:dweb.aut.pages.templates.PageTemplate:click:157) - Click Successful - (By - Resident Orders)
2018-08-31 18:40:57,415  INFO (TestNG-tests-1:com.testreport.ExtentReporter:logSuccess:134) - StepName - Click, StepDescription - Click Performed On Locator - <mark>Resident Orders</mark> Passed
2018-08-31 18:41:21,450  INFO (TestNG-tests-1:dweb.aut.pages.templates.PageTemplate:isElementPresent:410) - Element Not Prensent - (By - By.xpath: //button[text()='Create an Order'])
2018-08-31 18:41:21,451  INFO (TestNG-tests-1:com.testreport.ExtentReporter:logInfo:184) - Element Not Prensent - (By - By.xpath: //button[text()='Create an Order'])
2018-08-31 18:41:21,451  INFO (TestNG-tests-1:dweb.aut.pages.templates.PageTemplate:waitUntilElementIsVisible:356) - Element visible - (By - By.xpath: //select[@id='settingOrderTypeId'])
2018-08-31 18:41:21,452  INFO (TestNG-tests-1:com.testreport.ExtentReporter:logSuccess:134) - StepName - waitUntilElementIsVisible, StepDescription - Element visible - (By - By.xpath: //select[@id='settingOrderTypeId']) Passed
2018-08-31 18:41:21,452  INFO (TestNG-tests-1:dweb.aut.pages.templates.PageTemplate:waitUntilElementIsClickable:337) - Element clickable - (By - By.xpath: //select[@id='settingOrderTypeId'])
2018-08-31 18:41:21,453  INFO (TestNG-tests-1:com.testreport.ExtentReporter:logSuccess:134) - StepName - waitUntilElementIsClickable, StepDescription - Element clickable - (By - By.xpath: //select[@id='settingOrderTypeId']) Passed
2018-08-31 18:41:41,712 ERROR (TestNG-tests-1:dweb.aut.pages.templates.PageTemplate:SelectDropDownByText:204) - Exception Encountered - Unable to find element with xpath == //select[@id='settingOrderTypeId']
For documentation on this error, please visit: http://seleniumhq.org/exceptions/no_such_element.html
Build info: version: '3.6.0', revision: '6fbf3ec767', time: '2017-09-27T15:28:36.4Z'
System info: host: 'HW1562', ip: '10.11.4.33', os.name: 'Windows 7', os.arch: 'amd64', os.version: '6.1', java.version: '1.8.0_111'
Driver info: org.openqa.selenium.ie.InternetExplorerDriver
Capabilities [{proxy=Proxy(), acceptInsecureCerts=false, browserVersion=11, se:ieOptions={nativeEvents=true, browserAttachTimeout=0, ie.ensureCleanSession=true, elementScrollBehavior=0, enablePersistentHover=true, ie.browserCommandLineSwitches=, ie.forceCreateProcessApi=false, requireWindowFocus=false, initialBrowserUrl=http://localhost:48794/, ignoreZoomSetting=false, ie.fileUploadDialogTimeout=3000, ignoreProtectedModeSettings=false}, timeouts={implicit=0, pageLoad=300000, script=30000}, browserName=internet explorer, pageLoadStrategy=normal, javascriptEnabled=true, platformName=WINDOWS, setWindowRect=true, platform=WINDOWS}]
Session ID: 68e7b018-1bb3-4d28-b911-4ac83dd08d4e
*** Element info: {Using=xpath, value=//select[@id='settingOrderTypeId']}
2018-08-31 18:41:41,791 ERROR (TestNG-tests-1:com.testreport.ExtentReporter:logFailure:172) - StepName - SelectDropDownByText, StepDescription - Failed To Perform Select Visible Text - <mark>Ancillaries</mark> On Locator - <mark>By.xpath: //select[@id='settingOrderTypeId']</mark> Failed, ScreenShot - ErrorScreenshots\Screenshot_12_31-08-2018_18_41_41_716_1.jpg
2018-08-31 18:41:41,791 ERROR (TestNG-tests-1:com.testreport.ExtentReporter:logException:234) - Unable to find element with xpath == //select[@id='settingOrderTypeId']
For documentation on this error, please visit: http://seleniumhq.org/exceptions/no_such_element.html
Build info: version: '3.6.0', revision: '6fbf3ec767', time: '2017-09-27T15:28:36.4Z'
System info: host: 'HW1562', ip: '10.11.4.33', os.name: 'Windows 7', os.arch: 'amd64', os.version: '6.1', java.version: '1.8.0_111'
Driver info: org.openqa.selenium.ie.InternetExplorerDriver
Capabilities [{proxy=Proxy(), acceptInsecureCerts=false, browserVersion=11, se:ieOptions={nativeEvents=true, browserAttachTimeout=0, ie.ensureCleanSession=true, elementScrollBehavior=0, enablePersistentHover=true, ie.browserCommandLineSwitches=, ie.forceCreateProcessApi=false, requireWindowFocus=false, initialBrowserUrl=http://localhost:48794/, ignoreZoomSetting=false, ie.fileUploadDialogTimeout=3000, ignoreProtectedModeSettings=false}, timeouts={implicit=0, pageLoad=300000, script=30000}, browserName=internet explorer, pageLoadStrategy=normal, javascriptEnabled=true, platformName=WINDOWS, setWindowRect=true, platform=WINDOWS}]
Session ID: 68e7b018-1bb3-4d28-b911-4ac83dd08d4e
*** Element info: {Using=xpath, value=//select[@id='settingOrderTypeId']}
org.openqa.selenium.NoSuchElementException: Unable to find element with xpath == //select[@id='settingOrderTypeId']
For documentation on this error, please visit: http://seleniumhq.org/exceptions/no_such_element.html
Build info: version: '3.6.0', revision: '6fbf3ec767', time: '2017-09-27T15:28:36.4Z'
System info: host: 'HW1562', ip: '10.11.4.33', os.name: 'Windows 7', os.arch: 'amd64', os.version: '6.1', java.version: '1.8.0_111'
Driver info: org.openqa.selenium.ie.InternetExplorerDriver
Capabilities [{proxy=Proxy(), acceptInsecureCerts=false, browserVersion=11, se:ieOptions={nativeEvents=true, browserAttachTimeout=0, ie.ensureCleanSession=true, elementScrollBehavior=0, enablePersistentHover=true, ie.browserCommandLineSwitches=, ie.forceCreateProcessApi=false, requireWindowFocus=false, initialBrowserUrl=http://localhost:48794/, ignoreZoomSetting=false, ie.fileUploadDialogTimeout=3000, ignoreProtectedModeSettings=false}, timeouts={implicit=0, pageLoad=300000, script=30000}, browserName=internet explorer, pageLoadStrategy=normal, javascriptEnabled=true, platformName=WINDOWS, setWindowRect=true, platform=WINDOWS}]
Session ID: 68e7b018-1bb3-4d28-b911-4ac83dd08d4e
*** Element info: {Using=xpath, value=//select[@id='settingOrderTypeId']}
	at sun.reflect.NativeConstructorAccessorImpl.newInstance0(Native Method)
	at sun.reflect.NativeConstructorAccessorImpl.newInstance(NativeConstructorAccessorImpl.java:62)
	at sun.reflect.DelegatingConstructorAccessorImpl.newInstance(DelegatingConstructorAccessorImpl.java:45)
	at java.lang.reflect.Constructor.newInstance(Constructor.java:423)
	at org.openqa.selenium.remote.http.W3CHttpResponseCodec.createException(W3CHttpResponseCodec.java:187)
	at org.openqa.selenium.remote.http.W3CHttpResponseCodec.decode(W3CHttpResponseCodec.java:122)
	at org.openqa.selenium.remote.http.W3CHttpResponseCodec.decode(W3CHttpResponseCodec.java:49)
	at org.openqa.selenium.remote.HttpCommandExecutor.execute(HttpCommandExecutor.java:160)
	at org.openqa.selenium.remote.service.DriverCommandExecutor.execute(DriverCommandExecutor.java:83)
	at org.openqa.selenium.remote.RemoteWebDriver.execute(RemoteWebDriver.java:601)
	at org.openqa.selenium.remote.RemoteWebDriver.findElement(RemoteWebDriver.java:371)
	at org.openqa.selenium.remote.RemoteWebDriver.findElementByXPath(RemoteWebDriver.java:473)
	at org.openqa.selenium.By$ByXPath.findElement(By.java:361)
	at org.openqa.selenium.remote.RemoteWebDriver.findElement(RemoteWebDriver.java:363)
	at dweb.aut.pages.templates.PageTemplate.SelectDropDownByText(PageTemplate.java:197)
	at aut.bluestrata.pages.PhysicianPortalPage.VerifyRemoveButtonInPickFromLibrary(PhysicianPortalPage.java:1400)
	at aut.tests.functionaltests.FacilityAppTestCases.QA048_UpdatingOrRemovingOrder_LibrariesViaFacilityAppForDetailsType(FacilityAppTestCases.java:749)
	at sun.reflect.NativeMethodAccessorImpl.invoke0(Native Method)
	at sun.reflect.NativeMethodAccessorImpl.invoke(NativeMethodAccessorImpl.java:62)
	at sun.reflect.DelegatingMethodAccessorImpl.invoke(DelegatingMethodAccessorImpl.java:43)
	at java.lang.reflect.Method.invoke(Method.java:498)
	at org.testng.internal.MethodInvocationHelper.invokeMethod(MethodInvocationHelper.java:108)
	at org.testng.internal.Invoker.invokeMethod(Invoker.java:661)
	at org.testng.internal.Invoker.invokeTestMethod(Invoker.java:869)
	at org.testng.internal.Invoker.invokeTestMethods(Invoker.java:1193)
	at org.testng.internal.TestMethodWorker.invokeTestMethods(TestMethodWorker.java:126)
	at org.testng.internal.TestMethodWorker.run(TestMethodWorker.java:109)
	at org.testng.TestRunner.privateRun(TestRunner.java:744)
	at org.testng.TestRunner.run(TestRunner.java:602)
	at org.testng.SuiteRunner.runTest(SuiteRunner.java:380)
	at org.testng.SuiteRunner.access$000(SuiteRunner.java:39)
	at org.testng.SuiteRunner$SuiteWorker.run(SuiteRunner.java:414)
	at org.testng.internal.thread.ThreadUtil$1.call(ThreadUtil.java:52)
	at java.util.concurrent.FutureTask.run(FutureTask.java:266)
	at java.util.concurrent.ThreadPoolExecutor.runWorker(ThreadPoolExecutor.java:1142)
	at java.util.concurrent.ThreadPoolExecutor$Worker.run(ThreadPoolExecutor.java:617)
	at java.lang.Thread.run(Thread.java:745)
2018-08-31 18:42:09,081  INFO (TestNG-tests-1:dweb.aut.pages.templates.PageTemplate:waitUntilElementIsClickable:337) - Element clickable - (By - By.xpath: //button[text()='Cancel'])
2018-08-31 18:42:09,082  INFO (TestNG-tests-1:com.testreport.ExtentReporter:logSuccess:134) - StepName - waitUntilElementIsClickable, StepDescription - Element clickable - (By - By.xpath: //button[text()='Cancel']) Passed
2018-08-31 18:42:09,082  INFO (TestNG-tests-1:dweb.aut.pages.templates.PageTemplate:waitUntilElementIsClickable:337) - Element clickable - (By - By.xpath: //button[text()='Cancel'])
2018-08-31 18:42:09,083  INFO (TestNG-tests-1:com.testreport.ExtentReporter:logSuccess:134) - StepName - waitUntilElementIsClickable, StepDescription - Element clickable - (By - By.xpath: //button[text()='Cancel']) Passed
2018-08-31 18:42:29,247 ERROR (TestNG-tests-1:dweb.aut.pages.templates.PageTemplate:clickWithJavascript:182) - Exception Encountered - Unable to find element with xpath == //button[text()='Cancel']
For documentation on this error, please visit: http://seleniumhq.org/exceptions/no_such_element.html
Build info: version: '3.6.0', revision: '6fbf3ec767', time: '2017-09-27T15:28:36.4Z'
System info: host: 'HW1562', ip: '10.11.4.33', os.name: 'Windows 7', os.arch: 'amd64', os.version: '6.1', java.version: '1.8.0_111'
Driver info: org.openqa.selenium.ie.InternetExplorerDriver
Capabilities [{proxy=Proxy(), acceptInsecureCerts=false, browserVersion=11, se:ieOptions={nativeEvents=true, browserAttachTimeout=0, ie.ensureCleanSession=true, elementScrollBehavior=0, enablePersistentHover=true, ie.browserCommandLineSwitches=, ie.forceCreateProcessApi=false, requireWindowFocus=false, initialBrowserUrl=http://localhost:48794/, ignoreZoomSetting=false, ie.fileUploadDialogTimeout=3000, ignoreProtectedModeSettings=false}, timeouts={implicit=0, pageLoad=300000, script=30000}, browserName=internet explorer, pageLoadStrategy=normal, javascriptEnabled=true, platformName=WINDOWS, setWindowRect=true, platform=WINDOWS}]
Session ID: 68e7b018-1bb3-4d28-b911-4ac83dd08d4e
*** Element info: {Using=xpath, value=//button[text()='Cancel']}
2018-08-31 18:42:29,348 ERROR (TestNG-tests-1:com.testreport.ExtentReporter:logFailure:172) - StepName - clickWithJavascript, StepDescription - Failed To Perform Click On Locator - <mark>By.xpath: //button[text()='Cancel']</mark> Failed, ScreenShot - ErrorScreenshots\Screenshot_12_31-08-2018_18_42_29_251_1.jpg
2018-08-31 18:42:29,349 ERROR (TestNG-tests-1:com.testreport.ExtentReporter:logException:234) - Unable to find element with xpath == //button[text()='Cancel']
For documentation on this error, please visit: http://seleniumhq.org/exceptions/no_such_element.html
Build info: version: '3.6.0', revision: '6fbf3ec767', time: '2017-09-27T15:28:36.4Z'
System info: host: 'HW1562', ip: '10.11.4.33', os.name: 'Windows 7', os.arch: 'amd64', os.version: '6.1', java.version: '1.8.0_111'
Driver info: org.openqa.selenium.ie.InternetExplorerDriver
Capabilities [{proxy=Proxy(), acceptInsecureCerts=false, browserVersion=11, se:ieOptions={nativeEvents=true, browserAttachTimeout=0, ie.ensureCleanSession=true, elementScrollBehavior=0, enablePersistentHover=true, ie.browserCommandLineSwitches=, ie.forceCreateProcessApi=false, requireWindowFocus=false, initialBrowserUrl=http://localhost:48794/, ignoreZoomSetting=false, ie.fileUploadDialogTimeout=3000, ignoreProtectedModeSettings=false}, timeouts={implicit=0, pageLoad=300000, script=30000}, browserName=internet explorer, pageLoadStrategy=normal, javascriptEnabled=true, platformName=WINDOWS, setWindowRect=true, platform=WINDOWS}]
Session ID: 68e7b018-1bb3-4d28-b911-4ac83dd08d4e
*** Element info: {Using=xpath, value=//button[text()='Cancel']}
org.openqa.selenium.NoSuchElementException: Unable to find element with xpath == //button[text()='Cancel']
For documentation on this error, please visit: http://seleniumhq.org/exceptions/no_such_element.html
Build info: version: '3.6.0', revision: '6fbf3ec767', time: '2017-09-27T15:28:36.4Z'
System info: host: 'HW1562', ip: '10.11.4.33', os.name: 'Windows 7', os.arch: 'amd64', os.version: '6.1', java.version: '1.8.0_111'
Driver info: org.openqa.selenium.ie.InternetExplorerDriver
Capabilities [{proxy=Proxy(), acceptInsecureCerts=false, browserVersion=11, se:ieOptions={nativeEvents=true, browserAttachTimeout=0, ie.ensureCleanSession=true, elementScrollBehavior=0, enablePersistentHover=true, ie.browserCommandLineSwitches=, ie.forceCreateProcessApi=false, requireWindowFocus=false, initialBrowserUrl=http://localhost:48794/, ignoreZoomSetting=false, ie.fileUploadDialogTimeout=3000, ignoreProtectedModeSettings=false}, timeouts={implicit=0, pageLoad=300000, script=30000}, browserName=internet explorer, pageLoadStrategy=normal, javascriptEnabled=true, platformName=WINDOWS, setWindowRect=true, platform=WINDOWS}]
Session ID: 68e7b018-1bb3-4d28-b911-4ac83dd08d4e
*** Element info: {Using=xpath, value=//button[text()='Cancel']}
	at sun.reflect.NativeConstructorAccessorImpl.newInstance0(Native Method)
	at sun.reflect.NativeConstructorAccessorImpl.newInstance(NativeConstructorAccessorImpl.java:62)
	at sun.reflect.DelegatingConstructorAccessorImpl.newInstance(DelegatingConstructorAccessorImpl.java:45)
	at java.lang.reflect.Constructor.newInstance(Constructor.java:423)
	at org.openqa.selenium.remote.http.W3CHttpResponseCodec.createException(W3CHttpResponseCodec.java:187)
	at org.openqa.selenium.remote.http.W3CHttpResponseCodec.decode(W3CHttpResponseCodec.java:122)
	at org.openqa.selenium.remote.http.W3CHttpResponseCodec.decode(W3CHttpResponseCodec.java:49)
	at org.openqa.selenium.remote.HttpCommandExecutor.execute(HttpCommandExecutor.java:160)
	at org.openqa.selenium.remote.service.DriverCommandExecutor.execute(DriverCommandExecutor.java:83)
	at org.openqa.selenium.remote.RemoteWebDriver.execute(RemoteWebDriver.java:601)
	at org.openqa.selenium.remote.RemoteWebDriver.findElement(RemoteWebDriver.java:371)
	at org.openqa.selenium.remote.RemoteWebDriver.findElementByXPath(RemoteWebDriver.java:473)
	at org.openqa.selenium.By$ByXPath.findElement(By.java:361)
	at org.openqa.selenium.remote.RemoteWebDriver.findElement(RemoteWebDriver.java:363)
	at dweb.aut.pages.templates.PageTemplate.clickWithJavascript(PageTemplate.java:179)
	at dweb.aut.pages.templates.PageTemplate.click(PageTemplate.java:149)
	at aut.bluestrata.pages.PhysicianPortalPage.CancelOrder(PhysicianPortalPage.java:1489)
	at aut.tests.functionaltests.FacilityAppTestCases.QA048_UpdatingOrRemovingOrder_LibrariesViaFacilityAppForDetailsType(FacilityAppTestCases.java:750)
	at sun.reflect.NativeMethodAccessorImpl.invoke0(Native Method)
	at sun.reflect.NativeMethodAccessorImpl.invoke(NativeMethodAccessorImpl.java:62)
	at sun.reflect.DelegatingMethodAccessorImpl.invoke(DelegatingMethodAccessorImpl.java:43)
	at java.lang.reflect.Method.invoke(Method.java:498)
	at org.testng.internal.MethodInvocationHelper.invokeMethod(MethodInvocationHelper.java:108)
	at org.testng.internal.Invoker.invokeMethod(Invoker.java:661)
	at org.testng.internal.Invoker.invokeTestMethod(Invoker.java:869)
	at org.testng.internal.Invoker.invokeTestMethods(Invoker.java:1193)
	at org.testng.internal.TestMethodWorker.invokeTestMethods(TestMethodWorker.java:126)
	at org.testng.internal.TestMethodWorker.run(TestMethodWorker.java:109)
	at org.testng.TestRunner.privateRun(TestRunner.java:744)
	at org.testng.TestRunner.run(TestRunner.java:602)
	at org.testng.SuiteRunner.runTest(SuiteRunner.java:380)
	at org.testng.SuiteRunner.access$000(SuiteRunner.java:39)
	at org.testng.SuiteRunner$SuiteWorker.run(SuiteRunner.java:414)
	at org.testng.internal.thread.ThreadUtil$1.call(ThreadUtil.java:52)
	at java.util.concurrent.FutureTask.run(FutureTask.java:266)
	at java.util.concurrent.ThreadPoolExecutor.runWorker(ThreadPoolExecutor.java:1142)
	at java.util.concurrent.ThreadPoolExecutor$Worker.run(ThreadPoolExecutor.java:617)
	at java.lang.Thread.run(Thread.java:745)
2018-08-31 18:42:29,350  INFO (TestNG-tests-1:dweb.aut.pages.templates.PageTemplate:click:157) - Click Successful - (By - Cancel)
2018-08-31 18:42:29,350  INFO (TestNG-tests-1:com.testreport.ExtentReporter:logSuccess:134) - StepName - Click, StepDescription - Click Performed On Locator - <mark>Cancel</mark> Passed
2018-08-31 18:42:56,379  INFO (TestNG-tests-1:dweb.aut.pages.templates.PageTemplate:isElementPresent:410) - Element Not Prensent - (By - By.xpath: //button[text()='Create an Order'])
2018-08-31 18:42:56,380  INFO (TestNG-tests-1:com.testreport.ExtentReporter:logInfo:184) - Element Not Prensent - (By - By.xpath: //button[text()='Create an Order'])
2018-08-31 18:42:56,381  INFO (TestNG-tests-1:dweb.aut.pages.templates.PageTemplate:waitUntilElementIsVisible:356) - Element visible - (By - By.xpath: //select[@id='settingOrderTypeId'])
2018-08-31 18:42:56,381  INFO (TestNG-tests-1:com.testreport.ExtentReporter:logSuccess:134) - StepName - waitUntilElementIsVisible, StepDescription - Element visible - (By - By.xpath: //select[@id='settingOrderTypeId']) Passed
2018-08-31 18:42:56,381  INFO (TestNG-tests-1:dweb.aut.pages.templates.PageTemplate:waitUntilElementIsClickable:337) - Element clickable - (By - By.xpath: //select[@id='settingOrderTypeId'])
2018-08-31 18:42:56,382  INFO (TestNG-tests-1:com.testreport.ExtentReporter:logSuccess:134) - StepName - waitUntilElementIsClickable, StepDescription - Element clickable - (By - By.xpath: //select[@id='settingOrderTypeId']) Passed
2018-08-31 18:43:16,506 ERROR (TestNG-tests-1:dweb.aut.pages.templates.PageTemplate:SelectDropDownByText:204) - Exception Encountered - Unable to find element with xpath == //select[@id='settingOrderTypeId']
For documentation on this error, please visit: http://seleniumhq.org/exceptions/no_such_element.html
Build info: version: '3.6.0', revision: '6fbf3ec767', time: '2017-09-27T15:28:36.4Z'
System info: host: 'HW1562', ip: '10.11.4.33', os.name: 'Windows 7', os.arch: 'amd64', os.version: '6.1', java.version: '1.8.0_111'
Driver info: org.openqa.selenium.ie.InternetExplorerDriver
Capabilities [{proxy=Proxy(), acceptInsecureCerts=false, browserVersion=11, se:ieOptions={nativeEvents=true, browserAttachTimeout=0, ie.ensureCleanSession=true, elementScrollBehavior=0, enablePersistentHover=true, ie.browserCommandLineSwitches=, ie.forceCreateProcessApi=false, requireWindowFocus=false, initialBrowserUrl=http://localhost:48794/, ignoreZoomSetting=false, ie.fileUploadDialogTimeout=3000, ignoreProtectedModeSettings=false}, timeouts={implicit=0, pageLoad=300000, script=30000}, browserName=internet explorer, pageLoadStrategy=normal, javascriptEnabled=true, platformName=WINDOWS, setWindowRect=true, platform=WINDOWS}]
Session ID: 68e7b018-1bb3-4d28-b911-4ac83dd08d4e
*** Element info: {Using=xpath, value=//select[@id='settingOrderTypeId']}
2018-08-31 18:43:16,573 ERROR (TestNG-tests-1:com.testreport.ExtentReporter:logFailure:172) - StepName - SelectDropDownByText, StepDescription - Failed To Perform Select Visible Text - <mark>Diet</mark> On Locator - <mark>By.xpath: //select[@id='settingOrderTypeId']</mark> Failed, ScreenShot - ErrorScreenshots\Screenshot_12_31-08-2018_18_43_16_510_1.jpg
2018-08-31 18:43:16,574 ERROR (TestNG-tests-1:com.testreport.ExtentReporter:logException:234) - Unable to find element with xpath == //select[@id='settingOrderTypeId']
For documentation on this error, please visit: http://seleniumhq.org/exceptions/no_such_element.html
Build info: version: '3.6.0', revision: '6fbf3ec767', time: '2017-09-27T15:28:36.4Z'
System info: host: 'HW1562', ip: '10.11.4.33', os.name: 'Windows 7', os.arch: 'amd64', os.version: '6.1', java.version: '1.8.0_111'
Driver info: org.openqa.selenium.ie.InternetExplorerDriver
Capabilities [{proxy=Proxy(), acceptInsecureCerts=false, browserVersion=11, se:ieOptions={nativeEvents=true, browserAttachTimeout=0, ie.ensureCleanSession=true, elementScrollBehavior=0, enablePersistentHover=true, ie.browserCommandLineSwitches=, ie.forceCreateProcessApi=false, requireWindowFocus=false, initialBrowserUrl=http://localhost:48794/, ignoreZoomSetting=false, ie.fileUploadDialogTimeout=3000, ignoreProtectedModeSettings=false}, timeouts={implicit=0, pageLoad=300000, script=30000}, browserName=internet explorer, pageLoadStrategy=normal, javascriptEnabled=true, platformName=WINDOWS, setWindowRect=true, platform=WINDOWS}]
Session ID: 68e7b018-1bb3-4d28-b911-4ac83dd08d4e
*** Element info: {Using=xpath, value=//select[@id='settingOrderTypeId']}
org.openqa.selenium.NoSuchElementException: Unable to find element with xpath == //select[@id='settingOrderTypeId']
For documentation on this error, please visit: http://seleniumhq.org/exceptions/no_such_element.html
Build info: version: '3.6.0', revision: '6fbf3ec767', time: '2017-09-27T15:28:36.4Z'
System info: host: 'HW1562', ip: '10.11.4.33', os.name: 'Windows 7', os.arch: 'amd64', os.version: '6.1', java.version: '1.8.0_111'
Driver info: org.openqa.selenium.ie.InternetExplorerDriver
Capabilities [{proxy=Proxy(), acceptInsecureCerts=false, browserVersion=11, se:ieOptions={nativeEvents=true, browserAttachTimeout=0, ie.ensureCleanSession=true, elementScrollBehavior=0, enablePersistentHover=true, ie.browserCommandLineSwitches=, ie.forceCreateProcessApi=false, requireWindowFocus=false, initialBrowserUrl=http://localhost:48794/, ignoreZoomSetting=false, ie.fileUploadDialogTimeout=3000, ignoreProtectedModeSettings=false}, timeouts={implicit=0, pageLoad=300000, script=30000}, browserName=internet explorer, pageLoadStrategy=normal, javascriptEnabled=true, platformName=WINDOWS, setWindowRect=true, platform=WINDOWS}]
Session ID: 68e7b018-1bb3-4d28-b911-4ac83dd08d4e
*** Element info: {Using=xpath, value=//select[@id='settingOrderTypeId']}
	at sun.reflect.NativeConstructorAccessorImpl.newInstance0(Native Method)
	at sun.reflect.NativeConstructorAccessorImpl.newInstance(NativeConstructorAccessorImpl.java:62)
	at sun.reflect.DelegatingConstructorAccessorImpl.newInstance(DelegatingConstructorAccessorImpl.java:45)
	at java.lang.reflect.Constructor.newInstance(Constructor.java:423)
	at org.openqa.selenium.remote.http.W3CHttpResponseCodec.createException(W3CHttpResponseCodec.java:187)
	at org.openqa.selenium.remote.http.W3CHttpResponseCodec.decode(W3CHttpResponseCodec.java:122)
	at org.openqa.selenium.remote.http.W3CHttpResponseCodec.decode(W3CHttpResponseCodec.java:49)
	at org.openqa.selenium.remote.HttpCommandExecutor.execute(HttpCommandExecutor.java:160)
	at org.openqa.selenium.remote.service.DriverCommandExecutor.execute(DriverCommandExecutor.java:83)
	at org.openqa.selenium.remote.RemoteWebDriver.execute(RemoteWebDriver.java:601)
	at org.openqa.selenium.remote.RemoteWebDriver.findElement(RemoteWebDriver.java:371)
	at org.openqa.selenium.remote.RemoteWebDriver.findElementByXPath(RemoteWebDriver.java:473)
	at org.openqa.selenium.By$ByXPath.findElement(By.java:361)
	at org.openqa.selenium.remote.RemoteWebDriver.findElement(RemoteWebDriver.java:363)
	at dweb.aut.pages.templates.PageTemplate.SelectDropDownByText(PageTemplate.java:197)
	at aut.bluestrata.pages.PhysicianPortalPage.VerifyRemoveButtonInPickFromLibrary(PhysicianPortalPage.java:1400)
	at aut.tests.functionaltests.FacilityAppTestCases.QA048_UpdatingOrRemovingOrder_LibrariesViaFacilityAppForDetailsType(FacilityAppTestCases.java:749)
	at sun.reflect.NativeMethodAccessorImpl.invoke0(Native Method)
	at sun.reflect.NativeMethodAccessorImpl.invoke(NativeMethodAccessorImpl.java:62)
	at sun.reflect.DelegatingMethodAccessorImpl.invoke(DelegatingMethodAccessorImpl.java:43)
	at java.lang.reflect.Method.invoke(Method.java:498)
	at org.testng.internal.MethodInvocationHelper.invokeMethod(MethodInvocationHelper.java:108)
	at org.testng.internal.Invoker.invokeMethod(Invoker.java:661)
	at org.testng.internal.Invoker.invokeTestMethod(Invoker.java:869)
	at org.testng.internal.Invoker.invokeTestMethods(Invoker.java:1193)
	at org.testng.internal.TestMethodWorker.invokeTestMethods(TestMethodWorker.java:126)
	at org.testng.internal.TestMethodWorker.run(TestMethodWorker.java:109)
	at org.testng.TestRunner.privateRun(TestRunner.java:744)
	at org.testng.TestRunner.run(TestRunner.java:602)
	at org.testng.SuiteRunner.runTest(SuiteRunner.java:380)
	at org.testng.SuiteRunner.access$000(SuiteRunner.java:39)
	at org.testng.SuiteRunner$SuiteWorker.run(SuiteRunner.java:414)
	at org.testng.internal.thread.ThreadUtil$1.call(ThreadUtil.java:52)
	at java.util.concurrent.FutureTask.run(FutureTask.java:266)
	at java.util.concurrent.ThreadPoolExecutor.runWorker(ThreadPoolExecutor.java:1142)
	at java.util.concurrent.ThreadPoolExecutor$Worker.run(ThreadPoolExecutor.java:617)
	at java.lang.Thread.run(Thread.java:745)
2018-08-31 18:43:43,915  INFO (TestNG-tests-1:dweb.aut.pages.templates.PageTemplate:waitUntilElementIsClickable:337) - Element clickable - (By - By.xpath: //button[text()='Cancel'])
2018-08-31 18:43:43,915  INFO (TestNG-tests-1:com.testreport.ExtentReporter:logSuccess:134) - StepName - waitUntilElementIsClickable, StepDescription - Element clickable - (By - By.xpath: //button[text()='Cancel']) Passed
2018-08-31 18:43:43,915  INFO (TestNG-tests-1:dweb.aut.pages.templates.PageTemplate:waitUntilElementIsClickable:337) - Element clickable - (By - By.xpath: //button[text()='Cancel'])
2018-08-31 18:43:43,916  INFO (TestNG-tests-1:com.testreport.ExtentReporter:logSuccess:134) - StepName - waitUntilElementIsClickable, StepDescription - Element clickable - (By - By.xpath: //button[text()='Cancel']) Passed
