<!DOCTYPE html>

<html>
  <head>
  <meta charset='utf-8'>
  <title>TestNG reports</title>

    <link type="text/css" href="testng-reports.css" rel="stylesheet" />
    <script type="text/javascript" src="jquery-1.7.1.min.js"></script>
    <script type="text/javascript" src="testng-reports.js"></script>
    <script type="text/javascript" src="https://www.google.com/jsapi"></script>
    <script type='text/javascript'>
      google.load('visualization', '1', {packages:['table']});
      google.setOnLoadCallback(drawTable);
      var suiteTableInitFunctions = new Array();
      var suiteTableData = new Array();
    </script>
    <!--
      <script type="text/javascript" src="jquery-ui/js/jquery-ui-1.8.16.custom.min.js"></script>
     -->
  </head>

  <body>
    <div class="top-banner-root">
      <span class="top-banner-title-font">Test results</span>
      <br/>
      <span class="top-banner-font-1">1 suite, 8 failed tests</span>
    </div> <!-- top-banner-root -->
    <div class="navigator-root">
      <div class="navigator-suite-header">
        <span>All suites</span>
        <a href="#" class="collapse-all-link" title="Collapse/expand all the suites">
          <img class="collapse-all-icon" src="collapseall.gif">
          </img> <!-- collapse-all-icon -->
        </a> <!-- collapse-all-link -->
      </div> <!-- navigator-suite-header -->
      <div class="suite">
        <div class="rounded-window">
          <div class="suite-header light-rounded-window-top">
            <a href="#" class="navigator-link" panel-name="suite-SuiteRegression">
              <span class="suite-name border-failed">SuiteRegression</span>
            </a> <!-- navigator-link -->
          </div> <!-- suite-header light-rounded-window-top -->
          <div class="navigator-suite-content">
            <div class="suite-section-title">
              <span>Info</span>
            </div> <!-- suite-section-title -->
            <div class="suite-section-content">
              <ul>
                <li>
                  <a href="#" class="navigator-link " panel-name="test-xml-SuiteRegression">
                    <span>C:\Bluestrata\Abhishek-Project-s\testng.xml</span>
                  </a> <!-- navigator-link  -->
                </li>
                <li>
                  <a href="#" class="navigator-link " panel-name="testlist-SuiteRegression">
                    <span class="test-stats">2 tests</span>
                  </a> <!-- navigator-link  -->
                </li>
                <li>
                  <a href="#" class="navigator-link " panel-name="group-SuiteRegression">
                    <span>0 groups</span>
                  </a> <!-- navigator-link  -->
                </li>
                <li>
                  <a href="#" class="navigator-link " panel-name="times-SuiteRegression">
                    <span>Times</span>
                  </a> <!-- navigator-link  -->
                </li>
                <li>
                  <a href="#" class="navigator-link " panel-name="reporter-SuiteRegression">
                    <span>Reporter output</span>
                  </a> <!-- navigator-link  -->
                </li>
                <li>
                  <a href="#" class="navigator-link " panel-name="ignored-methods-SuiteRegression">
                    <span>Ignored methods</span>
                  </a> <!-- navigator-link  -->
                </li>
                <li>
                  <a href="#" class="navigator-link " panel-name="chronological-SuiteRegression">
                    <span>Chronological view</span>
                  </a> <!-- navigator-link  -->
                </li>
              </ul>
            </div> <!-- suite-section-content -->
            <div class="result-section">
              <div class="suite-section-title">
                <span>Results</span>
              </div> <!-- suite-section-title -->
              <div class="suite-section-content">
                <ul>
                  <li>
                    <span class="method-stats">20 methods, 8 failed,   12 passed</span>
                  </li>
                  <li>
                    <span class="method-list-title failed">Failed methods</span>
                    <span class="show-or-hide-methods failed">
                      <a href="#" panel-name="suite-SuiteRegression" class="hide-methods failed suite-SuiteRegression"> (hide)</a> <!-- hide-methods failed suite-SuiteRegression -->
                      <a href="#" panel-name="suite-SuiteRegression" class="show-methods failed suite-SuiteRegression"> (show)</a> <!-- show-methods failed suite-SuiteRegression -->
                    </span>
                    <div class="method-list-content failed suite-SuiteRegression">
                      <span>
                        <img width="3%" src="failed.png"/>
                        <a href="#" class="method navigator-link" panel-name="suite-SuiteRegression" title="aut.tests.functionaltests.PhysicianPortalTestCases" hash-for-method="QA011_HowOften_RoutineFrequencyType">QA011_HowOften_RoutineFrequencyType</a> <!-- method navigator-link -->
                      </span>
                      <br/>
                      <span>
                        <img width="3%" src="failed.png"/>
                        <a href="#" class="method navigator-link" panel-name="suite-SuiteRegression" title="aut.tests.functionaltests.PhysicianPortalTestCases" hash-for-method="QA018_CreateAnOrder_ViaOrderSets(org.testng.TestRunner@67880744)">QA018_CreateAnOrder_ViaOrderSets(org.testng.TestRunner@67880744)</a> <!-- method navigator-link -->
                      </span>
                      <br/>
                      <span>
                        <img width="3%" src="failed.png"/>
                        <a href="#" class="method navigator-link" panel-name="suite-SuiteRegression" title="aut.tests.functionaltests.PhysicianPortalTestCases" hash-for-method="QA019_ViewAndModifyAnOrder_ViaOrderSets(org.testng.TestRunner@67880744)">QA019_ViewAndModifyAnOrder_ViaOrderSets(org.testng.TestRunner@67880744)</a> <!-- method navigator-link -->
                      </span>
                      <br/>
                      <span>
                        <img width="3%" src="failed.png"/>
                        <a href="#" class="method navigator-link" panel-name="suite-SuiteRegression" title="aut.tests.functionaltests.PhysicianPortalTestCases" hash-for-method="QA021_VerifyAndModifyAnOrder_ViaOrderSetsOrCreateAnOrder(org.testng.TestRunner@67880744)">QA021_VerifyAndModifyAnOrder_ViaOrderSetsOrCreateAnOrder(org.testng.TestRunner@67880744)</a> <!-- method navigator-link -->
                      </span>
                      <br/>
                      <span>
                        <img width="3%" src="failed.png"/>
                        <a href="#" class="method navigator-link" panel-name="suite-SuiteRegression" title="aut.tests.functionaltests.PhysicianPortalTestCases" hash-for-method="QA023_ViewAndModifyAnOrder_ViaOrderSetsOrCreateAnOrder(org.testng.TestRunner@67880744)">QA023_ViewAndModifyAnOrder_ViaOrderSetsOrCreateAnOrder(org.testng.TestRunner@67880744)</a> <!-- method navigator-link -->
                      </span>
                      <br/>
                      <span>
                        <img width="3%" src="failed.png"/>
                        <a href="#" class="method navigator-link" panel-name="suite-SuiteRegression" title="aut.tests.functionaltests.PhysicianPortalTestCases" hash-for-method="QA024_RecapAnOrder_ViaOrderSetsOrCreateAnOrder(org.testng.TestRunner@67880744)">QA024_RecapAnOrder_ViaOrderSetsOrCreateAnOrder(org.testng.TestRunner@67880744)</a> <!-- method navigator-link -->
                      </span>
                      <br/>
                      <span>
                        <img width="3%" src="failed.png"/>
                        <a href="#" class="method navigator-link" panel-name="suite-SuiteRegression" title="aut.tests.functionaltests.PhysicianPortalTestCases" hash-for-method="QA025_SignatureOnRecap_Wheather_OrderCreatedFromOrder_Or_FromSets(org.testng.TestRunner@67880744)">QA025_SignatureOnRecap_Wheather_OrderCreatedFromOrder_Or_FromSets(org.testng.TestRunner@67880744)</a> <!-- method navigator-link -->
                      </span>
                      <br/>
                      <span>
                        <img width="3%" src="failed.png"/>
                        <a href="#" class="method navigator-link" panel-name="suite-SuiteRegression" title="aut.tests.functionaltests.PhysicianPortalTestCases" hash-for-method="QA026_ViewAndModify_Recaps(org.testng.TestRunner@67880744)">QA026_ViewAndModify_Recaps(org.testng.TestRunner@67880744)</a> <!-- method navigator-link -->
                      </span>
                      <br/>
                    </div> <!-- method-list-content failed suite-SuiteRegression -->
                  </li>
                  <li>
                    <span class="method-list-title passed">Passed methods</span>
                    <span class="show-or-hide-methods passed">
                      <a href="#" panel-name="suite-SuiteRegression" class="hide-methods passed suite-SuiteRegression"> (hide)</a> <!-- hide-methods passed suite-SuiteRegression -->
                      <a href="#" panel-name="suite-SuiteRegression" class="show-methods passed suite-SuiteRegression"> (show)</a> <!-- show-methods passed suite-SuiteRegression -->
                    </span>
                    <div class="method-list-content passed suite-SuiteRegression">
                      <span>
                        <img width="3%" src="passed.png"/>
                        <a href="#" class="method navigator-link" panel-name="suite-SuiteRegression" title="aut.tests.functionaltests.PhysicianPortalTestCases" hash-for-method="QA007_ResidentOrders">QA007_ResidentOrders</a> <!-- method navigator-link -->
                      </span>
                      <br/>
                      <span>
                        <img width="3%" src="passed.png"/>
                        <a href="#" class="method navigator-link" panel-name="suite-SuiteRegression" title="aut.tests.functionaltests.PhysicianPortalTestCases" hash-for-method="QA008_ResidentOrders_CreateAnOrder(org.testng.TestRunner@67880744)">QA008_ResidentOrders_CreateAnOrder(org.testng.TestRunner@67880744)</a> <!-- method navigator-link -->
                      </span>
                      <br/>
                      <span>
                        <img width="3%" src="passed.png"/>
                        <a href="#" class="method navigator-link" panel-name="suite-SuiteRegression" title="aut.tests.functionaltests.PhysicianPortalTestCases" hash-for-method="QA009_ResidentOrders_CreateAnOrderWithFrequencyRoutine(org.testng.TestRunner@67880744)">QA009_ResidentOrders_CreateAnOrderWithFrequencyRoutine(org.testng.TestRunner@67880744)</a> <!-- method navigator-link -->
                      </span>
                      <br/>
                      <span>
                        <img width="3%" src="passed.png"/>
                        <a href="#" class="method navigator-link" panel-name="suite-SuiteRegression" title="aut.tests.functionaltests.PhysicianPortalTestCases" hash-for-method="QA010_ResidentOrders_CreateAnOrderWithFrequencyRoutine(org.testng.TestRunner@67880744)">QA010_ResidentOrders_CreateAnOrderWithFrequencyRoutine(org.testng.TestRunner@67880744)</a> <!-- method navigator-link -->
                      </span>
                      <br/>
                      <span>
                        <img width="3%" src="passed.png"/>
                        <a href="#" class="method navigator-link" panel-name="suite-SuiteRegression" title="aut.tests.functionaltests.PhysicianPortalTestCases" hash-for-method="QA012_ResidentOrders_CreateAnOrderWithFrequencyPRN(org.testng.TestRunner@67880744)">QA012_ResidentOrders_CreateAnOrderWithFrequencyPRN(org.testng.TestRunner@67880744)</a> <!-- method navigator-link -->
                      </span>
                      <br/>
                      <span>
                        <img width="3%" src="passed.png"/>
                        <a href="#" class="method navigator-link" panel-name="suite-SuiteRegression" title="aut.tests.functionaltests.PhysicianPortalTestCases" hash-for-method="QA013_ResidentOrders_CreateAnOrderWithFrequencyPRNEveryHour(org.testng.TestRunner@67880744)">QA013_ResidentOrders_CreateAnOrderWithFrequencyPRNEveryHour(org.testng.TestRunner@67880744)</a> <!-- method navigator-link -->
                      </span>
                      <br/>
                      <span>
                        <img width="3%" src="passed.png"/>
                        <a href="#" class="method navigator-link" panel-name="suite-SuiteRegression" title="aut.tests.functionaltests.PhysicianPortalTestCases" hash-for-method="QA014_ResidentOrders_CreateAnOrder(org.testng.TestRunner@67880744)">QA014_ResidentOrders_CreateAnOrder(org.testng.TestRunner@67880744)</a> <!-- method navigator-link -->
                      </span>
                      <br/>
                      <span>
                        <img width="3%" src="passed.png"/>
                        <a href="#" class="method navigator-link" panel-name="suite-SuiteRegression" title="aut.tests.functionaltests.PhysicianPortalTestCases" hash-for-method="QA015_ResidentOrders_CreateAnOrderWithFrequencyRoutine(org.testng.TestRunner@67880744)">QA015_ResidentOrders_CreateAnOrderWithFrequencyRoutine(org.testng.TestRunner@67880744)</a> <!-- method navigator-link -->
                      </span>
                      <br/>
                      <span>
                        <img width="3%" src="passed.png"/>
                        <a href="#" class="method navigator-link" panel-name="suite-SuiteRegression" title="aut.tests.functionaltests.PhysicianPortalTestCases" hash-for-method="QA016_ResidentOrders_CreateAnOrderWithFrequencyPRNEveryHour(org.testng.TestRunner@67880744)">QA016_ResidentOrders_CreateAnOrderWithFrequencyPRNEveryHour(org.testng.TestRunner@67880744)</a> <!-- method navigator-link -->
                      </span>
                      <br/>
                      <span>
                        <img width="3%" src="passed.png"/>
                        <a href="#" class="method navigator-link" panel-name="suite-SuiteRegression" title="aut.tests.functionaltests.PhysicianPortalTestCases" hash-for-method="QA017_ResidentOrders_CreateAnOrderWithFrequencyPRN(org.testng.TestRunner@67880744)">QA017_ResidentOrders_CreateAnOrderWithFrequencyPRN(org.testng.TestRunner@67880744)</a> <!-- method navigator-link -->
                      </span>
                      <br/>
                      <span>
                        <img width="3%" src="passed.png"/>
                        <a href="#" class="method navigator-link" panel-name="suite-SuiteRegression" title="aut.tests.functionaltests.PhysicianPortalTestCases" hash-for-method="QA020_VerifyAnOrder_ViaOrderSetsOrCreateAnOrder(org.testng.TestRunner@67880744)">QA020_VerifyAnOrder_ViaOrderSetsOrCreateAnOrder(org.testng.TestRunner@67880744)</a> <!-- method navigator-link -->
                      </span>
                      <br/>
                      <span>
                        <img width="3%" src="passed.png"/>
                        <a href="#" class="method navigator-link" panel-name="suite-SuiteRegression" title="aut.tests.functionaltests.PhysicianPortalTestCases" hash-for-method="QA022_SignAnOrder_ViaOrderSetsOrCreateAnOrder(org.testng.TestRunner@67880744)">QA022_SignAnOrder_ViaOrderSetsOrCreateAnOrder(org.testng.TestRunner@67880744)</a> <!-- method navigator-link -->
                      </span>
                      <br/>
                    </div> <!-- method-list-content passed suite-SuiteRegression -->
                  </li>
                </ul>
              </div> <!-- suite-section-content -->
            </div> <!-- result-section -->
          </div> <!-- navigator-suite-content -->
        </div> <!-- rounded-window -->
      </div> <!-- suite -->
    </div> <!-- navigator-root -->
    <div class="wrapper">
      <div class="main-panel-root">
        <div panel-name="suite-SuiteRegression" class="panel SuiteRegression">
          <div class="suite-SuiteRegression-class-failed">
            <div class="main-panel-header rounded-window-top">
              <img src="failed.png"/>
              <span class="class-name">aut.tests.functionaltests.PhysicianPortalTestCases</span>
            </div> <!-- main-panel-header rounded-window-top -->
            <div class="main-panel-content rounded-window-bottom">
              <div class="method">
                <div class="method-content">
                  <a name="QA011_HowOften_RoutineFrequencyType">
                  </a> <!-- QA011_HowOften_RoutineFrequencyType -->
                  <span class="method-name">QA011_HowOften_RoutineFrequencyType</span>
                  <div class="stack-trace">org.openqa.selenium.StaleElementReferenceException: Element is no longer valid
For documentation on this error, please visit: http://seleniumhq.org/exceptions/stale_element_reference.html
Build info: version: &apos;3.6.0&apos;, revision: &apos;6fbf3ec767&apos;, time: &apos;2017-09-27T15:28:36.4Z&apos;
System info: host: &apos;HW1562&apos;, ip: &apos;10.11.4.33&apos;, os.name: &apos;Windows 7&apos;, os.arch: &apos;amd64&apos;, os.version: &apos;6.1&apos;, java.version: &apos;1.8.0_111&apos;
Driver info: org.openqa.selenium.ie.InternetExplorerDriver
Capabilities [{proxy=Proxy(), acceptInsecureCerts=false, browserVersion=11, se:ieOptions={nativeEvents=true, browserAttachTimeout=0, ie.ensureCleanSession=true, elementScrollBehavior=0, enablePersistentHover=true, ie.browserCommandLineSwitches=, ie.forceCreateProcessApi=false, requireWindowFocus=false, initialBrowserUrl=http://localhost:18089/, ignoreZoomSetting=false, ie.fileUploadDialogTimeout=3000, ignoreProtectedModeSettings=false}, timeouts={implicit=0, pageLoad=300000, script=30000}, browserName=internet explorer, pageLoadStrategy=normal, javascriptEnabled=true, platformName=WINDOWS, setWindowRect=true, platform=WINDOWS}]
Session ID: 6cac9b64-2b8f-429a-960b-a5aff84e64aa
	at org.openqa.selenium.remote.http.W3CHttpResponseCodec.createException(W3CHttpResponseCodec.java:187)
	at org.openqa.selenium.remote.http.W3CHttpResponseCodec.decode(W3CHttpResponseCodec.java:122)
	at org.openqa.selenium.remote.http.W3CHttpResponseCodec.decode(W3CHttpResponseCodec.java:49)
	at org.openqa.selenium.remote.HttpCommandExecutor.execute(HttpCommandExecutor.java:160)
	at org.openqa.selenium.remote.service.DriverCommandExecutor.execute(DriverCommandExecutor.java:83)
	at org.openqa.selenium.remote.RemoteWebDriver.execute(RemoteWebDriver.java:601)
	at org.openqa.selenium.remote.RemoteWebElement.execute(RemoteWebElement.java:279)
	at org.openqa.selenium.remote.RemoteWebElement.clear(RemoteWebElement.java:118)
	at dweb.aut.pages.templates.PageTemplate.SendKeysToElementClearFirst(PageTemplate.java:525)
	at aut.bluestrata.pages.PhysicianPortalPage.RequireActionRelatedLabel(PhysicianPortalPage.java:1642)
	at aut.tests.functionaltests.PhysicianPortalTestCases.QA011_HowOften_RoutineFrequencyType(PhysicianPortalTestCases.java:491)
	at java.util.concurrent.FutureTask.run(FutureTask.java:266)
	at java.util.concurrent.ThreadPoolExecutor.runWorker(ThreadPoolExecutor.java:1142)
	at java.util.concurrent.ThreadPoolExecutor$Worker.run(ThreadPoolExecutor.java:617)
	at java.lang.Thread.run(Thread.java:745)
... Removed 20 stack frames
</div> <!-- stack-trace -->
                </div> <!-- method-content -->
              </div> <!-- method -->
              <div class="method">
                <div class="method-content">
                  <a name="QA018_CreateAnOrder_ViaOrderSets(org.testng.TestRunner@67880744)">
                  </a> <!-- QA018_CreateAnOrder_ViaOrderSets(org.testng.TestRunner@67880744) -->
                  <span class="method-name">QA018_CreateAnOrder_ViaOrderSets</span>
                  <span class="parameters">(org.testng.TestRunner@67880744)</span>
                  <div class="stack-trace">org.openqa.selenium.NoSuchElementException: Unable to find element with xpath == //datatable-scroller[@class=&apos;datatable-scroll ng-star-inserted&apos;]//span[text()=&apos;Amoxicillin 875 MG Tablet&apos;]
For documentation on this error, please visit: http://seleniumhq.org/exceptions/no_such_element.html
Build info: version: &apos;3.6.0&apos;, revision: &apos;6fbf3ec767&apos;, time: &apos;2017-09-27T15:28:36.4Z&apos;
System info: host: &apos;HW1562&apos;, ip: &apos;10.11.4.33&apos;, os.name: &apos;Windows 7&apos;, os.arch: &apos;amd64&apos;, os.version: &apos;6.1&apos;, java.version: &apos;1.8.0_111&apos;
Driver info: org.openqa.selenium.ie.InternetExplorerDriver
Capabilities [{proxy=Proxy(), acceptInsecureCerts=false, browserVersion=11, se:ieOptions={nativeEvents=true, browserAttachTimeout=0, ie.ensureCleanSession=true, elementScrollBehavior=0, enablePersistentHover=true, ie.browserCommandLineSwitches=, ie.forceCreateProcessApi=false, requireWindowFocus=false, initialBrowserUrl=http://localhost:36750/, ignoreZoomSetting=false, ie.fileUploadDialogTimeout=3000, ignoreProtectedModeSettings=false}, timeouts={implicit=0, pageLoad=300000, script=30000}, browserName=internet explorer, pageLoadStrategy=normal, javascriptEnabled=true, platformName=WINDOWS, setWindowRect=true, platform=WINDOWS}]
Session ID: acaf2812-690c-4eea-bcb4-b38b1f67f443
*** Element info: {Using=xpath, value=//datatable-scroller[@class=&apos;datatable-scroll ng-star-inserted&apos;]//span[text()=&apos;Amoxicillin 875 MG Tablet&apos;]}
	at org.openqa.selenium.remote.http.W3CHttpResponseCodec.createException(W3CHttpResponseCodec.java:187)
	at org.openqa.selenium.remote.http.W3CHttpResponseCodec.decode(W3CHttpResponseCodec.java:122)
	at org.openqa.selenium.remote.http.W3CHttpResponseCodec.decode(W3CHttpResponseCodec.java:49)
	at org.openqa.selenium.remote.HttpCommandExecutor.execute(HttpCommandExecutor.java:160)
	at org.openqa.selenium.remote.service.DriverCommandExecutor.execute(DriverCommandExecutor.java:83)
	at org.openqa.selenium.remote.RemoteWebDriver.execute(RemoteWebDriver.java:601)
	at org.openqa.selenium.remote.RemoteWebDriver.findElement(RemoteWebDriver.java:371)
	at org.openqa.selenium.remote.RemoteWebDriver.findElementByXPath(RemoteWebDriver.java:473)
	at org.openqa.selenium.By$ByXPath.findElement(By.java:361)
	at org.openqa.selenium.remote.RemoteWebDriver.findElement(RemoteWebDriver.java:363)
	at aut.bluestrata.pages.FacilityPage.CreateOrderSetDescription(FacilityPage.java:297)
	at aut.tests.functionaltests.PhysicianPortalTestCases.QA018_CreateAnOrder_ViaOrderSets(PhysicianPortalTestCases.java:999)
	at java.util.concurrent.FutureTask.run(FutureTask.java:266)
	at java.util.concurrent.ThreadPoolExecutor.runWorker(ThreadPoolExecutor.java:1142)
	at java.util.concurrent.ThreadPoolExecutor$Worker.run(ThreadPoolExecutor.java:617)
	at java.lang.Thread.run(Thread.java:745)
... Removed 20 stack frames
</div> <!-- stack-trace -->
                </div> <!-- method-content -->
              </div> <!-- method -->
              <div class="method">
                <div class="method-content">
                  <a name="QA019_ViewAndModifyAnOrder_ViaOrderSets(org.testng.TestRunner@67880744)">
                  </a> <!-- QA019_ViewAndModifyAnOrder_ViaOrderSets(org.testng.TestRunner@67880744) -->
                  <span class="method-name">QA019_ViewAndModifyAnOrder_ViaOrderSets</span>
                  <span class="parameters">(org.testng.TestRunner@67880744)</span>
                  <div class="stack-trace">org.openqa.selenium.NoSuchElementException: Unable to find element with xpath == //*[text()=&apos;Create Recaps&apos;]
For documentation on this error, please visit: http://seleniumhq.org/exceptions/no_such_element.html
Build info: version: &apos;3.6.0&apos;, revision: &apos;6fbf3ec767&apos;, time: &apos;2017-09-27T15:28:36.4Z&apos;
System info: host: &apos;HW1562&apos;, ip: &apos;10.11.4.33&apos;, os.name: &apos;Windows 7&apos;, os.arch: &apos;amd64&apos;, os.version: &apos;6.1&apos;, java.version: &apos;1.8.0_111&apos;
Driver info: org.openqa.selenium.ie.InternetExplorerDriver
Capabilities [{proxy=Proxy(), acceptInsecureCerts=false, browserVersion=11, se:ieOptions={nativeEvents=true, browserAttachTimeout=0, ie.ensureCleanSession=true, elementScrollBehavior=0, enablePersistentHover=true, ie.browserCommandLineSwitches=, ie.forceCreateProcessApi=false, requireWindowFocus=false, initialBrowserUrl=http://localhost:47848/, ignoreZoomSetting=false, ie.fileUploadDialogTimeout=3000, ignoreProtectedModeSettings=false}, timeouts={implicit=0, pageLoad=300000, script=30000}, browserName=internet explorer, pageLoadStrategy=normal, javascriptEnabled=true, platformName=WINDOWS, setWindowRect=true, platform=WINDOWS}]
Session ID: 329a90c0-2bb5-40f1-bfff-d543343cf157
*** Element info: {Using=xpath, value=//*[text()=&apos;Create Recaps&apos;]}
	at org.openqa.selenium.remote.http.W3CHttpResponseCodec.createException(W3CHttpResponseCodec.java:187)
	at org.openqa.selenium.remote.http.W3CHttpResponseCodec.decode(W3CHttpResponseCodec.java:122)
	at org.openqa.selenium.remote.http.W3CHttpResponseCodec.decode(W3CHttpResponseCodec.java:49)
	at org.openqa.selenium.remote.HttpCommandExecutor.execute(HttpCommandExecutor.java:160)
	at org.openqa.selenium.remote.service.DriverCommandExecutor.execute(DriverCommandExecutor.java:83)
	at org.openqa.selenium.remote.RemoteWebDriver.execute(RemoteWebDriver.java:601)
	at org.openqa.selenium.remote.RemoteWebDriver.findElement(RemoteWebDriver.java:371)
	at org.openqa.selenium.remote.RemoteWebDriver.findElementByXPath(RemoteWebDriver.java:473)
	at org.openqa.selenium.By$ByXPath.findElement(By.java:361)
	at org.openqa.selenium.remote.RemoteWebDriver.findElement(RemoteWebDriver.java:363)
	at aut.bluestrata.pages.PhysicianPortalPage.OrderPageCopyOrderValidation(PhysicianPortalPage.java:2864)
	at aut.tests.functionaltests.PhysicianPortalTestCases.QA019_ViewAndModifyAnOrder_ViaOrderSets(PhysicianPortalTestCases.java:1178)
	at java.util.concurrent.FutureTask.run(FutureTask.java:266)
	at java.util.concurrent.ThreadPoolExecutor.runWorker(ThreadPoolExecutor.java:1142)
	at java.util.concurrent.ThreadPoolExecutor$Worker.run(ThreadPoolExecutor.java:617)
	at java.lang.Thread.run(Thread.java:745)
... Removed 20 stack frames
</div> <!-- stack-trace -->
                </div> <!-- method-content -->
              </div> <!-- method -->
              <div class="method">
                <div class="method-content">
                  <a name="QA021_VerifyAndModifyAnOrder_ViaOrderSetsOrCreateAnOrder(org.testng.TestRunner@67880744)">
                  </a> <!-- QA021_VerifyAndModifyAnOrder_ViaOrderSetsOrCreateAnOrder(org.testng.TestRunner@67880744) -->
                  <span class="method-name">QA021_VerifyAndModifyAnOrder_ViaOrderSetsOrCreateAnOrder</span>
                  <span class="parameters">(org.testng.TestRunner@67880744)</span>
                  <div class="stack-trace">org.openqa.selenium.NoSuchSessionException: Session ID is null. Using WebDriver after calling quit()?
Build info: version: &apos;3.6.0&apos;, revision: &apos;6fbf3ec767&apos;, time: &apos;2017-09-27T15:28:36.4Z&apos;
System info: host: &apos;HW1562&apos;, ip: &apos;10.11.4.33&apos;, os.name: &apos;Windows 7&apos;, os.arch: &apos;amd64&apos;, os.version: &apos;6.1&apos;, java.version: &apos;1.8.0_111&apos;
Driver info: driver.version: InternetExplorerDriver
	at org.openqa.selenium.remote.HttpCommandExecutor.execute(HttpCommandExecutor.java:127)
	at org.openqa.selenium.remote.service.DriverCommandExecutor.execute(DriverCommandExecutor.java:83)
	at org.openqa.selenium.remote.RemoteWebDriver.execute(RemoteWebDriver.java:601)
	at org.openqa.selenium.remote.RemoteWebDriver.execute(RemoteWebDriver.java:658)
	at org.openqa.selenium.ie.InternetExplorerDriver.getScreenshotAs(InternetExplorerDriver.java:235)
	at com.testreport.ExtentReporter.takeScreenShot(ExtentReporter.java:299)
	at com.testreport.ExtentReporter.logFailure(ExtentReporter.java:169)
	at dweb.aut.pages.templates.PageTemplate.click(PageTemplate.java:166)
	at aut.bluestrata.pages.HomePage.NavigateToPhysicianPortal(HomePage.java:35)
	at aut.tests.functionaltests.PhysicianPortalTestCases.QA021_VerifyAndModifyAnOrder_ViaOrderSetsOrCreateAnOrder(PhysicianPortalTestCases.java:1270)
	at java.util.concurrent.FutureTask.run(FutureTask.java:266)
	at java.util.concurrent.ThreadPoolExecutor.runWorker(ThreadPoolExecutor.java:1142)
	at java.util.concurrent.ThreadPoolExecutor$Worker.run(ThreadPoolExecutor.java:617)
	at java.lang.Thread.run(Thread.java:745)
... Removed 16 stack frames
</div> <!-- stack-trace -->
                </div> <!-- method-content -->
              </div> <!-- method -->
              <div class="method">
                <div class="method-content">
                  <a name="QA023_ViewAndModifyAnOrder_ViaOrderSetsOrCreateAnOrder(org.testng.TestRunner@67880744)">
                  </a> <!-- QA023_ViewAndModifyAnOrder_ViaOrderSetsOrCreateAnOrder(org.testng.TestRunner@67880744) -->
                  <span class="method-name">QA023_ViewAndModifyAnOrder_ViaOrderSetsOrCreateAnOrder</span>
                  <span class="parameters">(org.testng.TestRunner@67880744)</span>
                  <div class="stack-trace">org.openqa.selenium.NoSuchElementException: Unable to find element with css selector == #libraryCreate
For documentation on this error, please visit: http://seleniumhq.org/exceptions/no_such_element.html
Build info: version: &apos;3.6.0&apos;, revision: &apos;6fbf3ec767&apos;, time: &apos;2017-09-27T15:28:36.4Z&apos;
System info: host: &apos;HW1562&apos;, ip: &apos;10.11.4.33&apos;, os.name: &apos;Windows 7&apos;, os.arch: &apos;amd64&apos;, os.version: &apos;6.1&apos;, java.version: &apos;1.8.0_111&apos;
Driver info: org.openqa.selenium.ie.InternetExplorerDriver
Capabilities [{proxy=Proxy(), acceptInsecureCerts=false, browserVersion=11, se:ieOptions={nativeEvents=true, browserAttachTimeout=0, ie.ensureCleanSession=true, elementScrollBehavior=0, enablePersistentHover=true, ie.browserCommandLineSwitches=, ie.forceCreateProcessApi=false, requireWindowFocus=false, initialBrowserUrl=http://localhost:11974/, ignoreZoomSetting=false, ie.fileUploadDialogTimeout=3000, ignoreProtectedModeSettings=false}, timeouts={implicit=0, pageLoad=300000, script=30000}, browserName=internet explorer, pageLoadStrategy=normal, javascriptEnabled=true, platformName=WINDOWS, setWindowRect=true, platform=WINDOWS}]
Session ID: 087e4314-c647-4736-a88f-9422e864d8f2
*** Element info: {Using=id, value=libraryCreate}
	at org.openqa.selenium.remote.http.W3CHttpResponseCodec.createException(W3CHttpResponseCodec.java:187)
	at org.openqa.selenium.remote.http.W3CHttpResponseCodec.decode(W3CHttpResponseCodec.java:122)
	at org.openqa.selenium.remote.http.W3CHttpResponseCodec.decode(W3CHttpResponseCodec.java:49)
	at org.openqa.selenium.remote.HttpCommandExecutor.execute(HttpCommandExecutor.java:160)
	at org.openqa.selenium.remote.service.DriverCommandExecutor.execute(DriverCommandExecutor.java:83)
	at org.openqa.selenium.remote.RemoteWebDriver.execute(RemoteWebDriver.java:601)
	at org.openqa.selenium.remote.RemoteWebDriver.findElement(RemoteWebDriver.java:371)
	at org.openqa.selenium.remote.RemoteWebDriver.findElementById(RemoteWebDriver.java:417)
	at org.openqa.selenium.By$ById.findElement(By.java:218)
	at org.openqa.selenium.remote.RemoteWebDriver.findElement(RemoteWebDriver.java:363)
	at dweb.aut.pages.templates.PageTemplate.SendKeysToElementClearFirst(PageTemplate.java:525)
	at aut.bluestrata.pages.PhysicianPortalPage.CreateAnOrderWithOrderDetails(PhysicianPortalPage.java:392)
	at aut.tests.functionaltests.PhysicianPortalTestCases.QA023_ViewAndModifyAnOrder_ViaOrderSetsOrCreateAnOrder(PhysicianPortalTestCases.java:1434)
	at java.util.concurrent.FutureTask.run(FutureTask.java:266)
	at java.util.concurrent.ThreadPoolExecutor.runWorker(ThreadPoolExecutor.java:1142)
	at java.util.concurrent.ThreadPoolExecutor$Worker.run(ThreadPoolExecutor.java:617)
	at java.lang.Thread.run(Thread.java:745)
... Removed 20 stack frames
</div> <!-- stack-trace -->
                </div> <!-- method-content -->
              </div> <!-- method -->
              <div class="method">
                <div class="method-content">
                  <a name="QA024_RecapAnOrder_ViaOrderSetsOrCreateAnOrder(org.testng.TestRunner@67880744)">
                  </a> <!-- QA024_RecapAnOrder_ViaOrderSetsOrCreateAnOrder(org.testng.TestRunner@67880744) -->
                  <span class="method-name">QA024_RecapAnOrder_ViaOrderSetsOrCreateAnOrder</span>
                  <span class="parameters">(org.testng.TestRunner@67880744)</span>
                  <div class="stack-trace">org.openqa.selenium.NoSuchElementException: Unable to find element with css selector == #libraryCreate
For documentation on this error, please visit: http://seleniumhq.org/exceptions/no_such_element.html
Build info: version: &apos;3.6.0&apos;, revision: &apos;6fbf3ec767&apos;, time: &apos;2017-09-27T15:28:36.4Z&apos;
System info: host: &apos;HW1562&apos;, ip: &apos;10.11.4.33&apos;, os.name: &apos;Windows 7&apos;, os.arch: &apos;amd64&apos;, os.version: &apos;6.1&apos;, java.version: &apos;1.8.0_111&apos;
Driver info: org.openqa.selenium.ie.InternetExplorerDriver
Capabilities [{proxy=Proxy(), acceptInsecureCerts=false, browserVersion=11, se:ieOptions={nativeEvents=true, browserAttachTimeout=0, ie.ensureCleanSession=true, elementScrollBehavior=0, enablePersistentHover=true, ie.browserCommandLineSwitches=, ie.forceCreateProcessApi=false, requireWindowFocus=false, initialBrowserUrl=http://localhost:11650/, ignoreZoomSetting=false, ie.fileUploadDialogTimeout=3000, ignoreProtectedModeSettings=false}, timeouts={implicit=0, pageLoad=300000, script=30000}, browserName=internet explorer, pageLoadStrategy=normal, javascriptEnabled=true, platformName=WINDOWS, setWindowRect=true, platform=WINDOWS}]
Session ID: e0db246f-3853-401c-b808-c53fc4991cc0
*** Element info: {Using=id, value=libraryCreate}
	at org.openqa.selenium.remote.http.W3CHttpResponseCodec.createException(W3CHttpResponseCodec.java:187)
	at org.openqa.selenium.remote.http.W3CHttpResponseCodec.decode(W3CHttpResponseCodec.java:122)
	at org.openqa.selenium.remote.http.W3CHttpResponseCodec.decode(W3CHttpResponseCodec.java:49)
	at org.openqa.selenium.remote.HttpCommandExecutor.execute(HttpCommandExecutor.java:160)
	at org.openqa.selenium.remote.service.DriverCommandExecutor.execute(DriverCommandExecutor.java:83)
	at org.openqa.selenium.remote.RemoteWebDriver.execute(RemoteWebDriver.java:601)
	at org.openqa.selenium.remote.RemoteWebDriver.findElement(RemoteWebDriver.java:371)
	at org.openqa.selenium.remote.RemoteWebDriver.findElementById(RemoteWebDriver.java:417)
	at org.openqa.selenium.By$ById.findElement(By.java:218)
	at org.openqa.selenium.remote.RemoteWebDriver.findElement(RemoteWebDriver.java:363)
	at dweb.aut.pages.templates.PageTemplate.SendKeysToElementClearFirst(PageTemplate.java:525)
	at aut.bluestrata.pages.PhysicianPortalPage.CreateAnOrderWithOrderDetails(PhysicianPortalPage.java:392)
	at aut.tests.functionaltests.PhysicianPortalTestCases.QA024_RecapAnOrder_ViaOrderSetsOrCreateAnOrder(PhysicianPortalTestCases.java:1544)
	at java.util.concurrent.FutureTask.run(FutureTask.java:266)
	at java.util.concurrent.ThreadPoolExecutor.runWorker(ThreadPoolExecutor.java:1142)
	at java.util.concurrent.ThreadPoolExecutor$Worker.run(ThreadPoolExecutor.java:617)
	at java.lang.Thread.run(Thread.java:745)
... Removed 19 stack frames
</div> <!-- stack-trace -->
                </div> <!-- method-content -->
              </div> <!-- method -->
              <div class="method">
                <div class="method-content">
                  <a name="QA025_SignatureOnRecap_Wheather_OrderCreatedFromOrder_Or_FromSets(org.testng.TestRunner@67880744)">
                  </a> <!-- QA025_SignatureOnRecap_Wheather_OrderCreatedFromOrder_Or_FromSets(org.testng.TestRunner@67880744) -->
                  <span class="method-name">QA025_SignatureOnRecap_Wheather_OrderCreatedFromOrder_Or_FromSets</span>
                  <span class="parameters">(org.testng.TestRunner@67880744)</span>
                  <div class="stack-trace">org.openqa.selenium.NoSuchElementException: Unable to find element with css selector == #libraryCreate
For documentation on this error, please visit: http://seleniumhq.org/exceptions/no_such_element.html
Build info: version: &apos;3.6.0&apos;, revision: &apos;6fbf3ec767&apos;, time: &apos;2017-09-27T15:28:36.4Z&apos;
System info: host: &apos;HW1562&apos;, ip: &apos;10.11.4.33&apos;, os.name: &apos;Windows 7&apos;, os.arch: &apos;amd64&apos;, os.version: &apos;6.1&apos;, java.version: &apos;1.8.0_111&apos;
Driver info: org.openqa.selenium.ie.InternetExplorerDriver
Capabilities [{proxy=Proxy(), acceptInsecureCerts=false, browserVersion=11, se:ieOptions={nativeEvents=true, browserAttachTimeout=0, ie.ensureCleanSession=true, elementScrollBehavior=0, enablePersistentHover=true, ie.browserCommandLineSwitches=, ie.forceCreateProcessApi=false, requireWindowFocus=false, initialBrowserUrl=http://localhost:23397/, ignoreZoomSetting=false, ie.fileUploadDialogTimeout=3000, ignoreProtectedModeSettings=false}, timeouts={implicit=0, pageLoad=300000, script=30000}, browserName=internet explorer, pageLoadStrategy=normal, javascriptEnabled=true, platformName=WINDOWS, setWindowRect=true, platform=WINDOWS}]
Session ID: 3bc4b061-27c1-4c90-aba8-c8621f4350d4
*** Element info: {Using=id, value=libraryCreate}
	at org.openqa.selenium.remote.http.W3CHttpResponseCodec.createException(W3CHttpResponseCodec.java:187)
	at org.openqa.selenium.remote.http.W3CHttpResponseCodec.decode(W3CHttpResponseCodec.java:122)
	at org.openqa.selenium.remote.http.W3CHttpResponseCodec.decode(W3CHttpResponseCodec.java:49)
	at org.openqa.selenium.remote.HttpCommandExecutor.execute(HttpCommandExecutor.java:160)
	at org.openqa.selenium.remote.service.DriverCommandExecutor.execute(DriverCommandExecutor.java:83)
	at org.openqa.selenium.remote.RemoteWebDriver.execute(RemoteWebDriver.java:601)
	at org.openqa.selenium.remote.RemoteWebDriver.findElement(RemoteWebDriver.java:371)
	at org.openqa.selenium.remote.RemoteWebDriver.findElementById(RemoteWebDriver.java:417)
	at org.openqa.selenium.By$ById.findElement(By.java:218)
	at org.openqa.selenium.remote.RemoteWebDriver.findElement(RemoteWebDriver.java:363)
	at dweb.aut.pages.templates.PageTemplate.SendKeysToElementClearFirst(PageTemplate.java:525)
	at aut.bluestrata.pages.PhysicianPortalPage.CreateAnOrderWithOrderDetails(PhysicianPortalPage.java:392)
	at aut.tests.functionaltests.PhysicianPortalTestCases.QA025_SignatureOnRecap_Wheather_OrderCreatedFromOrder_Or_FromSets(PhysicianPortalTestCases.java:1695)
	at java.util.concurrent.FutureTask.run(FutureTask.java:266)
	at java.util.concurrent.ThreadPoolExecutor.runWorker(ThreadPoolExecutor.java:1142)
	at java.util.concurrent.ThreadPoolExecutor$Worker.run(ThreadPoolExecutor.java:617)
	at java.lang.Thread.run(Thread.java:745)
... Removed 19 stack frames
</div> <!-- stack-trace -->
                </div> <!-- method-content -->
              </div> <!-- method -->
              <div class="method">
                <div class="method-content">
                  <a name="QA026_ViewAndModify_Recaps(org.testng.TestRunner@67880744)">
                  </a> <!-- QA026_ViewAndModify_Recaps(org.testng.TestRunner@67880744) -->
                  <span class="method-name">QA026_ViewAndModify_Recaps</span>
                  <span class="parameters">(org.testng.TestRunner@67880744)</span>
                  <div class="stack-trace">org.openqa.selenium.NoSuchElementException: Unable to find element with css selector == #libraryCreate
For documentation on this error, please visit: http://seleniumhq.org/exceptions/no_such_element.html
Build info: version: &apos;3.6.0&apos;, revision: &apos;6fbf3ec767&apos;, time: &apos;2017-09-27T15:28:36.4Z&apos;
System info: host: &apos;HW1562&apos;, ip: &apos;10.11.4.33&apos;, os.name: &apos;Windows 7&apos;, os.arch: &apos;amd64&apos;, os.version: &apos;6.1&apos;, java.version: &apos;1.8.0_111&apos;
Driver info: org.openqa.selenium.ie.InternetExplorerDriver
Capabilities [{proxy=Proxy(), acceptInsecureCerts=false, browserVersion=11, se:ieOptions={nativeEvents=true, browserAttachTimeout=0, ie.ensureCleanSession=true, elementScrollBehavior=0, enablePersistentHover=true, ie.browserCommandLineSwitches=, ie.forceCreateProcessApi=false, requireWindowFocus=false, initialBrowserUrl=http://localhost:25418/, ignoreZoomSetting=false, ie.fileUploadDialogTimeout=3000, ignoreProtectedModeSettings=false}, timeouts={implicit=0, pageLoad=300000, script=30000}, browserName=internet explorer, pageLoadStrategy=normal, javascriptEnabled=true, platformName=WINDOWS, setWindowRect=true, platform=WINDOWS}]
Session ID: 4f2b9693-0348-46d3-b3a1-368fc31e81c0
*** Element info: {Using=id, value=libraryCreate}
	at org.openqa.selenium.remote.http.W3CHttpResponseCodec.createException(W3CHttpResponseCodec.java:187)
	at org.openqa.selenium.remote.http.W3CHttpResponseCodec.decode(W3CHttpResponseCodec.java:122)
	at org.openqa.selenium.remote.http.W3CHttpResponseCodec.decode(W3CHttpResponseCodec.java:49)
	at org.openqa.selenium.remote.HttpCommandExecutor.execute(HttpCommandExecutor.java:160)
	at org.openqa.selenium.remote.service.DriverCommandExecutor.execute(DriverCommandExecutor.java:83)
	at org.openqa.selenium.remote.RemoteWebDriver.execute(RemoteWebDriver.java:601)
	at org.openqa.selenium.remote.RemoteWebDriver.findElement(RemoteWebDriver.java:371)
	at org.openqa.selenium.remote.RemoteWebDriver.findElementById(RemoteWebDriver.java:417)
	at org.openqa.selenium.By$ById.findElement(By.java:218)
	at org.openqa.selenium.remote.RemoteWebDriver.findElement(RemoteWebDriver.java:363)
	at dweb.aut.pages.templates.PageTemplate.SendKeysToElementClearFirst(PageTemplate.java:525)
	at aut.bluestrata.pages.PhysicianPortalPage.CreateAnOrderWithOrderDetails(PhysicianPortalPage.java:392)
	at aut.tests.functionaltests.PhysicianPortalTestCases.QA026_ViewAndModify_Recaps(PhysicianPortalTestCases.java:1776)
	at java.util.concurrent.FutureTask.run(FutureTask.java:266)
	at java.util.concurrent.ThreadPoolExecutor.runWorker(ThreadPoolExecutor.java:1142)
	at java.util.concurrent.ThreadPoolExecutor$Worker.run(ThreadPoolExecutor.java:617)
	at java.lang.Thread.run(Thread.java:745)
... Removed 19 stack frames
</div> <!-- stack-trace -->
                </div> <!-- method-content -->
              </div> <!-- method -->
            </div> <!-- main-panel-content rounded-window-bottom -->
          </div> <!-- suite-SuiteRegression-class-failed -->
          <div class="suite-SuiteRegression-class-passed">
            <div class="main-panel-header rounded-window-top">
              <img src="passed.png"/>
              <span class="class-name">aut.tests.functionaltests.PhysicianPortalTestCases</span>
            </div> <!-- main-panel-header rounded-window-top -->
            <div class="main-panel-content rounded-window-bottom">
              <div class="method">
                <div class="method-content">
                  <a name="QA007_ResidentOrders">
                  </a> <!-- QA007_ResidentOrders -->
                  <span class="method-name">QA007_ResidentOrders</span>
                </div> <!-- method-content -->
              </div> <!-- method -->
              <div class="method">
                <div class="method-content">
                  <a name="QA008_ResidentOrders_CreateAnOrder(org.testng.TestRunner@67880744)">
                  </a> <!-- QA008_ResidentOrders_CreateAnOrder(org.testng.TestRunner@67880744) -->
                  <span class="method-name">QA008_ResidentOrders_CreateAnOrder</span>
                  <span class="parameters">(org.testng.TestRunner@67880744)</span>
                </div> <!-- method-content -->
              </div> <!-- method -->
              <div class="method">
                <div class="method-content">
                  <a name="QA009_ResidentOrders_CreateAnOrderWithFrequencyRoutine(org.testng.TestRunner@67880744)">
                  </a> <!-- QA009_ResidentOrders_CreateAnOrderWithFrequencyRoutine(org.testng.TestRunner@67880744) -->
                  <span class="method-name">QA009_ResidentOrders_CreateAnOrderWithFrequencyRoutine</span>
                  <span class="parameters">(org.testng.TestRunner@67880744)</span>
                </div> <!-- method-content -->
              </div> <!-- method -->
              <div class="method">
                <div class="method-content">
                  <a name="QA010_ResidentOrders_CreateAnOrderWithFrequencyRoutine(org.testng.TestRunner@67880744)">
                  </a> <!-- QA010_ResidentOrders_CreateAnOrderWithFrequencyRoutine(org.testng.TestRunner@67880744) -->
                  <span class="method-name">QA010_ResidentOrders_CreateAnOrderWithFrequencyRoutine</span>
                  <span class="parameters">(org.testng.TestRunner@67880744)</span>
                </div> <!-- method-content -->
              </div> <!-- method -->
              <div class="method">
                <div class="method-content">
                  <a name="QA012_ResidentOrders_CreateAnOrderWithFrequencyPRN(org.testng.TestRunner@67880744)">
                  </a> <!-- QA012_ResidentOrders_CreateAnOrderWithFrequencyPRN(org.testng.TestRunner@67880744) -->
                  <span class="method-name">QA012_ResidentOrders_CreateAnOrderWithFrequencyPRN</span>
                  <span class="parameters">(org.testng.TestRunner@67880744)</span>
                </div> <!-- method-content -->
              </div> <!-- method -->
              <div class="method">
                <div class="method-content">
                  <a name="QA013_ResidentOrders_CreateAnOrderWithFrequencyPRNEveryHour(org.testng.TestRunner@67880744)">
                  </a> <!-- QA013_ResidentOrders_CreateAnOrderWithFrequencyPRNEveryHour(org.testng.TestRunner@67880744) -->
                  <span class="method-name">QA013_ResidentOrders_CreateAnOrderWithFrequencyPRNEveryHour</span>
                  <span class="parameters">(org.testng.TestRunner@67880744)</span>
                </div> <!-- method-content -->
              </div> <!-- method -->
              <div class="method">
                <div class="method-content">
                  <a name="QA014_ResidentOrders_CreateAnOrder(org.testng.TestRunner@67880744)">
                  </a> <!-- QA014_ResidentOrders_CreateAnOrder(org.testng.TestRunner@67880744) -->
                  <span class="method-name">QA014_ResidentOrders_CreateAnOrder</span>
                  <span class="parameters">(org.testng.TestRunner@67880744)</span>
                </div> <!-- method-content -->
              </div> <!-- method -->
              <div class="method">
                <div class="method-content">
                  <a name="QA015_ResidentOrders_CreateAnOrderWithFrequencyRoutine(org.testng.TestRunner@67880744)">
                  </a> <!-- QA015_ResidentOrders_CreateAnOrderWithFrequencyRoutine(org.testng.TestRunner@67880744) -->
                  <span class="method-name">QA015_ResidentOrders_CreateAnOrderWithFrequencyRoutine</span>
                  <span class="parameters">(org.testng.TestRunner@67880744)</span>
                </div> <!-- method-content -->
              </div> <!-- method -->
              <div class="method">
                <div class="method-content">
                  <a name="QA016_ResidentOrders_CreateAnOrderWithFrequencyPRNEveryHour(org.testng.TestRunner@67880744)">
                  </a> <!-- QA016_ResidentOrders_CreateAnOrderWithFrequencyPRNEveryHour(org.testng.TestRunner@67880744) -->
                  <span class="method-name">QA016_ResidentOrders_CreateAnOrderWithFrequencyPRNEveryHour</span>
                  <span class="parameters">(org.testng.TestRunner@67880744)</span>
                </div> <!-- method-content -->
              </div> <!-- method -->
              <div class="method">
                <div class="method-content">
                  <a name="QA017_ResidentOrders_CreateAnOrderWithFrequencyPRN(org.testng.TestRunner@67880744)">
                  </a> <!-- QA017_ResidentOrders_CreateAnOrderWithFrequencyPRN(org.testng.TestRunner@67880744) -->
                  <span class="method-name">QA017_ResidentOrders_CreateAnOrderWithFrequencyPRN</span>
                  <span class="parameters">(org.testng.TestRunner@67880744)</span>
                </div> <!-- method-content -->
              </div> <!-- method -->
              <div class="method">
                <div class="method-content">
                  <a name="QA020_VerifyAnOrder_ViaOrderSetsOrCreateAnOrder(org.testng.TestRunner@67880744)">
                  </a> <!-- QA020_VerifyAnOrder_ViaOrderSetsOrCreateAnOrder(org.testng.TestRunner@67880744) -->
                  <span class="method-name">QA020_VerifyAnOrder_ViaOrderSetsOrCreateAnOrder</span>
                  <span class="parameters">(org.testng.TestRunner@67880744)</span>
                </div> <!-- method-content -->
              </div> <!-- method -->
              <div class="method">
                <div class="method-content">
                  <a name="QA022_SignAnOrder_ViaOrderSetsOrCreateAnOrder(org.testng.TestRunner@67880744)">
                  </a> <!-- QA022_SignAnOrder_ViaOrderSetsOrCreateAnOrder(org.testng.TestRunner@67880744) -->
                  <span class="method-name">QA022_SignAnOrder_ViaOrderSetsOrCreateAnOrder</span>
                  <span class="parameters">(org.testng.TestRunner@67880744)</span>
                </div> <!-- method-content -->
              </div> <!-- method -->
            </div> <!-- main-panel-content rounded-window-bottom -->
          </div> <!-- suite-SuiteRegression-class-passed -->
        </div> <!-- panel SuiteRegression -->
        <div panel-name="test-xml-SuiteRegression" class="panel">
          <div class="main-panel-header rounded-window-top">
            <span class="header-content">C:\Bluestrata\Abhishek-Project-s\testng.xml</span>
          </div> <!-- main-panel-header rounded-window-top -->
          <div class="main-panel-content rounded-window-bottom">
            <pre>
&lt;?xml version=&quot;1.0&quot; encoding=&quot;UTF-8&quot;?&gt;
&lt;!DOCTYPE suite SYSTEM &quot;http://testng.org/testng-1.0.dtd&quot;&gt;
&lt;suite guice-stage=&quot;DEVELOPMENT&quot; name=&quot;SuiteRegression&quot; parallel=&quot;tests&quot;&gt;
  &lt;parameter name=&quot;browserName&quot; value=&quot;ie&quot;/&gt;
  &lt;parameter name=&quot;appURL&quot; value=&quot;https://devclient.bluestrataemr.com/qa2&quot;/&gt;
  &lt;parameter name=&quot;automationKit&quot; value=&quot;selenium&quot;/&gt;
  &lt;test name=&quot;test&quot;&gt;
    &lt;classes&gt;
      &lt;class name=&quot;aut.tests.functionaltests.PhysicianPortalTestCases&quot;/&gt;
    &lt;/classes&gt;
  &lt;/test&gt; &lt;!-- test --&gt;
  &lt;test name=&quot;test&quot; parallel=&quot;tests&quot;&gt;
  &lt;/test&gt; &lt;!-- test --&gt;
&lt;/suite&gt; &lt;!-- SuiteRegression --&gt;
            </pre>
          </div> <!-- main-panel-content rounded-window-bottom -->
        </div> <!-- panel -->
        <div panel-name="testlist-SuiteRegression" class="panel">
          <div class="main-panel-header rounded-window-top">
            <span class="header-content">Tests for SuiteRegression</span>
          </div> <!-- main-panel-header rounded-window-top -->
          <div class="main-panel-content rounded-window-bottom">
            <ul>
              <li>
                <span class="test-name">test (1 class)</span>
              </li>
              <li>
                <span class="test-name">test (0 classes)</span>
              </li>
            </ul>
          </div> <!-- main-panel-content rounded-window-bottom -->
        </div> <!-- panel -->
        <div panel-name="group-SuiteRegression" class="panel">
          <div class="main-panel-header rounded-window-top">
            <span class="header-content">Groups for SuiteRegression</span>
          </div> <!-- main-panel-header rounded-window-top -->
          <div class="main-panel-content rounded-window-bottom">
          </div> <!-- main-panel-content rounded-window-bottom -->
        </div> <!-- panel -->
        <div panel-name="times-SuiteRegression" class="panel">
          <div class="main-panel-header rounded-window-top">
            <span class="header-content">Times for SuiteRegression</span>
          </div> <!-- main-panel-header rounded-window-top -->
          <div class="main-panel-content rounded-window-bottom">
            <div class="times-div">
              <script type="text/javascript">
suiteTableInitFunctions.push('tableData_SuiteRegression');
function tableData_SuiteRegression() {
var data = new google.visualization.DataTable();
data.addColumn('number', 'Number');
data.addColumn('string', 'Method');
data.addColumn('string', 'Class');
data.addColumn('number', 'Time (ms)');
data.addRows(20);
data.setCell(0, 0, 0)
data.setCell(0, 1, 'QA010_ResidentOrders_CreateAnOrderWithFrequencyRoutine')
data.setCell(0, 2, 'aut.tests.functionaltests.PhysicianPortalTestCases')
data.setCell(0, 3, 13017341);
data.setCell(1, 0, 1)
data.setCell(1, 1, 'QA014_ResidentOrders_CreateAnOrder')
data.setCell(1, 2, 'aut.tests.functionaltests.PhysicianPortalTestCases')
data.setCell(1, 3, 3374331);
data.setCell(2, 0, 2)
data.setCell(2, 1, 'QA019_ViewAndModifyAnOrder_ViaOrderSets')
data.setCell(2, 2, 'aut.tests.functionaltests.PhysicianPortalTestCases')
data.setCell(2, 3, 1509885);
data.setCell(3, 0, 3)
data.setCell(3, 1, 'QA015_ResidentOrders_CreateAnOrderWithFrequencyRoutine')
data.setCell(3, 2, 'aut.tests.functionaltests.PhysicianPortalTestCases')
data.setCell(3, 3, 1058683);
data.setCell(4, 0, 4)
data.setCell(4, 1, 'QA009_ResidentOrders_CreateAnOrderWithFrequencyRoutine')
data.setCell(4, 2, 'aut.tests.functionaltests.PhysicianPortalTestCases')
data.setCell(4, 3, 997450);
data.setCell(5, 0, 5)
data.setCell(5, 1, 'QA013_ResidentOrders_CreateAnOrderWithFrequencyPRNEveryHour')
data.setCell(5, 2, 'aut.tests.functionaltests.PhysicianPortalTestCases')
data.setCell(5, 3, 894836);
data.setCell(6, 0, 6)
data.setCell(6, 1, 'QA011_HowOften_RoutineFrequencyType')
data.setCell(6, 2, 'aut.tests.functionaltests.PhysicianPortalTestCases')
data.setCell(6, 3, 885273);
data.setCell(7, 0, 7)
data.setCell(7, 1, 'QA012_ResidentOrders_CreateAnOrderWithFrequencyPRN')
data.setCell(7, 2, 'aut.tests.functionaltests.PhysicianPortalTestCases')
data.setCell(7, 3, 874801);
data.setCell(8, 0, 8)
data.setCell(8, 1, 'QA008_ResidentOrders_CreateAnOrder')
data.setCell(8, 2, 'aut.tests.functionaltests.PhysicianPortalTestCases')
data.setCell(8, 3, 731996);
data.setCell(9, 0, 9)
data.setCell(9, 1, 'QA016_ResidentOrders_CreateAnOrderWithFrequencyPRNEveryHour')
data.setCell(9, 2, 'aut.tests.functionaltests.PhysicianPortalTestCases')
data.setCell(9, 3, 712843);
data.setCell(10, 0, 10)
data.setCell(10, 1, 'QA017_ResidentOrders_CreateAnOrderWithFrequencyPRN')
data.setCell(10, 2, 'aut.tests.functionaltests.PhysicianPortalTestCases')
data.setCell(10, 3, 710555);
data.setCell(11, 0, 11)
data.setCell(11, 1, 'QA022_SignAnOrder_ViaOrderSetsOrCreateAnOrder')
data.setCell(11, 2, 'aut.tests.functionaltests.PhysicianPortalTestCases')
data.setCell(11, 3, 599814);
data.setCell(12, 0, 12)
data.setCell(12, 1, 'QA024_RecapAnOrder_ViaOrderSetsOrCreateAnOrder')
data.setCell(12, 2, 'aut.tests.functionaltests.PhysicianPortalTestCases')
data.setCell(12, 3, 383173);
data.setCell(13, 0, 13)
data.setCell(13, 1, 'QA026_ViewAndModify_Recaps')
data.setCell(13, 2, 'aut.tests.functionaltests.PhysicianPortalTestCases')
data.setCell(13, 3, 383041);
data.setCell(14, 0, 14)
data.setCell(14, 1, 'QA023_ViewAndModifyAnOrder_ViaOrderSetsOrCreateAnOrder')
data.setCell(14, 2, 'aut.tests.functionaltests.PhysicianPortalTestCases')
data.setCell(14, 3, 382889);
data.setCell(15, 0, 15)
data.setCell(15, 1, 'QA025_SignatureOnRecap_Wheather_OrderCreatedFromOrder_Or_FromSets')
data.setCell(15, 2, 'aut.tests.functionaltests.PhysicianPortalTestCases')
data.setCell(15, 3, 382561);
data.setCell(16, 0, 16)
data.setCell(16, 1, 'QA020_VerifyAnOrder_ViaOrderSetsOrCreateAnOrder')
data.setCell(16, 2, 'aut.tests.functionaltests.PhysicianPortalTestCases')
data.setCell(16, 3, 309454);
data.setCell(17, 0, 17)
data.setCell(17, 1, 'QA018_CreateAnOrder_ViaOrderSets')
data.setCell(17, 2, 'aut.tests.functionaltests.PhysicianPortalTestCases')
data.setCell(17, 3, 113062);
data.setCell(18, 0, 18)
data.setCell(18, 1, 'QA007_ResidentOrders')
data.setCell(18, 2, 'aut.tests.functionaltests.PhysicianPortalTestCases')
data.setCell(18, 3, 102252);
data.setCell(19, 0, 19)
data.setCell(19, 1, 'QA021_VerifyAndModifyAnOrder_ViaOrderSetsOrCreateAnOrder')
data.setCell(19, 2, 'aut.tests.functionaltests.PhysicianPortalTestCases')
data.setCell(19, 3, 86);
window.suiteTableData['SuiteRegression']= { tableData: data, tableDiv: 'times-div-SuiteRegression'}
return data;
}
              </script>
              <span class="suite-total-time">Total running time: 7 hours</span>
              <div id="times-div-SuiteRegression">
              </div> <!-- times-div-SuiteRegression -->
            </div> <!-- times-div -->
          </div> <!-- main-panel-content rounded-window-bottom -->
        </div> <!-- panel -->
        <div panel-name="reporter-SuiteRegression" class="panel">
          <div class="main-panel-header rounded-window-top">
            <span class="header-content">Reporter output for SuiteRegression</span>
          </div> <!-- main-panel-header rounded-window-top -->
          <div class="main-panel-content rounded-window-bottom">
          </div> <!-- main-panel-content rounded-window-bottom -->
        </div> <!-- panel -->
        <div panel-name="ignored-methods-SuiteRegression" class="panel">
          <div class="main-panel-header rounded-window-top">
            <span class="header-content">0 ignored methods</span>
          </div> <!-- main-panel-header rounded-window-top -->
          <div class="main-panel-content rounded-window-bottom">
          </div> <!-- main-panel-content rounded-window-bottom -->
        </div> <!-- panel -->
        <div panel-name="chronological-SuiteRegression" class="panel">
          <div class="main-panel-header rounded-window-top">
            <span class="header-content">Methods in chronological order</span>
          </div> <!-- main-panel-header rounded-window-top -->
          <div class="main-panel-content rounded-window-bottom">
            <div class="chronological-class">
              <div class="chronological-class-name">aut.tests.functionaltests.PhysicianPortalTestCases</div> <!-- chronological-class-name -->
              <div class="configuration-suite before">
                <span class="method-name">beforeSuite(org.testng.TestRunner@67880744, [Test: "test" verbose:1[parameters:][metagroups:] [included: ][exclu...)</span>
                <span class="method-start">0 ms</span>
              </div> <!-- configuration-suite before -->
              <div class="configuration-test before">
                <span class="method-name">beforeTest(org.testng.TestRunner@67880744)</span>
                <span class="method-start">161 ms</span>
              </div> <!-- configuration-test before -->
              <div class="configuration-method before">
                <span class="method-name">beforeMethod(org.testng.TestRunner@67880744, public void aut.tests.functionaltests.PhysicianPortalTestCases.QA007...)</span>
                <span class="method-start">171 ms</span>
              </div> <!-- configuration-method before -->
              <div class="test-method">
                <span class="method-name">QA007_ResidentOrders</span>
                <span class="method-start">36511 ms</span>
              </div> <!-- test-method -->
              <div class="configuration-method after">
                <span class="method-name">afterMethod(org.testng.TestRunner@67880744, [TestResult name=QA007_ResidentOrders status=SUCCESS method=Physicia...)</span>
                <span class="method-start">138764 ms</span>
              </div> <!-- configuration-method after -->
              <div class="configuration-method before">
                <span class="method-name">beforeMethod(org.testng.TestRunner@67880744, public void aut.tests.functionaltests.PhysicianPortalTestCases.QA022...)</span>
                <span class="method-start">144564 ms</span>
              </div> <!-- configuration-method before -->
              <div class="test-method">
                <span class="method-name">QA022_SignAnOrder_ViaOrderSetsOrCreateAnOrder(org.testng.TestRunner@67880744)</span>
                <span class="method-start">179754 ms</span>
              </div> <!-- test-method -->
              <div class="configuration-method after">
                <span class="method-name">afterMethod(org.testng.TestRunner@67880744, [TestResult name=QA022_SignAnOrder_ViaOrderSetsOrCreateAnOrder statu...)</span>
                <span class="method-start">779569 ms</span>
              </div> <!-- configuration-method after -->
              <div class="configuration-method before">
                <span class="method-name">beforeMethod(org.testng.TestRunner@67880744, public void aut.tests.functionaltests.PhysicianPortalTestCases.QA008...)</span>
                <span class="method-start">785163 ms</span>
              </div> <!-- configuration-method before -->
              <div class="test-method">
                <span class="method-name">QA008_ResidentOrders_CreateAnOrder(org.testng.TestRunner@67880744)</span>
                <span class="method-start">820306 ms</span>
              </div> <!-- test-method -->
              <div class="configuration-method after">
                <span class="method-name">afterMethod(org.testng.TestRunner@67880744, [TestResult name=QA008_ResidentOrders_CreateAnOrder status=SUCCESS m...)</span>
                <span class="method-start">1552306 ms</span>
              </div> <!-- configuration-method after -->
              <div class="configuration-method before">
                <span class="method-name">beforeMethod(org.testng.TestRunner@67880744, public void aut.tests.functionaltests.PhysicianPortalTestCases.QA009...)</span>
                <span class="method-start">1557893 ms</span>
              </div> <!-- configuration-method before -->
              <div class="test-method">
                <span class="method-name">QA009_ResidentOrders_CreateAnOrderWithFrequencyRoutine(org.testng.TestRunner@67880744)</span>
                <span class="method-start">1594478 ms</span>
              </div> <!-- test-method -->
              <div class="configuration-method after">
                <span class="method-name">afterMethod(org.testng.TestRunner@67880744, [TestResult name=QA009_ResidentOrders_CreateAnOrderWithFrequencyRout...)</span>
                <span class="method-start">2591929 ms</span>
              </div> <!-- configuration-method after -->
              <div class="configuration-method before">
                <span class="method-name">beforeMethod(org.testng.TestRunner@67880744, public void aut.tests.functionaltests.PhysicianPortalTestCases.QA010...)</span>
                <span class="method-start">2597521 ms</span>
              </div> <!-- configuration-method before -->
              <div class="test-method">
                <span class="method-name">QA010_ResidentOrders_CreateAnOrderWithFrequencyRoutine(org.testng.TestRunner@67880744)</span>
                <span class="method-start">2636072 ms</span>
              </div> <!-- test-method -->
              <div class="configuration-method after">
                <span class="method-name">afterMethod(org.testng.TestRunner@67880744, [TestResult name=QA010_ResidentOrders_CreateAnOrderWithFrequencyRout...)</span>
                <span class="method-start">15653445 ms</span>
              </div> <!-- configuration-method after -->
              <div class="configuration-method before">
                <span class="method-name">beforeMethod(org.testng.TestRunner@67880744, public void aut.tests.functionaltests.PhysicianPortalTestCases.QA011...)</span>
                <span class="method-start">15659532 ms</span>
              </div> <!-- configuration-method before -->
              <div class="test-method">
                <img src="failed.png">
                </img>
                <span class="method-name">QA011_HowOften_RoutineFrequencyType</span>
                <span class="method-start">15701248 ms</span>
              </div> <!-- test-method -->
              <div class="configuration-method after">
                <span class="method-name">afterMethod(org.testng.TestRunner@67880744, [TestResult name=QA011_HowOften_RoutineFrequencyType status=FAILURE ...)</span>
                <span class="method-start">16586629 ms</span>
              </div> <!-- configuration-method after -->
              <div class="configuration-method before">
                <span class="method-name">beforeMethod(org.testng.TestRunner@67880744, public void aut.tests.functionaltests.PhysicianPortalTestCases.QA012...)</span>
                <span class="method-start">16593323 ms</span>
              </div> <!-- configuration-method before -->
              <div class="test-method">
                <span class="method-name">QA012_ResidentOrders_CreateAnOrderWithFrequencyPRN(org.testng.TestRunner@67880744)</span>
                <span class="method-start">16631263 ms</span>
              </div> <!-- test-method -->
              <div class="configuration-method after">
                <span class="method-name">afterMethod(org.testng.TestRunner@67880744, [TestResult name=QA012_ResidentOrders_CreateAnOrderWithFrequencyPRN ...)</span>
                <span class="method-start">17506065 ms</span>
              </div> <!-- configuration-method after -->
              <div class="configuration-method before">
                <span class="method-name">beforeMethod(org.testng.TestRunner@67880744, public void aut.tests.functionaltests.PhysicianPortalTestCases.QA013...)</span>
                <span class="method-start">17512457 ms</span>
              </div> <!-- configuration-method before -->
              <div class="test-method">
                <span class="method-name">QA013_ResidentOrders_CreateAnOrderWithFrequencyPRNEveryHour(org.testng.TestRunner@67880744)</span>
                <span class="method-start">17548813 ms</span>
              </div> <!-- test-method -->
              <div class="configuration-method after">
                <span class="method-name">afterMethod(org.testng.TestRunner@67880744, [TestResult name=QA013_ResidentOrders_CreateAnOrderWithFrequencyPRNE...)</span>
                <span class="method-start">18443650 ms</span>
              </div> <!-- configuration-method after -->
              <div class="configuration-method before">
                <span class="method-name">beforeMethod(org.testng.TestRunner@67880744, public void aut.tests.functionaltests.PhysicianPortalTestCases.QA014...)</span>
                <span class="method-start">18450276 ms</span>
              </div> <!-- configuration-method before -->
              <div class="test-method">
                <span class="method-name">QA014_ResidentOrders_CreateAnOrder(org.testng.TestRunner@67880744)</span>
                <span class="method-start">18486206 ms</span>
              </div> <!-- test-method -->
              <div class="configuration-method after">
                <span class="method-name">afterMethod(org.testng.TestRunner@67880744, [TestResult name=QA014_ResidentOrders_CreateAnOrder status=SUCCESS m...)</span>
                <span class="method-start">21860538 ms</span>
              </div> <!-- configuration-method after -->
              <div class="configuration-method before">
                <span class="method-name">beforeMethod(org.testng.TestRunner@67880744, public void aut.tests.functionaltests.PhysicianPortalTestCases.QA015...)</span>
                <span class="method-start">21900774 ms</span>
              </div> <!-- configuration-method before -->
              <div class="test-method">
                <span class="method-name">QA015_ResidentOrders_CreateAnOrderWithFrequencyRoutine(org.testng.TestRunner@67880744)</span>
                <span class="method-start">21936548 ms</span>
              </div> <!-- test-method -->
              <div class="configuration-method after">
                <span class="method-name">afterMethod(org.testng.TestRunner@67880744, [TestResult name=QA015_ResidentOrders_CreateAnOrderWithFrequencyRout...)</span>
                <span class="method-start">22995232 ms</span>
              </div> <!-- configuration-method after -->
              <div class="configuration-method before">
                <span class="method-name">beforeMethod(org.testng.TestRunner@67880744, public void aut.tests.functionaltests.PhysicianPortalTestCases.QA016...)</span>
                <span class="method-start">23001131 ms</span>
              </div> <!-- configuration-method before -->
              <div class="test-method">
                <span class="method-name">QA016_ResidentOrders_CreateAnOrderWithFrequencyPRNEveryHour(org.testng.TestRunner@67880744)</span>
                <span class="method-start">23041740 ms</span>
              </div> <!-- test-method -->
              <div class="configuration-method after">
                <span class="method-name">afterMethod(org.testng.TestRunner@67880744, [TestResult name=QA016_ResidentOrders_CreateAnOrderWithFrequencyPRNE...)</span>
                <span class="method-start">23754584 ms</span>
              </div> <!-- configuration-method after -->
              <div class="configuration-method before">
                <span class="method-name">beforeMethod(org.testng.TestRunner@67880744, public void aut.tests.functionaltests.PhysicianPortalTestCases.QA017...)</span>
                <span class="method-start">23760528 ms</span>
              </div> <!-- configuration-method before -->
              <div class="test-method">
                <span class="method-name">QA017_ResidentOrders_CreateAnOrderWithFrequencyPRN(org.testng.TestRunner@67880744)</span>
                <span class="method-start">23796169 ms</span>
              </div> <!-- test-method -->
              <div class="configuration-method after">
                <span class="method-name">afterMethod(org.testng.TestRunner@67880744, [TestResult name=QA017_ResidentOrders_CreateAnOrderWithFrequencyPRN ...)</span>
                <span class="method-start">24506725 ms</span>
              </div> <!-- configuration-method after -->
              <div class="configuration-method before">
                <span class="method-name">beforeMethod(org.testng.TestRunner@67880744, public void aut.tests.functionaltests.PhysicianPortalTestCases.QA018...)</span>
                <span class="method-start">24512642 ms</span>
              </div> <!-- configuration-method before -->
              <div class="test-method">
                <img src="failed.png">
                </img>
                <span class="method-name">QA018_CreateAnOrder_ViaOrderSets(org.testng.TestRunner@67880744)</span>
                <span class="method-start">24548147 ms</span>
              </div> <!-- test-method -->
              <div class="configuration-method after">
                <span class="method-name">afterMethod(org.testng.TestRunner@67880744, [TestResult name=QA018_CreateAnOrder_ViaOrderSets status=FAILURE met...)</span>
                <span class="method-start">24661214 ms</span>
              </div> <!-- configuration-method after -->
              <div class="configuration-method before">
                <span class="method-name">beforeMethod(org.testng.TestRunner@67880744, public void aut.tests.functionaltests.PhysicianPortalTestCases.QA019...)</span>
                <span class="method-start">24667151 ms</span>
              </div> <!-- configuration-method before -->
              <div class="test-method">
                <img src="failed.png">
                </img>
                <span class="method-name">QA019_ViewAndModifyAnOrder_ViaOrderSets(org.testng.TestRunner@67880744)</span>
                <span class="method-start">24701327 ms</span>
              </div> <!-- test-method -->
              <div class="configuration-method after">
                <span class="method-name">afterMethod(org.testng.TestRunner@67880744, [TestResult name=QA019_ViewAndModifyAnOrder_ViaOrderSets status=FAIL...)</span>
                <span class="method-start">26211214 ms</span>
              </div> <!-- configuration-method after -->
              <div class="configuration-method before">
                <span class="method-name">beforeMethod(org.testng.TestRunner@67880744, public void aut.tests.functionaltests.PhysicianPortalTestCases.QA020...)</span>
                <span class="method-start">26217129 ms</span>
              </div> <!-- configuration-method before -->
              <div class="test-method">
                <span class="method-name">QA020_VerifyAnOrder_ViaOrderSetsOrCreateAnOrder(org.testng.TestRunner@67880744)</span>
                <span class="method-start">26252527 ms</span>
              </div> <!-- test-method -->
              <div class="configuration-method after">
                <span class="method-name">afterMethod(org.testng.TestRunner@67880744, [TestResult name=QA020_VerifyAnOrder_ViaOrderSetsOrCreateAnOrder sta...)</span>
                <span class="method-start">26561982 ms</span>
              </div> <!-- configuration-method after -->
              <div class="configuration-method before">
                <span class="method-name">beforeMethod(org.testng.TestRunner@67880744, public void aut.tests.functionaltests.PhysicianPortalTestCases.QA021...)</span>
                <span class="method-start">26567904 ms</span>
              </div> <!-- configuration-method before -->
              <div class="test-method">
                <img src="failed.png">
                </img>
                <span class="method-name">QA021_VerifyAndModifyAnOrder_ViaOrderSetsOrCreateAnOrder(org.testng.TestRunner@67880744)</span>
                <span class="method-start">37367047 ms</span>
              </div> <!-- test-method -->
              <div class="configuration-method after">
                <span class="method-name">afterMethod(org.testng.TestRunner@67880744, [TestResult name=QA021_VerifyAndModifyAnOrder_ViaOrderSetsOrCreateAn...)</span>
                <span class="method-start">37367136 ms</span>
              </div> <!-- configuration-method after -->
              <div class="configuration-method before">
                <span class="method-name">beforeMethod(org.testng.TestRunner@67880744, public void aut.tests.functionaltests.PhysicianPortalTestCases.QA023...)</span>
                <span class="method-start">37372561 ms</span>
              </div> <!-- configuration-method before -->
              <div class="test-method">
                <img src="failed.png">
                </img>
                <span class="method-name">QA023_ViewAndModifyAnOrder_ViaOrderSetsOrCreateAnOrder(org.testng.TestRunner@67880744)</span>
                <span class="method-start">37413078 ms</span>
              </div> <!-- test-method -->
              <div class="configuration-method after">
                <span class="method-name">afterMethod(org.testng.TestRunner@67880744, [TestResult name=QA023_ViewAndModifyAnOrder_ViaOrderSetsOrCreateAnOr...)</span>
                <span class="method-start">37795968 ms</span>
              </div> <!-- configuration-method after -->
              <div class="configuration-method before">
                <span class="method-name">beforeMethod(org.testng.TestRunner@67880744, public void aut.tests.functionaltests.PhysicianPortalTestCases.QA024...)</span>
                <span class="method-start">37801860 ms</span>
              </div> <!-- configuration-method before -->
              <div class="test-method">
                <img src="failed.png">
                </img>
                <span class="method-name">QA024_RecapAnOrder_ViaOrderSetsOrCreateAnOrder(org.testng.TestRunner@67880744)</span>
                <span class="method-start">37838132 ms</span>
              </div> <!-- test-method -->
              <div class="configuration-method after">
                <span class="method-name">afterMethod(org.testng.TestRunner@67880744, [TestResult name=QA024_RecapAnOrder_ViaOrderSetsOrCreateAnOrder stat...)</span>
                <span class="method-start">38221308 ms</span>
              </div> <!-- configuration-method after -->
              <div class="configuration-method before">
                <span class="method-name">beforeMethod(org.testng.TestRunner@67880744, public void aut.tests.functionaltests.PhysicianPortalTestCases.QA025...)</span>
                <span class="method-start">38227256 ms</span>
              </div> <!-- configuration-method before -->
              <div class="test-method">
                <img src="failed.png">
                </img>
                <span class="method-name">QA025_SignatureOnRecap_Wheather_OrderCreatedFromOrder_Or_FromSets(org.testng.TestRunner@67880744)</span>
                <span class="method-start">38263074 ms</span>
              </div> <!-- test-method -->
              <div class="configuration-method after">
                <span class="method-name">afterMethod(org.testng.TestRunner@67880744, [TestResult name=QA025_SignatureOnRecap_Wheather_OrderCreatedFromOrd...)</span>
                <span class="method-start">38645638 ms</span>
              </div> <!-- configuration-method after -->
              <div class="configuration-method before">
                <span class="method-name">beforeMethod(org.testng.TestRunner@67880744, public void aut.tests.functionaltests.PhysicianPortalTestCases.QA026...)</span>
                <span class="method-start">38651593 ms</span>
              </div> <!-- configuration-method before -->
              <div class="test-method">
                <img src="failed.png">
                </img>
                <span class="method-name">QA026_ViewAndModify_Recaps(org.testng.TestRunner@67880744)</span>
                <span class="method-start">38687521 ms</span>
              </div> <!-- test-method -->
              <div class="configuration-method after">
                <span class="method-name">afterMethod(org.testng.TestRunner@67880744, [TestResult name=QA026_ViewAndModify_Recaps status=FAILURE method=Ph...)</span>
                <span class="method-start">39070565 ms</span>
              </div> <!-- configuration-method after -->
              <div class="configuration-test after">
                <span class="method-name">afterTest(org.testng.TestRunner@67880744)</span>
                <span class="method-start">39076495 ms</span>
              </div> <!-- configuration-test after -->
              <div class="configuration-suite after">
                <span class="method-name">afterSuite(org.testng.TestRunner@67880744)</span>
                <span class="method-start">39076952 ms</span>
              </div> <!-- configuration-suite after -->
          </div> <!-- main-panel-content rounded-window-bottom -->
        </div> <!-- panel -->
      </div> <!-- main-panel-root -->
    </div> <!-- wrapper -->
  </body>
</html>
