<?xml version="1.0" encoding="UTF-8"?>
<testng-results skipped="0" failed="1" ignored="18" total="19" passed="0">
  <reporter-output>
  </reporter-output>
  <suite name="SuiteRegression" duration-ms="1421533" started-at="2018-10-31T14:38:51Z" finished-at="2018-10-31T15:02:33Z">
    <groups>
    </groups>
    <test name="Orders Test Scripts" duration-ms="1421533" started-at="2018-10-31T14:38:51Z" finished-at="2018-10-31T15:02:33Z">
      <class name="bluestrata.tests.functionalTests.ClinicalTestCases">
        <test-method status="PASS" signature="beforeSuite(org.testng.ITestContext, org.testng.xml.XmlTest)[pri:0, instance:bluestrata.tests.functionalTests.ClinicalTestCases@4cc8eb05]" name="beforeSuite" is-config="true" duration-ms="172" started-at="2018-10-31T20:08:51Z" finished-at="2018-10-31T20:08:51Z">
          <params>
            <param index="0">
              <value>
                <![CDATA[org.testng.TestRunner@7f1a4262]]>
              </value>
            </param>
            <param index="1">
              <value>
                <![CDATA[[Test: "Orders Test Scripts" verbose:1[parameters:][metagroups:] [included: ][excluded: ]  classes: packages:] ]]>
              </value>
            </param>
          </params>
          <reporter-output>
          </reporter-output>
        </test-method> <!-- beforeSuite -->
        <test-method status="PASS" signature="beforeTest(org.testng.ITestContext)[pri:0, instance:bluestrata.tests.functionalTests.ClinicalTestCases@4cc8eb05]" name="beforeTest" is-config="true" duration-ms="0" started-at="2018-10-31T20:08:51Z" finished-at="2018-10-31T20:08:51Z">
          <params>
            <param index="0">
              <value>
                <![CDATA[org.testng.TestRunner@7f1a4262]]>
              </value>
            </param>
          </params>
          <reporter-output>
          </reporter-output>
        </test-method> <!-- beforeTest -->
        <test-method status="PASS" signature="beforeMethod(org.testng.ITestContext, java.lang.reflect.Method)[pri:0, instance:bluestrata.tests.functionalTests.ClinicalTestCases@4cc8eb05]" name="beforeMethod" is-config="true" duration-ms="16658" started-at="2018-10-31T20:08:51Z" finished-at="2018-10-31T20:09:08Z">
          <params>
            <param index="0">
              <value>
                <![CDATA[org.testng.TestRunner@7f1a4262]]>
              </value>
            </param>
            <param index="1">
              <value>
                <![CDATA[public void bluestrata.tests.functionalTests.ClinicalTestCases.QA102_ViewAndModifyAnOrder_ViaOrderSets(org.testng.ITestContext) throws java.awt.AWTException,java.lang.InterruptedException]]>
              </value>
            </param>
          </params>
          <reporter-output>
          </reporter-output>
        </test-method> <!-- beforeMethod -->
        <test-method status="FAIL" signature="QA102_ViewAndModifyAnOrder_ViaOrderSets(org.testng.ITestContext)[pri:0, instance:bluestrata.tests.functionalTests.ClinicalTestCases@4cc8eb05]" name="QA102_ViewAndModifyAnOrder_ViaOrderSets" duration-ms="1398893" started-at="2018-10-31T20:09:08Z" finished-at="2018-10-31T20:32:27Z">
          <params>
            <param index="0">
              <value>
                <![CDATA[org.testng.TestRunner@7f1a4262]]>
              </value>
            </param>
          </params>
          <exception class="org.openqa.selenium.NoSuchElementException">
            <message>
              <![CDATA[Unable to find element with xpath == //label[text()='Start Date']/..//div[contains(@class,'form-control-plaintext')]
For documentation on this error, please visit: http://seleniumhq.org/exceptions/no_such_element.html
Build info: version: '3.6.0', revision: '6fbf3ec767', time: '2017-09-27T15:28:36.4Z'
System info: host: 'HW1562', ip: '10.11.1.37', os.name: 'Windows 7', os.arch: 'amd64', os.version: '6.1', java.version: '1.8.0_111'
Driver info: org.openqa.selenium.ie.InternetExplorerDriver
Capabilities [{proxy=Proxy(), acceptInsecureCerts=false, browserVersion=11, se:ieOptions={nativeEvents=true, browserAttachTimeout=0, ie.ensureCleanSession=true, elementScrollBehavior=0, enablePersistentHover=true, ie.browserCommandLineSwitches=, ie.forceCreateProcessApi=false, requireWindowFocus=false, initialBrowserUrl=http://localhost:8803/, ignoreZoomSetting=false, ie.fileUploadDialogTimeout=3000, ignoreProtectedModeSettings=false}, timeouts={implicit=0, pageLoad=300000, script=30000}, browserName=internet explorer, pageLoadStrategy=normal, javascriptEnabled=true, platformName=WINDOWS, setWindowRect=true, platform=WINDOWS}]
Session ID: 15efbf73-68f4-434f-bd2a-2058b93087d7
*** Element info: {Using=xpath, value=//label[text()='Start Date']/..//div[contains(@class,'form-control-plaintext')]}]]>
            </message>
            <full-stacktrace>
              <![CDATA[org.openqa.selenium.NoSuchElementException: Unable to find element with xpath == //label[text()='Start Date']/..//div[contains(@class,'form-control-plaintext')]
For documentation on this error, please visit: http://seleniumhq.org/exceptions/no_such_element.html
Build info: version: '3.6.0', revision: '6fbf3ec767', time: '2017-09-27T15:28:36.4Z'
System info: host: 'HW1562', ip: '10.11.1.37', os.name: 'Windows 7', os.arch: 'amd64', os.version: '6.1', java.version: '1.8.0_111'
Driver info: org.openqa.selenium.ie.InternetExplorerDriver
Capabilities [{proxy=Proxy(), acceptInsecureCerts=false, browserVersion=11, se:ieOptions={nativeEvents=true, browserAttachTimeout=0, ie.ensureCleanSession=true, elementScrollBehavior=0, enablePersistentHover=true, ie.browserCommandLineSwitches=, ie.forceCreateProcessApi=false, requireWindowFocus=false, initialBrowserUrl=http://localhost:8803/, ignoreZoomSetting=false, ie.fileUploadDialogTimeout=3000, ignoreProtectedModeSettings=false}, timeouts={implicit=0, pageLoad=300000, script=30000}, browserName=internet explorer, pageLoadStrategy=normal, javascriptEnabled=true, platformName=WINDOWS, setWindowRect=true, platform=WINDOWS}]
Session ID: 15efbf73-68f4-434f-bd2a-2058b93087d7
*** Element info: {Using=xpath, value=//label[text()='Start Date']/..//div[contains(@class,'form-control-plaintext')]}
	at sun.reflect.NativeConstructorAccessorImpl.newInstance0(Native Method)
	at sun.reflect.NativeConstructorAccessorImpl.newInstance(NativeConstructorAccessorImpl.java:62)
	at sun.reflect.DelegatingConstructorAccessorImpl.newInstance(DelegatingConstructorAccessorImpl.java:45)
	at java.lang.reflect.Constructor.newInstance(Constructor.java:423)
	at org.openqa.selenium.remote.http.W3CHttpResponseCodec.createException(W3CHttpResponseCodec.java:187)
	at org.openqa.selenium.remote.http.W3CHttpResponseCodec.decode(W3CHttpResponseCodec.java:122)
	at org.openqa.selenium.remote.http.W3CHttpResponseCodec.decode(W3CHttpResponseCodec.java:49)
	at org.openqa.selenium.remote.HttpCommandExecutor.execute(HttpCommandExecutor.java:160)
	at org.openqa.selenium.remote.service.DriverCommandExecutor.execute(DriverCommandExecutor.java:83)
	at org.openqa.selenium.remote.RemoteWebDriver.execute(RemoteWebDriver.java:601)
	at org.openqa.selenium.remote.RemoteWebDriver.findElement(RemoteWebDriver.java:371)
	at org.openqa.selenium.remote.RemoteWebDriver.findElementByXPath(RemoteWebDriver.java:473)
	at org.openqa.selenium.By$ByXPath.findElement(By.java:361)
	at org.openqa.selenium.remote.RemoteWebDriver.findElement(RemoteWebDriver.java:363)
	at bluestrata.pages.PhysicianPortalPage.ArrowButtonVerification(PhysicianPortalPage.java:2498)
	at bluestrata.pages.PhysicianPortalPage.OrderPageCopyOrderValidation(PhysicianPortalPage.java:2881)
	at bluestrata.tests.functionalTests.ClinicalTestCases.QA102_ViewAndModifyAnOrder_ViaOrderSets(ClinicalTestCases.java:1627)
	at sun.reflect.NativeMethodAccessorImpl.invoke0(Native Method)
	at sun.reflect.NativeMethodAccessorImpl.invoke(NativeMethodAccessorImpl.java:62)
	at sun.reflect.DelegatingMethodAccessorImpl.invoke(DelegatingMethodAccessorImpl.java:43)
	at java.lang.reflect.Method.invoke(Method.java:498)
	at org.testng.internal.MethodInvocationHelper.invokeMethod(MethodInvocationHelper.java:108)
	at org.testng.internal.Invoker.invokeMethod(Invoker.java:661)
	at org.testng.internal.Invoker.invokeTestMethod(Invoker.java:869)
	at org.testng.internal.Invoker.invokeTestMethods(Invoker.java:1193)
	at org.testng.internal.TestMethodWorker.invokeTestMethods(TestMethodWorker.java:126)
	at org.testng.internal.TestMethodWorker.run(TestMethodWorker.java:109)
	at org.testng.TestRunner.privateRun(TestRunner.java:744)
	at org.testng.TestRunner.run(TestRunner.java:602)
	at org.testng.SuiteRunner.runTest(SuiteRunner.java:380)
	at org.testng.SuiteRunner.access$000(SuiteRunner.java:39)
	at org.testng.SuiteRunner$SuiteWorker.run(SuiteRunner.java:414)
	at org.testng.internal.thread.ThreadUtil$1.call(ThreadUtil.java:52)
	at java.util.concurrent.FutureTask.run(FutureTask.java:266)
	at java.util.concurrent.ThreadPoolExecutor.runWorker(ThreadPoolExecutor.java:1142)
	at java.util.concurrent.ThreadPoolExecutor$Worker.run(ThreadPoolExecutor.java:617)
	at java.lang.Thread.run(Thread.java:745)
]]>
            </full-stacktrace>
          </exception> <!-- org.openqa.selenium.NoSuchElementException -->
          <reporter-output>
          </reporter-output>
        </test-method> <!-- QA102_ViewAndModifyAnOrder_ViaOrderSets -->
        <test-method status="PASS" signature="afterMethod(org.testng.ITestContext, org.testng.ITestResult, java.lang.reflect.Method)[pri:0, instance:bluestrata.tests.functionalTests.ClinicalTestCases@4cc8eb05]" name="afterMethod" is-config="true" duration-ms="5918" started-at="2018-10-31T20:32:27Z" finished-at="2018-10-31T20:32:33Z">
          <params>
            <param index="0">
              <value>
                <![CDATA[org.testng.TestRunner@7f1a4262]]>
              </value>
            </param>
            <param index="1">
              <value>
                <![CDATA[[TestResult name=QA102_ViewAndModifyAnOrder_ViaOrderSets status=FAILURE method=ClinicalTestCases.QA102_ViewAndModifyAnOrder_ViaOrderSets(org.testng.ITestContext)[pri:0, instance:bluestrata.tests.functionalTests.ClinicalTestCases@4cc8eb05] output={null}]]]>
              </value>
            </param>
            <param index="2">
              <value>
                <![CDATA[public void bluestrata.tests.functionalTests.ClinicalTestCases.QA102_ViewAndModifyAnOrder_ViaOrderSets(org.testng.ITestContext) throws java.awt.AWTException,java.lang.InterruptedException]]>
              </value>
            </param>
          </params>
          <reporter-output>
          </reporter-output>
        </test-method> <!-- afterMethod -->
        <test-method status="PASS" signature="afterTest(org.testng.ITestContext)[pri:0, instance:bluestrata.tests.functionalTests.ClinicalTestCases@4cc8eb05]" name="afterTest" is-config="true" duration-ms="48" started-at="2018-10-31T20:32:33Z" finished-at="2018-10-31T20:32:33Z">
          <params>
            <param index="0">
              <value>
                <![CDATA[org.testng.TestRunner@7f1a4262]]>
              </value>
            </param>
          </params>
          <reporter-output>
          </reporter-output>
        </test-method> <!-- afterTest -->
        <test-method status="PASS" signature="afterSuite(org.testng.ITestContext)[pri:0, instance:bluestrata.tests.functionalTests.ClinicalTestCases@4cc8eb05]" name="afterSuite" is-config="true" duration-ms="47" started-at="2018-10-31T20:32:33Z" finished-at="2018-10-31T20:32:33Z">
          <params>
            <param index="0">
              <value>
                <![CDATA[org.testng.TestRunner@7f1a4262]]>
              </value>
            </param>
          </params>
          <reporter-output>
          </reporter-output>
        </test-method> <!-- afterSuite -->
      </class> <!-- bluestrata.tests.functionalTests.ClinicalTestCases -->
    </test> <!-- Orders Test Scripts -->
  </suite> <!-- SuiteRegression -->
</testng-results>
