<?xml version="1.0" encoding="UTF-8"?>
<!-- Generated by org.testng.reporters.JUnitReportReporter -->
<testsuite skipped="0" hostname="HW1562" name="aut.tests.functionaltests.FacilityAppTestCases" tests="12" failures="0" timestamp="02 Aug 2018 18:33:59 GMT" time="18079.352" errors="1">
  <testcase name="QA037_CreateAnOrderSetsviaFacilityAppfor_DetailsType" time="131.520" classname="aut.tests.functionaltests.FacilityAppTestCases"/>
  <testcase name="QA038_AddingFrequencyInNewlyCreatedOrderSetsViaFacilityAppFor_DetailsType_WithFrequencyType_Routine" time="664.672" classname="aut.tests.functionaltests.FacilityAppTestCases"/>
  <testcase name="QA039_FrequencyFieldSelection_WithFrequencyType_Routine" time="9611.772" classname="aut.tests.functionaltests.FacilityAppTestCases"/>
  <testcase name="QA040_HowOftenFieldSelection_WithFrequencyType_Routine" time="2606.896" classname="aut.tests.functionaltests.FacilityAppTestCases"/>
  <testcase name="QA041_AddingFrequencyInNewCreatedOrderSetsVia_FacilityAppForDetailsType_WithFrequencyType_PNR" time="797.496" classname="aut.tests.functionaltests.FacilityAppTestCases"/>
  <testcase name="QA042_AddingFrequencyInNewCreatedOrderSetsVia_FacilityAppForDetailsType_WithFrequencyType_PNREveryHour" time="821.247" classname="aut.tests.functionaltests.FacilityAppTestCases"/>
  <testcase name="QA043_CreateAnOrderSetsVia_FacilityApp_ForDetailsType_TreatmentWithMedication_And_Medication" time="171.296" classname="aut.tests.functionaltests.FacilityAppTestCases">
    <error type="org.openqa.selenium.NoSuchElementException" message="Unable to find element with xpath == //datatable-scroller[@class=&#039;datatable-scroll ng-star-inserted&#039;]//span[text()=&#039;Amoxicillin 250 MG Capsule&#039;]
For documentation on this error, please visit: http://seleniumhq.org/exceptions/no_such_element.html
Build info: version: &#039;3.6.0&#039;, revision: &#039;6fbf3ec767&#039;, time: &#039;2017-09-27T15:28:36.4Z&#039;
System info: host: &#039;HW1562&#039;, ip: &#039;10.11.4.37&#039;, os.name: &#039;Windows 7&#039;, os.arch: &#039;amd64&#039;, os.version: &#039;6.1&#039;, java.version: &#039;1.8.0_141&#039;
Driver info: org.openqa.selenium.ie.InternetExplorerDriver
Capabilities [{proxy=Proxy(), acceptInsecureCerts=false, browserVersion=11, se:ieOptions={nativeEvents=true, browserAttachTimeout=0, ie.ensureCleanSession=true, elementScrollBehavior=0, enablePersistentHover=true, ie.browserCommandLineSwitches=, ie.forceCreateProcessApi=false, requireWindowFocus=false, initialBrowserUrl=http://localhost:4080/, ignoreZoomSetting=false, ie.fileUploadDialogTimeout=3000, ignoreProtectedModeSettings=false}, timeouts={implicit=0, pageLoad=300000, script=30000}, browserName=internet explorer, pageLoadStrategy=normal, javascriptEnabled=true, platformName=WINDOWS, setWindowRect=true, platform=WINDOWS}]
Session ID: 15bd152f-b973-46e4-b090-4893713483c7
*** Element info: {Using=xpath, value=//datatable-scroller[@class=&#039;datatable-scroll ng-star-inserted&#039;]//span[text()=&#039;Amoxicillin 250 MG Capsule&#039;]}">
      <![CDATA[org.openqa.selenium.NoSuchElementException: Unable to find element with xpath == //datatable-scroller[@class='datatable-scroll ng-star-inserted']//span[text()='Amoxicillin 250 MG Capsule']
For documentation on this error, please visit: http://seleniumhq.org/exceptions/no_such_element.html
Build info: version: '3.6.0', revision: '6fbf3ec767', time: '2017-09-27T15:28:36.4Z'
System info: host: 'HW1562', ip: '10.11.4.37', os.name: 'Windows 7', os.arch: 'amd64', os.version: '6.1', java.version: '1.8.0_141'
Driver info: org.openqa.selenium.ie.InternetExplorerDriver
Capabilities [{proxy=Proxy(), acceptInsecureCerts=false, browserVersion=11, se:ieOptions={nativeEvents=true, browserAttachTimeout=0, ie.ensureCleanSession=true, elementScrollBehavior=0, enablePersistentHover=true, ie.browserCommandLineSwitches=, ie.forceCreateProcessApi=false, requireWindowFocus=false, initialBrowserUrl=http://localhost:4080/, ignoreZoomSetting=false, ie.fileUploadDialogTimeout=3000, ignoreProtectedModeSettings=false}, timeouts={implicit=0, pageLoad=300000, script=30000}, browserName=internet explorer, pageLoadStrategy=normal, javascriptEnabled=true, platformName=WINDOWS, setWindowRect=true, platform=WINDOWS}]
Session ID: 15bd152f-b973-46e4-b090-4893713483c7
*** Element info: {Using=xpath, value=//datatable-scroller[@class='datatable-scroll ng-star-inserted']//span[text()='Amoxicillin 250 MG Capsule']}
	at sun.reflect.NativeConstructorAccessorImpl.newInstance0(Native Method)
	at sun.reflect.NativeConstructorAccessorImpl.newInstance(Unknown Source)
	at sun.reflect.DelegatingConstructorAccessorImpl.newInstance(Unknown Source)
	at java.lang.reflect.Constructor.newInstance(Unknown Source)
	at org.openqa.selenium.remote.http.W3CHttpResponseCodec.createException(W3CHttpResponseCodec.java:187)
	at org.openqa.selenium.remote.http.W3CHttpResponseCodec.decode(W3CHttpResponseCodec.java:122)
	at org.openqa.selenium.remote.http.W3CHttpResponseCodec.decode(W3CHttpResponseCodec.java:49)
	at org.openqa.selenium.remote.HttpCommandExecutor.execute(HttpCommandExecutor.java:160)
	at org.openqa.selenium.remote.service.DriverCommandExecutor.execute(DriverCommandExecutor.java:83)
	at org.openqa.selenium.remote.RemoteWebDriver.execute(RemoteWebDriver.java:601)
	at org.openqa.selenium.remote.RemoteWebDriver.findElement(RemoteWebDriver.java:371)
	at org.openqa.selenium.remote.RemoteWebDriver.findElementByXPath(RemoteWebDriver.java:473)
	at org.openqa.selenium.By$ByXPath.findElement(By.java:361)
	at org.openqa.selenium.remote.RemoteWebDriver.findElement(RemoteWebDriver.java:363)
	at aut.bluestrata.pages.FacilityPage.CreateOrderSetDescription(FacilityPage.java:297)
	at aut.tests.functionaltests.FacilityAppTestCases.QA043_CreateAnOrderSetsVia_FacilityApp_ForDetailsType_TreatmentWithMedication_And_Medication(FacilityAppTestCases.java:494)
	at sun.reflect.NativeMethodAccessorImpl.invoke0(Native Method)
	at sun.reflect.NativeMethodAccessorImpl.invoke(Unknown Source)
	at sun.reflect.DelegatingMethodAccessorImpl.invoke(Unknown Source)
	at java.lang.reflect.Method.invoke(Unknown Source)
	at org.testng.internal.MethodInvocationHelper.invokeMethod(MethodInvocationHelper.java:108)
	at org.testng.internal.Invoker.invokeMethod(Invoker.java:661)
	at org.testng.internal.Invoker.invokeTestMethod(Invoker.java:869)
	at org.testng.internal.Invoker.invokeTestMethods(Invoker.java:1193)
	at org.testng.internal.TestMethodWorker.invokeTestMethods(TestMethodWorker.java:126)
	at org.testng.internal.TestMethodWorker.run(TestMethodWorker.java:109)
	at org.testng.TestRunner.privateRun(TestRunner.java:744)
	at org.testng.TestRunner.run(TestRunner.java:602)
	at org.testng.SuiteRunner.runTest(SuiteRunner.java:380)
	at org.testng.SuiteRunner.access$000(SuiteRunner.java:39)
	at org.testng.SuiteRunner$SuiteWorker.run(SuiteRunner.java:414)
	at org.testng.internal.thread.ThreadUtil$1.call(ThreadUtil.java:52)
	at java.util.concurrent.FutureTask.run(Unknown Source)
	at java.util.concurrent.ThreadPoolExecutor.runWorker(Unknown Source)
	at java.util.concurrent.ThreadPoolExecutor$Worker.run(Unknown Source)
	at java.lang.Thread.run(Unknown Source)
]]>
    </error>
  </testcase> <!-- QA043_CreateAnOrderSetsVia_FacilityApp_ForDetailsType_TreatmentWithMedication_And_Medication -->
  <testcase name="QA044_AddingFrequencyIn_NewCreateAnOrderSetsVia_FacilityApp_ForDetailsType_TreatmentWithMedication_And_Medication_WithFrequencyType_Routine" time="999.887" classname="aut.tests.functionaltests.FacilityAppTestCases"/>
  <testcase name="QA045_AddingFrequencyIn_NewCreateAnOrderSetsVia_FacilityApp_ForDetailsType_TreatmentWithMedication_And_Medication_WithFrequencyType_PNR" time="394.292" classname="aut.tests.functionaltests.FacilityAppTestCases"/>
  <testcase name="QA046_AddingFrequencyIn_NewCreateAnOrderSetsVia_FacilityApp_ForDetailsType_TreatmentWithMedication_And_Medication_WithFrequencyType_PNREveryHour" time="398.695" classname="aut.tests.functionaltests.FacilityAppTestCases"/>
  <testcase name="QA047_AddMultipleOrdersetsWithinOneOrdersetTemplate" time="309.512" classname="aut.tests.functionaltests.FacilityAppTestCases"/>
  <testcase name="QA048_UpdatingOrRemovingOrder_LibrariesViaFacilityAppForDetailsType" time="1172.068" classname="aut.tests.functionaltests.FacilityAppTestCases"/>
</testsuite> <!-- aut.tests.functionaltests.FacilityAppTestCases -->
