<?xml version="1.0" encoding="UTF-8"?>
<!-- Generated by org.testng.reporters.JUnitXMLReporter -->
<testsuite hostname="HW1562" ignored="0" name="Test" tests="20" failures="2" timestamp="12 Jun 2018 19:53:27 GMT" time="22406.742" errors="0">
  <testcase name="QA090_OrderCreationViaClinicalAPP" time="117.639" classname="aut.tests.functionaltests.ClinicalTestCases"/>
  <testcase name="QA091_ResidentOrders_CreateAnOrderUsingDetailsType" time="677.909" classname="aut.tests.functionaltests.ClinicalTestCases"/>
  <testcase name="QA092_AddingFrequencyFromResidentOrders_CreateAnOrderWithFrequencyRoutine" time="916.502" classname="aut.tests.functionaltests.ClinicalTestCases"/>
  <testcase name="QA093_FrequencyFieldSelectionWhen_FrequencyTypeRoutine" time="230.864" classname="aut.tests.functionaltests.ClinicalTestCases">
    <failure type="org.openqa.selenium.NoSuchElementException" message="Unable to find element with css selector == #query
For documentation on this error, please visit: http://seleniumhq.org/exceptions/no_such_element.html
Build info: version: &amp;apos;3.6.0&amp;apos;, revision: &amp;apos;6fbf3ec767&amp;apos;, time: &amp;apos;2017-09-27T15:28:36.4Z&amp;apos;
System info: host: &amp;apos;HW1562&amp;apos;, ip: &amp;apos;10.11.4.36&amp;apos;, os.name: &amp;apos;Windows 7&amp;apos;, os.arch: &amp;apos;amd64&amp;apos;, os.version: &amp;apos;6.1&amp;apos;, java.version: &amp;apos;1.8.0_141&amp;apos;
Driver info: org.openqa.selenium.ie.InternetExplorerDriver
Capabilities [{proxy=Proxy(), acceptInsecureCerts=false, browserVersion=11, se:ieOptions={nativeEvents=true, browserAttachTimeout=0, ie.ensureCleanSession=true, elementScrollBehavior=0, enablePersistentHover=true, ie.browserCommandLineSwitches=, ie.forceCreateProcessApi=false, requireWindowFocus=false, initialBrowserUrl=http://localhost:35698/, ignoreZoomSetting=false, ie.fileUploadDialogTimeout=3000, ignoreProtectedModeSettings=false}, timeouts={implicit=0, pageLoad=300000, script=30000}, browserName=internet explorer, pageLoadStrategy=normal, javascriptEnabled=true, platformName=WINDOWS, setWindowRect=true, platform=WINDOWS}]
Session ID: 94b97bfd-d5e6-4b28-8953-2bb335d943ae
*** Element info: {Using=id, value=query}">
      <![CDATA[org.openqa.selenium.NoSuchElementException: Unable to find element with css selector == #query
For documentation on this error, please visit: http://seleniumhq.org/exceptions/no_such_element.html
Build info: version: '3.6.0', revision: '6fbf3ec767', time: '2017-09-27T15:28:36.4Z'
System info: host: 'HW1562', ip: '10.11.4.36', os.name: 'Windows 7', os.arch: 'amd64', os.version: '6.1', java.version: '1.8.0_141'
Driver info: org.openqa.selenium.ie.InternetExplorerDriver
Capabilities [{proxy=Proxy(), acceptInsecureCerts=false, browserVersion=11, se:ieOptions={nativeEvents=true, browserAttachTimeout=0, ie.ensureCleanSession=true, elementScrollBehavior=0, enablePersistentHover=true, ie.browserCommandLineSwitches=, ie.forceCreateProcessApi=false, requireWindowFocus=false, initialBrowserUrl=http://localhost:35698/, ignoreZoomSetting=false, ie.fileUploadDialogTimeout=3000, ignoreProtectedModeSettings=false}, timeouts={implicit=0, pageLoad=300000, script=30000}, browserName=internet explorer, pageLoadStrategy=normal, javascriptEnabled=true, platformName=WINDOWS, setWindowRect=true, platform=WINDOWS}]
Session ID: 94b97bfd-d5e6-4b28-8953-2bb335d943ae
*** Element info: {Using=id, value=query}
	at org.openqa.selenium.remote.http.W3CHttpResponseCodec.createException(W3CHttpResponseCodec.java:187)
	at org.openqa.selenium.remote.http.W3CHttpResponseCodec.decode(W3CHttpResponseCodec.java:122)
	at org.openqa.selenium.remote.http.W3CHttpResponseCodec.decode(W3CHttpResponseCodec.java:49)
	at org.openqa.selenium.remote.HttpCommandExecutor.execute(HttpCommandExecutor.java:158)
	at org.openqa.selenium.remote.service.DriverCommandExecutor.execute(DriverCommandExecutor.java:83)
	at org.openqa.selenium.remote.RemoteWebDriver.execute(RemoteWebDriver.java:545)
	at org.openqa.selenium.remote.RemoteWebDriver.findElement(RemoteWebDriver.java:319)
	at org.openqa.selenium.remote.RemoteWebDriver.findElementById(RemoteWebDriver.java:365)
	at org.openqa.selenium.By$ById.findElement(By.java:218)
	at org.openqa.selenium.remote.RemoteWebDriver.findElement(RemoteWebDriver.java:311)
	at dweb.aut.pages.templates.PageTemplate.SendKeysToElementClearFirst(PageTemplate.java:520)
	at aut.bluestrata.pages.PhysicianPortalPage.CreateAnOrderWithOrderDetails(PhysicianPortalPage.java:317)
	at aut.tests.functionaltests.ClinicalTestCases.QA093_FrequencyFieldSelectionWhen_FrequencyTypeRoutine(ClinicalTestCases.java:413)
	at java.util.concurrent.FutureTask.run(Unknown Source)
	at java.util.concurrent.ThreadPoolExecutor.runWorker(Unknown Source)
	at java.util.concurrent.ThreadPoolExecutor$Worker.run(Unknown Source)
	at java.lang.Thread.run(Unknown Source)
... Removed 20 stack frames]]>
    </failure>
  </testcase> <!-- QA093_FrequencyFieldSelectionWhen_FrequencyTypeRoutine -->
  <testcase name="QA094_HowOftenFieldSelectionWhen_FrequencyTypeRoutine" time="2202.713" classname="aut.tests.functionaltests.ClinicalTestCases"/>
  <testcase name="QA095_AddingFrequencyFromOrders_WithFrequencyPRN" time="860.1" classname="aut.tests.functionaltests.ClinicalTestCases"/>
  <testcase name="QA096_AddingFrequencyFromResidentOrder_WithFrequencyPRNEveryHour" time="870.076" classname="aut.tests.functionaltests.ClinicalTestCases"/>
  <testcase name="QA097_ResidentOrders_CreateAnOrderUsingDetailsTypeTreatmentWithMedication_And_Medication" time="1758.465" classname="aut.tests.functionaltests.ClinicalTestCases"/>
  <testcase name="QA098_ResidentOrders_CreateAnOrderUsingDetailsTypeTreatmentWithMedication_And_Medication_FrequencyTypeRoutine" time="882.571" classname="aut.tests.functionaltests.ClinicalTestCases"/>
  <testcase name="QA099_ResidentOrders_CreateAnOrderUsingDetailsTypeTreatmentWithMedication_And_Medication_WithFrequencyPRNEveryHour" time="612.728" classname="aut.tests.functionaltests.ClinicalTestCases"/>
  <testcase name="QA100_ResidentOrders_CreateAnOrderUsingDetailsTypeTreatmentWithMedication_And_Medication_WithFrequencyPRN" time="600.908" classname="aut.tests.functionaltests.ClinicalTestCases"/>
  <testcase name="QA101_CreateAnOrder_ViaOrderSets" time="919.688" classname="aut.tests.functionaltests.ClinicalTestCases"/>
  <testcase name="QA102_ViewAndModifyAnOrder_ViaOrderSets" time="85.609" classname="aut.tests.functionaltests.ClinicalTestCases">
    <failure type="java.lang.NullPointerException">
      <![CDATA[java.lang.NullPointerException
	at aut.tests.functionaltests.ClinicalTestCases.QA102_ViewAndModifyAnOrder_ViaOrderSets(ClinicalTestCases.java:1640)
	at java.util.concurrent.FutureTask.run(Unknown Source)
	at java.util.concurrent.ThreadPoolExecutor.runWorker(Unknown Source)
	at java.util.concurrent.ThreadPoolExecutor$Worker.run(Unknown Source)
	at java.lang.Thread.run(Unknown Source)
... Removed 16 stack frames]]>
    </failure>
  </testcase> <!-- QA102_ViewAndModifyAnOrder_ViaOrderSets -->
  <testcase name="QA103_VerifyAnOrder_ViaOrderSetsOrCreateAnOrder" time="531.064" classname="aut.tests.functionaltests.ClinicalTestCases"/>
  <testcase name="QA104_VerifyAndModifyAnOrder_ViaOrderSetsOrCreateAnOrder" time="1730.326" classname="aut.tests.functionaltests.ClinicalTestCases"/>
  <testcase name="QA105_SignAnOrder_ViaOrderSetsOrCreateAnOrder" time="671.555" classname="aut.tests.functionaltests.ClinicalTestCases"/>
  <testcase name="QA106_ViewAndModifyAnOrder_ViaOrderSetsOrCreateAnOrder" time="2453.104" classname="aut.tests.functionaltests.ClinicalTestCases"/>
  <testcase name="QA107_RecapAnOrder_ViaOrderSetsOrCreateAnOrder" time="1857.136" classname="aut.tests.functionaltests.ClinicalTestCases"/>
  <testcase name="QA108_SignatureOnRecap_Wheather_OrderCreatedFromOrder_Or_FromSets" time="779.052" classname="aut.tests.functionaltests.ClinicalTestCases"/>
  <testcase name="QA109_ViewAndModify_Recaps" time="2219.497" classname="aut.tests.functionaltests.ClinicalTestCases"/>
</testsuite> <!-- Test -->
